#
# There is insufficient memory for the Java Runtime Environment to continue.
# Native memory allocation (malloc) failed to allocate 32784 bytes for Chunk::new
# Possible reasons:
#   The system is out of physical RAM or swap space
#   The process is running with CompressedOops enabled, and the Java Heap may be blocking the growth of the native heap
# Possible solutions:
#   Reduce memory load on the system
#   Increase physical memory or swap space
#   Check if swap backing store is full
#   Decrease Java heap size (-Xmx/-Xms)
#   Decrease number of Java threads
#   Decrease Java thread stack sizes (-Xss)
#   Set larger code cache with -XX:ReservedCodeCacheSize=
#   JVM is running with Unscaled Compressed Oops mode in which the Java heap is
#     placed in the first 4GB address space. The Java Heap base address is the
#     maximum limit for the native heap growth. Please use -XX:HeapBaseMinAddress
#     to set the Java Heap base and to place the Java Heap above 4GB virtual address.
# This output file may be truncated or incomplete.
#
#  Out of Memory Error (arena.cpp:184), pid=924, tid=35288
#
# JRE version: Java(TM) SE Runtime Environment (19.0.1+10) (build 19.0.1+10-21)
# Java VM: Java HotSpot(TM) 64-Bit Server VM (19.0.1+10-21, mixed mode, sharing, tiered, compressed oops, compressed class ptrs, g1 gc, windows-amd64)
# No core dump will be written. Minidumps are not enabled by default on client versions of Windows
#

---------------  S U M M A R Y ------------

Command Line: -Dfile.encoding=UTF-8 --module-path=C:\Users\Lenovo\OneDrive\Documents\NetBeansProjects\Bank management system\build\classes bank.management.system.Login

Host: 12th Gen Intel(R) Core(TM) i3-1215U, 8 cores, 7G,  Windows 11 , 64 bit Build 22621 (10.0.22621.3085)
Time: Wed Feb 28 09:55:09 2024 India Standard Time elapsed time: 20.397134 seconds (0d 0h 0m 20s)

---------------  T H R E A D  ---------------

Current thread (0x000001f57aef98f0):  JavaThread "C1 CompilerThread0" daemon [_thread_in_native, id=35288, stack(0x000000bbdac00000,0x000000bbdad00000)]


Current CompileTask:
C1:  20397 1463   !   3       java.awt.DefaultKeyboardFocusManager::dispatchEvent (1625 bytes)

Stack: [0x000000bbdac00000,0x000000bbdad00000]
Native frames: (J=compiled Java code, j=interpreted, Vv=VM code, C=native code)
V  [jvm.dll+0x6ee8fa]
V  [jvm.dll+0x857a1e]
V  [jvm.dll+0x85940e]
V  [jvm.dll+0x859ac3]
V  [jvm.dll+0x28291f]
V  [jvm.dll+0xc9b5f]
V  [jvm.dll+0xc9ee5]
V  [jvm.dll+0xd58cd]
V  [jvm.dll+0x19a8ac]
V  [jvm.dll+0x18f185]
V  [jvm.dll+0x18adfe]
V  [jvm.dll+0x178ab0]
V  [jvm.dll+0x1616b7]
V  [jvm.dll+0x161022]
V  [jvm.dll+0x161278]
V  [jvm.dll+0x1606d6]
V  [jvm.dll+0x1623cd]
V  [jvm.dll+0x25b0fa]
V  [jvm.dll+0x259588]
V  [jvm.dll+0x807928]
V  [jvm.dll+0x8015fa]
V  [jvm.dll+0x6ed5eb]
C  [ucrtbase.dll+0x29363]
C  [KERNEL32.DLL+0x1257d]
C  [ntdll.dll+0x5aa58]


---------------  P R O C E S S  ---------------

Threads class SMR info:
_java_thread_list=0x000001f50f7edfd0, length=17, elements={
0x000001f57aee60b0, 0x000001f57aee6ca0, 0x000001f57aeeab40, 0x000001f57aeec480,
0x000001f57aeef560, 0x000001f57aeefe90, 0x000001f57aef4780, 0x000001f57aef98f0,
0x000001f57af187f0, 0x000001f57aeba120, 0x000001f57f2ad610, 0x000001f57f41ccb0,
0x000001f57f423cc0, 0x000001f57f426cc0, 0x000001f57f4d8fa0, 0x000001f56b8ad1f0,
0x000001f50f1fd970
}

Java Threads: ( => current thread )
  0x000001f57aee60b0 JavaThread "Reference Handler" daemon [_thread_blocked, id=1616, stack(0x000000bbda500000,0x000000bbda600000)]
  0x000001f57aee6ca0 JavaThread "Finalizer" daemon [_thread_blocked, id=29812, stack(0x000000bbda600000,0x000000bbda700000)]
  0x000001f57aeeab40 JavaThread "Signal Dispatcher" daemon [_thread_blocked, id=18304, stack(0x000000bbda700000,0x000000bbda800000)]
  0x000001f57aeec480 JavaThread "Attach Listener" daemon [_thread_blocked, id=3988, stack(0x000000bbda800000,0x000000bbda900000)]
  0x000001f57aeef560 JavaThread "Service Thread" daemon [_thread_blocked, id=744, stack(0x000000bbda900000,0x000000bbdaa00000)]
  0x000001f57aeefe90 JavaThread "Monitor Deflation Thread" daemon [_thread_blocked, id=36584, stack(0x000000bbdaa00000,0x000000bbdab00000)]
  0x000001f57aef4780 JavaThread "C2 CompilerThread0" daemon [_thread_blocked, id=18108, stack(0x000000bbdab00000,0x000000bbdac00000)]
=>0x000001f57aef98f0 JavaThread "C1 CompilerThread0" daemon [_thread_in_native, id=35288, stack(0x000000bbdac00000,0x000000bbdad00000)]
  0x000001f57af187f0 JavaThread "Sweeper thread" daemon [_thread_blocked, id=18892, stack(0x000000bbdad00000,0x000000bbdae00000)]
  0x000001f57aeba120 JavaThread "Common-Cleaner" daemon [_thread_blocked, id=26000, stack(0x000000bbdae00000,0x000000bbdaf00000)]
  0x000001f57f2ad610 JavaThread "Notification Thread" daemon [_thread_blocked, id=15400, stack(0x000000bbdaf00000,0x000000bbdb000000)]
  0x000001f57f41ccb0 JavaThread "Java2D Disposer" daemon [_thread_blocked, id=22436, stack(0x000000bbdb100000,0x000000bbdb200000)]
  0x000001f57f423cc0 JavaThread "AWT-Shutdown" [_thread_blocked, id=4020, stack(0x000000bbdb200000,0x000000bbdb300000)]
  0x000001f57f426cc0 JavaThread "AWT-Windows" daemon [_thread_in_native, id=34676, stack(0x000000bbdb300000,0x000000bbdb400000)]
  0x000001f57f4d8fa0 JavaThread "AWT-EventQueue-0" [_thread_in_native, id=9912, stack(0x000000bbdb500000,0x000000bbdb600000)]
  0x000001f56b8ad1f0 JavaThread "DestroyJavaVM" [_thread_blocked, id=10628, stack(0x000000bbd9e00000,0x000000bbd9f00000)]
  0x000001f50f1fd970 JavaThread "TimerQueue" daemon [_thread_blocked, id=35524, stack(0x000000bbdb900000,0x000000bbdba00000)]

Other Threads:
  0x000001f57aecc1b0 VMThread "VM Thread" [stack: 0x000000bbda400000,0x000000bbda500000] [id=14996]
  0x000001f57f2bdb30 WatcherThread "VM Periodic Task Thread" [stack: 0x000000bbdb000000,0x000000bbdb100000] [id=21468]
  0x000001f56b90cc90 WorkerThread "GC Thread#0" [stack: 0x000000bbd9f00000,0x000000bbda000000] [id=5292]
  0x000001f56b91d510 ConcurrentGCThread "G1 Main Marker" [stack: 0x000000bbda000000,0x000000bbda100000] [id=8596]
  0x000001f56b91e6e0 WorkerThread "G1 Conc#0" [stack: 0x000000bbda100000,0x000000bbda200000] [id=6980]
  0x000001f56b96e840 ConcurrentGCThread "G1 Refine#0" [stack: 0x000000bbda200000,0x000000bbda300000] [id=24308]
  0x000001f57ad86560 ConcurrentGCThread "G1 Service" [stack: 0x000000bbda300000,0x000000bbda400000] [id=22116]

Threads with active compile tasks:
C1 CompilerThread0    20422 1463   !   3       java.awt.DefaultKeyboardFocusManager::dispatchEvent (1625 bytes)

VM state: not at safepoint (normal execution)

VM Mutex/Monitor currently owned by a thread: None

Heap address: 0x0000000084400000, size: 1980 MB, Compressed Oops mode: 32-bit

CDS archive(s) mapped at: [0x0000000800000000-0x0000000800c40000-0x0000000800c40000), size 12845056, SharedBaseAddress: 0x0000000800000000, ArchiveRelocationMode: 0.
Compressed class space mapped at: 0x0000000801000000-0x0000000841000000, reserved size: 1073741824
Narrow klass base: 0x0000000800000000, Narrow klass shift: 0, Narrow klass range: 0x100000000

GC Precious Log:
 CardTable entry size: 512
 Card Set container configuration: InlinePtr #cards 5 size 8 Array Of Cards #cards 12 size 40 Howl #buckets 4 coarsen threshold 1843 Howl Bitmap #cards 512 size 80 coarsen threshold 460 Card regions per heap region 1 cards per card region 2048
 CPUs: 8 total, 8 available
 Memory: 7916M
 Large Page Support: Disabled
 NUMA Support: Disabled
 Compressed Oops: Enabled (32-bit)
 Heap Region Size: 1M
 Heap Min Capacity: 8M
 Heap Initial Capacity: 124M
 Heap Max Capacity: 1980M
 Pre-touch: Disabled
 Parallel Workers: 8
 Concurrent Workers: 2
 Concurrent Refinement Workers: 8
 Periodic GC: Disabled

Heap:
 garbage-first heap   total 126976K, used 21504K [0x0000000084400000, 0x0000000100000000)
  region size 1024K, 20 young (20480K), 0 survivors (0K)
 Metaspace       used 8627K, committed 8896K, reserved 1114112K
  class space    used 904K, committed 1024K, reserved 1048576K

Heap Regions: E=young(eden), S=young(survivor), O=old, HS=humongous(starts), HC=humongous(continues), CS=collection set, F=free, OA=open archive, CA=closed archive, TAMS=top-at-mark-start (previous, next)
|   0|0x0000000084400000, 0x0000000084500000, 0x0000000084500000|100%|HS|  |TAMS 0x0000000084400000, 0x0000000084400000| Complete 
|   1|0x0000000084500000, 0x0000000084600000, 0x0000000084600000|100%|HC|  |TAMS 0x0000000084500000, 0x0000000084500000| Complete 
|   2|0x0000000084600000, 0x0000000084700000, 0x0000000084700000|100%|HC|  |TAMS 0x0000000084600000, 0x0000000084600000| Complete 
|   3|0x0000000084700000, 0x0000000084700000, 0x0000000084800000|  0%| F|  |TAMS 0x0000000084700000, 0x0000000084700000| Untracked 
|   4|0x0000000084800000, 0x0000000084800000, 0x0000000084900000|  0%| F|  |TAMS 0x0000000084800000, 0x0000000084800000| Untracked 
|   5|0x0000000084900000, 0x0000000084900000, 0x0000000084a00000|  0%| F|  |TAMS 0x0000000084900000, 0x0000000084900000| Untracked 
|   6|0x0000000084a00000, 0x0000000084a00000, 0x0000000084b00000|  0%| F|  |TAMS 0x0000000084a00000, 0x0000000084a00000| Untracked 
|   7|0x0000000084b00000, 0x0000000084b00000, 0x0000000084c00000|  0%| F|  |TAMS 0x0000000084b00000, 0x0000000084b00000| Untracked 
|   8|0x0000000084c00000, 0x0000000084c00000, 0x0000000084d00000|  0%| F|  |TAMS 0x0000000084c00000, 0x0000000084c00000| Untracked 
|   9|0x0000000084d00000, 0x0000000084d00000, 0x0000000084e00000|  0%| F|  |TAMS 0x0000000084d00000, 0x0000000084d00000| Untracked 
|  10|0x0000000084e00000, 0x0000000084e00000, 0x0000000084f00000|  0%| F|  |TAMS 0x0000000084e00000, 0x0000000084e00000| Untracked 
|  11|0x0000000084f00000, 0x0000000084f00000, 0x0000000085000000|  0%| F|  |TAMS 0x0000000084f00000, 0x0000000084f00000| Untracked 
|  12|0x0000000085000000, 0x0000000085000000, 0x0000000085100000|  0%| F|  |TAMS 0x0000000085000000, 0x0000000085000000| Untracked 
|  13|0x0000000085100000, 0x0000000085100000, 0x0000000085200000|  0%| F|  |TAMS 0x0000000085100000, 0x0000000085100000| Untracked 
|  14|0x0000000085200000, 0x0000000085200000, 0x0000000085300000|  0%| F|  |TAMS 0x0000000085200000, 0x0000000085200000| Untracked 
|  15|0x0000000085300000, 0x0000000085300000, 0x0000000085400000|  0%| F|  |TAMS 0x0000000085300000, 0x0000000085300000| Untracked 
|  16|0x0000000085400000, 0x0000000085400000, 0x0000000085500000|  0%| F|  |TAMS 0x0000000085400000, 0x0000000085400000| Untracked 
|  17|0x0000000085500000, 0x0000000085500000, 0x0000000085600000|  0%| F|  |TAMS 0x0000000085500000, 0x0000000085500000| Untracked 
|  18|0x0000000085600000, 0x0000000085600000, 0x0000000085700000|  0%| F|  |TAMS 0x0000000085600000, 0x0000000085600000| Untracked 
|  19|0x0000000085700000, 0x0000000085700000, 0x0000000085800000|  0%| F|  |TAMS 0x0000000085700000, 0x0000000085700000| Untracked 
|  20|0x0000000085800000, 0x0000000085800000, 0x0000000085900000|  0%| F|  |TAMS 0x0000000085800000, 0x0000000085800000| Untracked 
|  21|0x0000000085900000, 0x0000000085900000, 0x0000000085a00000|  0%| F|  |TAMS 0x0000000085900000, 0x0000000085900000| Untracked 
|  22|0x0000000085a00000, 0x0000000085a00000, 0x0000000085b00000|  0%| F|  |TAMS 0x0000000085a00000, 0x0000000085a00000| Untracked 
|  23|0x0000000085b00000, 0x0000000085b00000, 0x0000000085c00000|  0%| F|  |TAMS 0x0000000085b00000, 0x0000000085b00000| Untracked 
|  24|0x0000000085c00000, 0x0000000085c00000, 0x0000000085d00000|  0%| F|  |TAMS 0x0000000085c00000, 0x0000000085c00000| Untracked 
|  25|0x0000000085d00000, 0x0000000085d00000, 0x0000000085e00000|  0%| F|  |TAMS 0x0000000085d00000, 0x0000000085d00000| Untracked 
|  26|0x0000000085e00000, 0x0000000085e00000, 0x0000000085f00000|  0%| F|  |TAMS 0x0000000085e00000, 0x0000000085e00000| Untracked 
|  27|0x0000000085f00000, 0x0000000085f00000, 0x0000000086000000|  0%| F|  |TAMS 0x0000000085f00000, 0x0000000085f00000| Untracked 
|  28|0x0000000086000000, 0x0000000086000000, 0x0000000086100000|  0%| F|  |TAMS 0x0000000086000000, 0x0000000086000000| Untracked 
|  29|0x0000000086100000, 0x0000000086100000, 0x0000000086200000|  0%| F|  |TAMS 0x0000000086100000, 0x0000000086100000| Untracked 
|  30|0x0000000086200000, 0x0000000086200000, 0x0000000086300000|  0%| F|  |TAMS 0x0000000086200000, 0x0000000086200000| Untracked 
|  31|0x0000000086300000, 0x0000000086300000, 0x0000000086400000|  0%| F|  |TAMS 0x0000000086300000, 0x0000000086300000| Untracked 
|  32|0x0000000086400000, 0x0000000086400000, 0x0000000086500000|  0%| F|  |TAMS 0x0000000086400000, 0x0000000086400000| Untracked 
|  33|0x0000000086500000, 0x0000000086500000, 0x0000000086600000|  0%| F|  |TAMS 0x0000000086500000, 0x0000000086500000| Untracked 
|  34|0x0000000086600000, 0x0000000086600000, 0x0000000086700000|  0%| F|  |TAMS 0x0000000086600000, 0x0000000086600000| Untracked 
|  35|0x0000000086700000, 0x0000000086700000, 0x0000000086800000|  0%| F|  |TAMS 0x0000000086700000, 0x0000000086700000| Untracked 
|  36|0x0000000086800000, 0x0000000086800000, 0x0000000086900000|  0%| F|  |TAMS 0x0000000086800000, 0x0000000086800000| Untracked 
|  37|0x0000000086900000, 0x0000000086900000, 0x0000000086a00000|  0%| F|  |TAMS 0x0000000086900000, 0x0000000086900000| Untracked 
|  38|0x0000000086a00000, 0x0000000086a00000, 0x0000000086b00000|  0%| F|  |TAMS 0x0000000086a00000, 0x0000000086a00000| Untracked 
|  39|0x0000000086b00000, 0x0000000086b00000, 0x0000000086c00000|  0%| F|  |TAMS 0x0000000086b00000, 0x0000000086b00000| Untracked 
|  40|0x0000000086c00000, 0x0000000086c00000, 0x0000000086d00000|  0%| F|  |TAMS 0x0000000086c00000, 0x0000000086c00000| Untracked 
|  41|0x0000000086d00000, 0x0000000086d00000, 0x0000000086e00000|  0%| F|  |TAMS 0x0000000086d00000, 0x0000000086d00000| Untracked 
|  42|0x0000000086e00000, 0x0000000086e00000, 0x0000000086f00000|  0%| F|  |TAMS 0x0000000086e00000, 0x0000000086e00000| Untracked 
|  43|0x0000000086f00000, 0x0000000086f00000, 0x0000000087000000|  0%| F|  |TAMS 0x0000000086f00000, 0x0000000086f00000| Untracked 
|  44|0x0000000087000000, 0x0000000087000000, 0x0000000087100000|  0%| F|  |TAMS 0x0000000087000000, 0x0000000087000000| Untracked 
|  45|0x0000000087100000, 0x0000000087100000, 0x0000000087200000|  0%| F|  |TAMS 0x0000000087100000, 0x0000000087100000| Untracked 
|  46|0x0000000087200000, 0x0000000087200000, 0x0000000087300000|  0%| F|  |TAMS 0x0000000087200000, 0x0000000087200000| Untracked 
|  47|0x0000000087300000, 0x0000000087300000, 0x0000000087400000|  0%| F|  |TAMS 0x0000000087300000, 0x0000000087300000| Untracked 
|  48|0x0000000087400000, 0x0000000087400000, 0x0000000087500000|  0%| F|  |TAMS 0x0000000087400000, 0x0000000087400000| Untracked 
|  49|0x0000000087500000, 0x0000000087500000, 0x0000000087600000|  0%| F|  |TAMS 0x0000000087500000, 0x0000000087500000| Untracked 
|  50|0x0000000087600000, 0x0000000087600000, 0x0000000087700000|  0%| F|  |TAMS 0x0000000087600000, 0x0000000087600000| Untracked 
|  51|0x0000000087700000, 0x0000000087700000, 0x0000000087800000|  0%| F|  |TAMS 0x0000000087700000, 0x0000000087700000| Untracked 
|  52|0x0000000087800000, 0x0000000087800000, 0x0000000087900000|  0%| F|  |TAMS 0x0000000087800000, 0x0000000087800000| Untracked 
|  53|0x0000000087900000, 0x0000000087900000, 0x0000000087a00000|  0%| F|  |TAMS 0x0000000087900000, 0x0000000087900000| Untracked 
|  54|0x0000000087a00000, 0x0000000087a00000, 0x0000000087b00000|  0%| F|  |TAMS 0x0000000087a00000, 0x0000000087a00000| Untracked 
|  55|0x0000000087b00000, 0x0000000087b00000, 0x0000000087c00000|  0%| F|  |TAMS 0x0000000087b00000, 0x0000000087b00000| Untracked 
|  56|0x0000000087c00000, 0x0000000087c00000, 0x0000000087d00000|  0%| F|  |TAMS 0x0000000087c00000, 0x0000000087c00000| Untracked 
|  57|0x0000000087d00000, 0x0000000087d00000, 0x0000000087e00000|  0%| F|  |TAMS 0x0000000087d00000, 0x0000000087d00000| Untracked 
|  58|0x0000000087e00000, 0x0000000087e00000, 0x0000000087f00000|  0%| F|  |TAMS 0x0000000087e00000, 0x0000000087e00000| Untracked 
|  59|0x0000000087f00000, 0x0000000087f00000, 0x0000000088000000|  0%| F|  |TAMS 0x0000000087f00000, 0x0000000087f00000| Untracked 
|  60|0x0000000088000000, 0x0000000088000000, 0x0000000088100000|  0%| F|  |TAMS 0x0000000088000000, 0x0000000088000000| Untracked 
|  61|0x0000000088100000, 0x0000000088100000, 0x0000000088200000|  0%| F|  |TAMS 0x0000000088100000, 0x0000000088100000| Untracked 
|  62|0x0000000088200000, 0x0000000088200000, 0x0000000088300000|  0%| F|  |TAMS 0x0000000088200000, 0x0000000088200000| Untracked 
|  63|0x0000000088300000, 0x0000000088300000, 0x0000000088400000|  0%| F|  |TAMS 0x0000000088300000, 0x0000000088300000| Untracked 
|  64|0x0000000088400000, 0x0000000088400000, 0x0000000088500000|  0%| F|  |TAMS 0x0000000088400000, 0x0000000088400000| Untracked 
|  65|0x0000000088500000, 0x0000000088500000, 0x0000000088600000|  0%| F|  |TAMS 0x0000000088500000, 0x0000000088500000| Untracked 
|  66|0x0000000088600000, 0x0000000088600000, 0x0000000088700000|  0%| F|  |TAMS 0x0000000088600000, 0x0000000088600000| Untracked 
|  67|0x0000000088700000, 0x0000000088700000, 0x0000000088800000|  0%| F|  |TAMS 0x0000000088700000, 0x0000000088700000| Untracked 
|  68|0x0000000088800000, 0x0000000088800000, 0x0000000088900000|  0%| F|  |TAMS 0x0000000088800000, 0x0000000088800000| Untracked 
|  69|0x0000000088900000, 0x0000000088900000, 0x0000000088a00000|  0%| F|  |TAMS 0x0000000088900000, 0x0000000088900000| Untracked 
|  70|0x0000000088a00000, 0x0000000088a00000, 0x0000000088b00000|  0%| F|  |TAMS 0x0000000088a00000, 0x0000000088a00000| Untracked 
|  71|0x0000000088b00000, 0x0000000088b00000, 0x0000000088c00000|  0%| F|  |TAMS 0x0000000088b00000, 0x0000000088b00000| Untracked 
|  72|0x0000000088c00000, 0x0000000088c00000, 0x0000000088d00000|  0%| F|  |TAMS 0x0000000088c00000, 0x0000000088c00000| Untracked 
|  73|0x0000000088d00000, 0x0000000088d00000, 0x0000000088e00000|  0%| F|  |TAMS 0x0000000088d00000, 0x0000000088d00000| Untracked 
|  74|0x0000000088e00000, 0x0000000088e00000, 0x0000000088f00000|  0%| F|  |TAMS 0x0000000088e00000, 0x0000000088e00000| Untracked 
|  75|0x0000000088f00000, 0x0000000088f00000, 0x0000000089000000|  0%| F|  |TAMS 0x0000000088f00000, 0x0000000088f00000| Untracked 
|  76|0x0000000089000000, 0x0000000089000000, 0x0000000089100000|  0%| F|  |TAMS 0x0000000089000000, 0x0000000089000000| Untracked 
|  77|0x0000000089100000, 0x0000000089100000, 0x0000000089200000|  0%| F|  |TAMS 0x0000000089100000, 0x0000000089100000| Untracked 
|  78|0x0000000089200000, 0x0000000089200000, 0x0000000089300000|  0%| F|  |TAMS 0x0000000089200000, 0x0000000089200000| Untracked 
|  79|0x0000000089300000, 0x0000000089300000, 0x0000000089400000|  0%| F|  |TAMS 0x0000000089300000, 0x0000000089300000| Untracked 
|  80|0x0000000089400000, 0x0000000089400000, 0x0000000089500000|  0%| F|  |TAMS 0x0000000089400000, 0x0000000089400000| Untracked 
|  81|0x0000000089500000, 0x0000000089500000, 0x0000000089600000|  0%| F|  |TAMS 0x0000000089500000, 0x0000000089500000| Untracked 
|  82|0x0000000089600000, 0x0000000089600000, 0x0000000089700000|  0%| F|  |TAMS 0x0000000089600000, 0x0000000089600000| Untracked 
|  83|0x0000000089700000, 0x0000000089700000, 0x0000000089800000|  0%| F|  |TAMS 0x0000000089700000, 0x0000000089700000| Untracked 
|  84|0x0000000089800000, 0x0000000089800000, 0x0000000089900000|  0%| F|  |TAMS 0x0000000089800000, 0x0000000089800000| Untracked 
|  85|0x0000000089900000, 0x0000000089900000, 0x0000000089a00000|  0%| F|  |TAMS 0x0000000089900000, 0x0000000089900000| Untracked 
|  86|0x0000000089a00000, 0x0000000089a00000, 0x0000000089b00000|  0%| F|  |TAMS 0x0000000089a00000, 0x0000000089a00000| Untracked 
|  87|0x0000000089b00000, 0x0000000089b00000, 0x0000000089c00000|  0%| F|  |TAMS 0x0000000089b00000, 0x0000000089b00000| Untracked 
|  88|0x0000000089c00000, 0x0000000089c00000, 0x0000000089d00000|  0%| F|  |TAMS 0x0000000089c00000, 0x0000000089c00000| Untracked 
|  89|0x0000000089d00000, 0x0000000089d00000, 0x0000000089e00000|  0%| F|  |TAMS 0x0000000089d00000, 0x0000000089d00000| Untracked 
|  90|0x0000000089e00000, 0x0000000089e00000, 0x0000000089f00000|  0%| F|  |TAMS 0x0000000089e00000, 0x0000000089e00000| Untracked 
|  91|0x0000000089f00000, 0x0000000089f00000, 0x000000008a000000|  0%| F|  |TAMS 0x0000000089f00000, 0x0000000089f00000| Untracked 
|  92|0x000000008a000000, 0x000000008a000000, 0x000000008a100000|  0%| F|  |TAMS 0x000000008a000000, 0x000000008a000000| Untracked 
|  93|0x000000008a100000, 0x000000008a100000, 0x000000008a200000|  0%| F|  |TAMS 0x000000008a100000, 0x000000008a100000| Untracked 
|  94|0x000000008a200000, 0x000000008a200000, 0x000000008a300000|  0%| F|  |TAMS 0x000000008a200000, 0x000000008a200000| Untracked 
|  95|0x000000008a300000, 0x000000008a300000, 0x000000008a400000|  0%| F|  |TAMS 0x000000008a300000, 0x000000008a300000| Untracked 
|  96|0x000000008a400000, 0x000000008a400000, 0x000000008a500000|  0%| F|  |TAMS 0x000000008a400000, 0x000000008a400000| Untracked 
|  97|0x000000008a500000, 0x000000008a500000, 0x000000008a600000|  0%| F|  |TAMS 0x000000008a500000, 0x000000008a500000| Untracked 
|  98|0x000000008a600000, 0x000000008a600000, 0x000000008a700000|  0%| F|  |TAMS 0x000000008a600000, 0x000000008a600000| Untracked 
|  99|0x000000008a700000, 0x000000008a700000, 0x000000008a800000|  0%| F|  |TAMS 0x000000008a700000, 0x000000008a700000| Untracked 
| 100|0x000000008a800000, 0x000000008a800000, 0x000000008a900000|  0%| F|  |TAMS 0x000000008a800000, 0x000000008a800000| Untracked 
| 101|0x000000008a900000, 0x000000008a900000, 0x000000008aa00000|  0%| F|  |TAMS 0x000000008a900000, 0x000000008a900000| Untracked 
| 102|0x000000008aa00000, 0x000000008aa00000, 0x000000008ab00000|  0%| F|  |TAMS 0x000000008aa00000, 0x000000008aa00000| Untracked 
| 103|0x000000008ab00000, 0x000000008ab00000, 0x000000008ac00000|  0%| F|  |TAMS 0x000000008ab00000, 0x000000008ab00000| Untracked 
| 104|0x000000008ac00000, 0x000000008ac76448, 0x000000008ad00000| 46%| E|  |TAMS 0x000000008ac00000, 0x000000008ac00000| Complete 
| 105|0x000000008ad00000, 0x000000008ae00000, 0x000000008ae00000|100%| E|CS|TAMS 0x000000008ad00000, 0x000000008ad00000| Complete 
| 106|0x000000008ae00000, 0x000000008af00000, 0x000000008af00000|100%| E|CS|TAMS 0x000000008ae00000, 0x000000008ae00000| Complete 
| 107|0x000000008af00000, 0x000000008b000000, 0x000000008b000000|100%| E|CS|TAMS 0x000000008af00000, 0x000000008af00000| Complete 
| 108|0x000000008b000000, 0x000000008b100000, 0x000000008b100000|100%| E|CS|TAMS 0x000000008b000000, 0x000000008b000000| Complete 
| 109|0x000000008b100000, 0x000000008b200000, 0x000000008b200000|100%| E|CS|TAMS 0x000000008b100000, 0x000000008b100000| Complete 
| 110|0x000000008b200000, 0x000000008b300000, 0x000000008b300000|100%| E|CS|TAMS 0x000000008b200000, 0x000000008b200000| Complete 
| 111|0x000000008b300000, 0x000000008b400000, 0x000000008b400000|100%| E|CS|TAMS 0x000000008b300000, 0x000000008b300000| Complete 
| 112|0x000000008b400000, 0x000000008b500000, 0x000000008b500000|100%| E|CS|TAMS 0x000000008b400000, 0x000000008b400000| Complete 
| 113|0x000000008b500000, 0x000000008b600000, 0x000000008b600000|100%| E|CS|TAMS 0x000000008b500000, 0x000000008b500000| Complete 
| 114|0x000000008b600000, 0x000000008b700000, 0x000000008b700000|100%| E|CS|TAMS 0x000000008b600000, 0x000000008b600000| Complete 
| 115|0x000000008b700000, 0x000000008b800000, 0x000000008b800000|100%| E|CS|TAMS 0x000000008b700000, 0x000000008b700000| Complete 
| 116|0x000000008b800000, 0x000000008b900000, 0x000000008b900000|100%| E|  |TAMS 0x000000008b800000, 0x000000008b800000| Complete 
| 117|0x000000008b900000, 0x000000008ba00000, 0x000000008ba00000|100%| E|CS|TAMS 0x000000008b900000, 0x000000008b900000| Complete 
| 118|0x000000008ba00000, 0x000000008bb00000, 0x000000008bb00000|100%| E|CS|TAMS 0x000000008ba00000, 0x000000008ba00000| Complete 
| 119|0x000000008bb00000, 0x000000008bc00000, 0x000000008bc00000|100%| E|CS|TAMS 0x000000008bb00000, 0x000000008bb00000| Complete 
| 120|0x000000008bc00000, 0x000000008bd00000, 0x000000008bd00000|100%| E|CS|TAMS 0x000000008bc00000, 0x000000008bc00000| Complete 
| 121|0x000000008bd00000, 0x000000008be00000, 0x000000008be00000|100%| E|CS|TAMS 0x000000008bd00000, 0x000000008bd00000| Complete 
| 122|0x000000008be00000, 0x000000008bf00000, 0x000000008bf00000|100%| E|CS|TAMS 0x000000008be00000, 0x000000008be00000| Complete 
| 123|0x000000008bf00000, 0x000000008c000000, 0x000000008c000000|100%| E|CS|TAMS 0x000000008bf00000, 0x000000008bf00000| Complete 

Card table byte_map: [0x000001f573f20000,0x000001f574300000] _byte_map_base: 0x000001f573afe000

Marking Bits (Prev, Next): (CMBitMap*) 0x000001f56b90d2c0, (CMBitMap*) 0x000001f56b90d300
 Prev Bits: [0x000001f5746e0000, 0x000001f5765d0000)
 Next Bits: [0x000001f5765d0000, 0x000001f5784c0000)

Polling page: 0x000001f569880000

Metaspace:

Usage:
  Non-class:      7.54 MB used.
      Class:    904.19 KB used.
       Both:      8.42 MB used.

Virtual space:
  Non-class space:       64.00 MB reserved,       7.69 MB ( 12%) committed,  1 nodes.
      Class space:        1.00 GB reserved,       1.00 MB ( <1%) committed,  1 nodes.
             Both:        1.06 GB reserved,       8.69 MB ( <1%) committed. 

Chunk freelists:
   Non-Class:  234.00 KB
       Class:  3.04 MB
        Both:  3.27 MB

MaxMetaspaceSize: unlimited
CompressedClassSpaceSize: 1.00 GB
Initial GC threshold: 21.00 MB
Current GC threshold: 21.00 MB
CDS: on
MetaspaceReclaimPolicy: balanced
 - commit_granule_bytes: 65536.
 - commit_granule_words: 8192.
 - virtual_space_node_default_size: 8388608.
 - enlarge_chunks_in_place: 1.
 - new_chunks_are_fully_committed: 0.
 - uncommit_free_chunks: 1.
 - use_allocation_guard: 0.


Internal statistics:

num_allocs_failed_limit: 0.
num_arena_births: 154.
num_arena_deaths: 0.
num_vsnodes_births: 2.
num_vsnodes_deaths: 0.
num_space_committed: 139.
num_space_uncommitted: 0.
num_chunks_returned_to_freelist: 0.
num_chunks_taken_from_freelist: 172.
num_chunk_merges: 0.
num_chunk_splits: 115.
num_chunks_enlarged: 74.
num_inconsistent_stats: 0.

CodeHeap 'non-profiled nmethods': size=120000Kb used=424Kb max_used=424Kb free=119575Kb
 bounds [0x000001f507ad0000, 0x000001f507d40000, 0x000001f50f000000]
CodeHeap 'profiled nmethods': size=120000Kb used=2439Kb max_used=2439Kb free=117560Kb
 bounds [0x000001f500000000, 0x000001f500270000, 0x000001f507530000]
CodeHeap 'non-nmethods': size=5760Kb used=1379Kb max_used=1410Kb free=4380Kb
 bounds [0x000001f507530000, 0x000001f5077a0000, 0x000001f507ad0000]
 total_blobs=2088 nmethods=1462 adapters=537
 compilation: enabled
              stopped_count=0, restarted_count=0
 full_count=0

Compilation events (20 events):
Event: 20.257 Thread 0x000001f57aef98f0 nmethod 1452 0x000001f50025b890 code [0x000001f50025baa0, 0x000001f50025c0f8]
Event: 20.257 Thread 0x000001f57aef98f0 1453       3       sun.awt.windows.WWindowPeer::preprocessPostEvent (72 bytes)
Event: 20.258 Thread 0x000001f57aef98f0 nmethod 1453 0x000001f50025c390 code [0x000001f50025c580, 0x000001f50025ccd8]
Event: 20.264 Thread 0x000001f57aef98f0 1454   !   3       sun.awt.AWTAutoShutdown::getPeer (43 bytes)
Event: 20.264 Thread 0x000001f57aef98f0 nmethod 1454 0x000001f50025ce10 code [0x000001f50025cfe0, 0x000001f50025d388]
Event: 20.271 Thread 0x000001f57aef98f0 1456       3       sun.awt.windows.WObjectPeer::getPeerForTarget (10 bytes)
Event: 20.271 Thread 0x000001f57aef98f0 nmethod 1456 0x000001f50025d590 code [0x000001f50025d7e0, 0x000001f50025e1a8]
Event: 20.305 Thread 0x000001f57aef4780 1457       4       java.util.ArrayList$Itr::next (66 bytes)
Event: 20.306 Thread 0x000001f57aef4780 nmethod 1457 0x000001f507b39d90 code [0x000001f507b39f20, 0x000001f507b3a058]
Event: 20.319 Thread 0x000001f57aef98f0 1458       3       java.awt.event.MouseEvent::<init> (211 bytes)
Event: 20.319 Thread 0x000001f57aef98f0 nmethod 1458 0x000001f50025e510 code [0x000001f50025e800, 0x000001f50025faf8]
Event: 20.320 Thread 0x000001f57aef98f0 1459       3       java.awt.event.InputEvent::<init> (26 bytes)
Event: 20.320 Thread 0x000001f57aef98f0 nmethod 1459 0x000001f500260110 code [0x000001f5002602c0, 0x000001f5002604b8]
Event: 20.320 Thread 0x000001f57aef98f0 1460   !   3       java.awt.event.InputEvent::canAccessSystemClipboard (57 bytes)
Event: 20.320 Thread 0x000001f57aef98f0 nmethod 1460 0x000001f500260610 code [0x000001f500260840, 0x000001f500261058]
Event: 20.347 Thread 0x000001f57aef98f0 1461       3       java.awt.EventQueue::setCurrentEventAndMostRecentTime (8 bytes)
Event: 20.347 Thread 0x000001f57aef98f0 nmethod 1461 0x000001f500261310 code [0x000001f500261520, 0x000001f5002619d8]
Event: 20.368 Thread 0x000001f57aef98f0 1462       3       sun.awt.SunToolkit::isTouchKeyboardAutoShowEnabled (4 bytes)
Event: 20.368 Thread 0x000001f57aef98f0 nmethod 1462 0x000001f500261c10 code [0x000001f500261da0, 0x000001f500261e98]
Event: 20.382 Thread 0x000001f57aef98f0 1463   !   3       java.awt.DefaultKeyboardFocusManager::dispatchEvent (1625 bytes)

GC Heap History (0 events):
No events

Dll operation events (10 events):
Event: 0.008 Loaded shared library C:\Program Files\Java\jdk-19\bin\java.dll
Event: 0.017 Loaded shared library C:\Program Files\Java\jdk-19\bin\jsvml.dll
Event: 0.069 Loaded shared library C:\Program Files\Java\jdk-19\bin\net.dll
Event: 0.071 Loaded shared library C:\Program Files\Java\jdk-19\bin\nio.dll
Event: 0.088 Loaded shared library C:\Program Files\Java\jdk-19\bin\zip.dll
Event: 0.099 Loaded shared library C:\Program Files\Java\jdk-19\bin\jimage.dll
Event: 0.109 Loaded shared library C:\Program Files\Java\jdk-19\bin\awt.dll
Event: 0.253 Loaded shared library C:\Program Files\Java\jdk-19\bin\javajpeg.dll
Event: 0.309 Loaded shared library C:\Program Files\Java\jdk-19\bin\freetype.dll
Event: 0.310 Loaded shared library C:\Program Files\Java\jdk-19\bin\fontmanager.dll

Deoptimization events (20 events):
Event: 1.640 Thread 0x000001f50f1fd970 Uncommon trap: trap_request=0xffffff45 fr.pc=0x000001f507b2f260 relative=0x0000000000000140
Event: 1.640 Thread 0x000001f50f1fd970 Uncommon trap: reason=unstable_if action=reinterpret pc=0x000001f507b2f260 method=java.util.concurrent.locks.ReentrantLock$NonfairSync.initialTryLock()Z @ 10 c2
Event: 1.640 Thread 0x000001f50f1fd970 DEOPT PACKING pc=0x000001f507b2f260 sp=0x000000bbdb9ff2e0
Event: 1.640 Thread 0x000001f50f1fd970 DEOPT UNPACKING pc=0x000001f507596da3 sp=0x000000bbdb9ff1d0 mode 2
Event: 1.641 Thread 0x000001f50f1fd970 Uncommon trap: trap_request=0xffffff45 fr.pc=0x000001f507b2ce5c relative=0x00000000000000bc
Event: 1.641 Thread 0x000001f50f1fd970 Uncommon trap: reason=unstable_if action=reinterpret pc=0x000001f507b2ce5c method=java.util.concurrent.locks.ReentrantLock$Sync.tryRelease(I)Z @ 26 c2
Event: 1.641 Thread 0x000001f50f1fd970 DEOPT PACKING pc=0x000001f507b2ce5c sp=0x000000bbdb9ff290
Event: 1.641 Thread 0x000001f50f1fd970 DEOPT UNPACKING pc=0x000001f507596da3 sp=0x000000bbdb9ff230 mode 2
Event: 2.155 Thread 0x000001f50f1fd970 Uncommon trap: trap_request=0xffffff45 fr.pc=0x000001f507b2d258 relative=0x0000000000000138
Event: 2.155 Thread 0x000001f50f1fd970 Uncommon trap: reason=unstable_if action=reinterpret pc=0x000001f507b2d258 method=java.util.concurrent.locks.ReentrantLock$NonfairSync.initialTryLock()Z @ 10 c2
Event: 2.155 Thread 0x000001f50f1fd970 DEOPT PACKING pc=0x000001f507b2d258 sp=0x000000bbdb9ff240
Event: 2.155 Thread 0x000001f50f1fd970 DEOPT UNPACKING pc=0x000001f507596da3 sp=0x000000bbdb9ff1e8 mode 2
Event: 19.400 Thread 0x000001f57f4d8fa0 Uncommon trap: trap_request=0xffffff45 fr.pc=0x000001f507b371c0 relative=0x00000000000000a0
Event: 19.400 Thread 0x000001f57f4d8fa0 Uncommon trap: reason=unstable_if action=reinterpret pc=0x000001f507b371c0 method=java.awt.Component.inside(II)Z @ 21 c2
Event: 19.400 Thread 0x000001f57f4d8fa0 DEOPT PACKING pc=0x000001f507b371c0 sp=0x000000bbdb5fe7c0
Event: 19.400 Thread 0x000001f57f4d8fa0 DEOPT UNPACKING pc=0x000001f507596da3 sp=0x000000bbdb5fe658 mode 2
Event: 19.599 Thread 0x000001f50f1fd970 Uncommon trap: trap_request=0xffffff45 fr.pc=0x000001f507b36d64 relative=0x00000000000001c4
Event: 19.599 Thread 0x000001f50f1fd970 Uncommon trap: reason=unstable_if action=reinterpret pc=0x000001f507b36d64 method=java.util.concurrent.locks.AbstractQueuedSynchronizer.release(I)Z @ 5 c2
Event: 19.599 Thread 0x000001f50f1fd970 DEOPT PACKING pc=0x000001f507b36d64 sp=0x000000bbdb9ff2d0
Event: 19.599 Thread 0x000001f50f1fd970 DEOPT UNPACKING pc=0x000001f507596da3 sp=0x000000bbdb9ff238 mode 2

Classes loaded (20 events):
Event: 0.621 Loading class java/util/concurrent/TimeUnit$1
Event: 0.621 Loading class java/util/concurrent/TimeUnit$1 done
Event: 0.622 Loading class java/awt/Container$MouseEventTargetFilter
Event: 0.622 Loading class java/awt/Container$EventTargetFilter
Event: 0.622 Loading class java/awt/Container$EventTargetFilter done
Event: 0.622 Loading class java/awt/Container$MouseEventTargetFilter done
Event: 0.622 Loading class java/awt/LightweightDispatcher$1
Event: 0.622 Loading class java/awt/LightweightDispatcher$1 done
Event: 0.623 Loading class java/awt/event/AWTEventListenerProxy
Event: 0.623 Loading class java/awt/event/AWTEventListenerProxy done
Event: 0.623 Loading class java/awt/Toolkit$SelectiveAWTEventListener
Event: 0.623 Loading class java/awt/Toolkit$SelectiveAWTEventListener done
Event: 0.623 Loading class java/awt/Toolkit$ToolkitEventMulticaster
Event: 0.623 Loading class java/awt/Toolkit$ToolkitEventMulticaster done
Event: 0.623 Loading class java/awt/event/MouseWheelEvent
Event: 0.623 Loading class java/awt/event/MouseWheelEvent done
Event: 1.126 Loading class javax/swing/Timer$1
Event: 1.127 Loading class javax/swing/Timer$1 done
Event: 1.575 Loading class java/awt/LightweightDispatcher$2
Event: 1.575 Loading class java/awt/LightweightDispatcher$2 done

Classes unloaded (0 events):
No events

Classes redefined (0 events):
No events

Internal exceptions (20 events):
Event: 0.073 Thread 0x000001f56b8ad1f0 Exception <a 'sun/nio/fs/WindowsException'{0x000000008be48b38}> (0x000000008be48b38) 
thrown [s\open\src\hotspot\share\prims\jni.cpp, line 517]
Event: 0.074 Thread 0x000001f56b8ad1f0 Exception <a 'sun/nio/fs/WindowsException'{0x000000008be496b0}> (0x000000008be496b0) 
thrown [s\open\src\hotspot\share\prims\jni.cpp, line 517]
Event: 0.074 Thread 0x000001f56b8ad1f0 Exception <a 'sun/nio/fs/WindowsException'{0x000000008be4a230}> (0x000000008be4a230) 
thrown [s\open\src\hotspot\share\prims\jni.cpp, line 517]
Event: 0.103 Thread 0x000001f56b8ad1f0 Exception <a 'java/lang/ClassNotFoundException'{0x000000008bd99718}: sun/awt/resources/spi/awtProvider> (0x000000008bd99718) 
thrown [s\open\src\hotspot\share\classfile\systemDictionary.cpp, line 255]
Event: 0.118 Thread 0x000001f56b8ad1f0 Exception <a 'java/io/FileNotFoundException'{0x000000008bdf0cc0}> (0x000000008bdf0cc0) 
thrown [s\open\src\hotspot\share\prims\jni.cpp, line 517]
Event: 0.122 Thread 0x000001f56b8ad1f0 Exception <a 'java/io/FileNotFoundException'{0x000000008bc1da00}> (0x000000008bc1da00) 
thrown [s\open\src\hotspot\share\prims\jni.cpp, line 517]
Event: 0.150 Thread 0x000001f56b8ad1f0 Exception <a 'java/lang/NoSuchMethodError'{0x000000008bc62438}: 'java.lang.Object java.lang.invoke.DirectMethodHandle$Holder.invokeStaticInit(java.lang.Object)'> (0x000000008bc62438) 
thrown [s\open\src\hotspot\share\interpreter\linkResolver.cpp, line 774]
Event: 0.180 Thread 0x000001f56b8ad1f0 Exception <a 'java/lang/NoSuchMethodError'{0x000000008bb40e70}: 'void java.lang.invoke.DirectMethodHandle$Holder.invokeSpecial(java.lang.Object, java.lang.Object, java.lang.Object)'> (0x000000008bb40e70) 
thrown [s\open\src\hotspot\share\interpreter\linkResolver.cpp, line 774]
Event: 0.185 Thread 0x000001f56b8ad1f0 Exception <a 'java/lang/NoSuchMethodError'{0x000000008bb6b980}: 'java.lang.Object java.lang.invoke.DirectMethodHandle$Holder.newInvokeSpecial(java.lang.Object, java.lang.Object, java.lang.Object, java.lang.Object, java.lang.Object)'> (0x000000008bb6b980) 
thrown [s\open\src\hotspot\share\interpreter\linkResolver.cpp, line 774]
Event: 0.190 Thread 0x000001f56b8ad1f0 Exception <a 'java/lang/NoSuchMethodError'{0x000000008bb9d2c8}: 'java.lang.Object java.lang.invoke.DirectMethodHandle$Holder.invokeStatic(java.lang.Object, int, java.lang.Object)'> (0x000000008bb9d2c8) 
thrown [s\open\src\hotspot\share\interpreter\linkResolver.cpp, line 774]
Event: 0.207 Thread 0x000001f56b8ad1f0 Exception <a 'java/lang/ClassNotFoundException'{0x000000008ba593d8}: com/sun/swing/internal/plaf/metal/resources/spi/metalProvider> (0x000000008ba593d8) 
thrown [s\open\src\hotspot\share\classfile\systemDictionary.cpp, line 255]
Event: 0.207 Thread 0x000001f56b8ad1f0 Exception <a 'java/lang/ClassNotFoundException'{0x000000008ba5d3a8}: com/sun/swing/internal/plaf/basic/resources/spi/basicProvider> (0x000000008ba5d3a8) 
thrown [s\open\src\hotspot\share\classfile\systemDictionary.cpp, line 255]
Event: 0.213 Thread 0x000001f56b8ad1f0 Exception <a 'java/lang/NoSuchMethodError'{0x000000008ba7d268}: 'int java.lang.invoke.Invokers$Holder.invokeExact_MT(java.lang.Object, java.lang.Object)'> (0x000000008ba7d268) 
thrown [s\open\src\hotspot\share\interpreter\linkResolver.cpp, line 774]
Event: 0.254 Thread 0x000001f57f486510 Exception <a 'java/lang/NoSuchMethodError'{0x000000008b8836b0}: 'java.lang.Object java.lang.invoke.DirectMethodHandle$Holder.newInvokeSpecial(java.lang.Object, java.lang.Object, java.lang.Object, int, int, int, int, int)'> (0x000000008b8836b0) 
thrown [s\open\src\hotspot\share\interpreter\linkResolver.cpp, line 774]
Event: 0.294 Thread 0x000001f57f426cc0 Exception <a 'java/lang/NoSuchMethodError'{0x000000008bcfbdc8}: 'void java.lang.invoke.DirectMethodHandle$Holder.invokeVirtual(java.lang.Object, java.lang.Object)'> (0x000000008bcfbdc8) 
thrown [s\open\src\hotspot\share\interpreter\linkResolver.cpp, line 774]
Event: 0.306 Thread 0x000001f56b8ad1f0 Exception <a 'java/lang/NoSuchMethodError'{0x000000008bad25b0}: 'void java.lang.invoke.DirectMethodHandle$Holder.invokeStaticInit(java.lang.Object)'> (0x000000008bad25b0) 
thrown [s\open\src\hotspot\share\interpreter\linkResolver.cpp, line 774]
Event: 0.415 Thread 0x000001f57f4d8fa0 Exception <a 'java/io/FileNotFoundException'{0x000000008b56c9b0}> (0x000000008b56c9b0) 
thrown [s\open\src\hotspot\share\prims\jni.cpp, line 517]
Event: 0.418 Thread 0x000001f57f4d8fa0 Exception <a 'java/io/FileNotFoundException'{0x000000008b572908}> (0x000000008b572908) 
thrown [s\open\src\hotspot\share\prims\jni.cpp, line 517]
Event: 0.422 Thread 0x000001f57f4d8fa0 Exception <a 'java/io/FileNotFoundException'{0x000000008b58b460}> (0x000000008b58b460) 
thrown [s\open\src\hotspot\share\prims\jni.cpp, line 517]
Event: 0.422 Thread 0x000001f57f4d8fa0 Exception <a 'java/io/FileNotFoundException'{0x000000008b591188}> (0x000000008b591188) 
thrown [s\open\src\hotspot\share\prims\jni.cpp, line 517]

VM Operations (20 events):
Event: 0.128 Executing VM operation: HandshakeAllThreads
Event: 0.128 Executing VM operation: HandshakeAllThreads done
Event: 0.243 Executing VM operation: HandshakeAllThreads
Event: 0.244 Executing VM operation: HandshakeAllThreads done
Event: 0.280 Executing VM operation: HandshakeAllThreads
Event: 0.280 Executing VM operation: HandshakeAllThreads done
Event: 0.365 Executing VM operation: HandshakeAllThreads
Event: 0.365 Executing VM operation: HandshakeAllThreads done
Event: 0.571 Executing VM operation: ICBufferFull
Event: 0.571 Executing VM operation: ICBufferFull done
Event: 1.577 Executing VM operation: Cleanup
Event: 1.577 Executing VM operation: Cleanup done
Event: 2.590 Executing VM operation: Cleanup
Event: 2.590 Executing VM operation: Cleanup done
Event: 3.600 Executing VM operation: Cleanup
Event: 3.600 Executing VM operation: Cleanup done
Event: 14.711 Executing VM operation: Cleanup
Event: 14.711 Executing VM operation: Cleanup done
Event: 19.767 Executing VM operation: Cleanup
Event: 19.768 Executing VM operation: Cleanup done

Events (20 events):
Event: 0.028 Thread 0x000001f57aee60b0 Thread added: 0x000001f57aee60b0
Event: 0.028 Thread 0x000001f57aee6ca0 Thread added: 0x000001f57aee6ca0
Event: 0.029 Thread 0x000001f57aeeab40 Thread added: 0x000001f57aeeab40
Event: 0.029 Thread 0x000001f57aeec480 Thread added: 0x000001f57aeec480
Event: 0.029 Thread 0x000001f57aeef560 Thread added: 0x000001f57aeef560
Event: 0.029 Thread 0x000001f57aeefe90 Thread added: 0x000001f57aeefe90
Event: 0.029 Thread 0x000001f57aef4780 Thread added: 0x000001f57aef4780
Event: 0.030 Thread 0x000001f57aef98f0 Thread added: 0x000001f57aef98f0
Event: 0.030 Thread 0x000001f57af187f0 Thread added: 0x000001f57af187f0
Event: 0.055 Thread 0x000001f57aeba120 Thread added: 0x000001f57aeba120
Event: 0.085 Thread 0x000001f57f2ad610 Thread added: 0x000001f57f2ad610
Event: 0.151 Thread 0x000001f57f41ccb0 Thread added: 0x000001f57f41ccb0
Event: 0.153 Thread 0x000001f57f423cc0 Thread added: 0x000001f57f423cc0
Event: 0.154 Thread 0x000001f57f426cc0 Thread added: 0x000001f57f426cc0
Event: 0.217 Thread 0x000001f57f486510 Thread added: 0x000001f57f486510
Event: 0.293 Thread 0x000001f57f4d8fa0 Thread added: 0x000001f57f4d8fa0
Event: 0.365 Thread 0x000001f56b8ad1f0 Thread exited: 0x000001f56b8ad1f0
Event: 0.365 Thread 0x000001f56b8ad1f0 Thread added: 0x000001f56b8ad1f0
Event: 0.620 Thread 0x000001f50f1fd970 Thread added: 0x000001f50f1fd970
Event: 5.281 Thread 0x000001f57f486510 Thread exited: 0x000001f57f486510


Dynamic libraries:
0x00007ff64a040000 - 0x00007ff64a050000 	C:\Program Files\Java\jdk-19\bin\java.exe
0x00007ffba1eb0000 - 0x00007ffba20c7000 	C:\WINDOWS\SYSTEM32\ntdll.dll
0x00007ffba0690000 - 0x00007ffba0754000 	C:\WINDOWS\System32\KERNEL32.DLL
0x00007ffb9f520000 - 0x00007ffb9f8c6000 	C:\WINDOWS\System32\KERNELBASE.dll
0x00007ffb9f8d0000 - 0x00007ffb9f9e1000 	C:\WINDOWS\System32\ucrtbase.dll
0x00007ffb87d60000 - 0x00007ffb87d78000 	C:\Program Files\Java\jdk-19\bin\jli.dll
0x00007ffb9ffe0000 - 0x00007ffba0093000 	C:\WINDOWS\System32\ADVAPI32.dll
0x00007ffba1750000 - 0x00007ffba17f7000 	C:\WINDOWS\System32\msvcrt.dll
0x00007ffba1820000 - 0x00007ffba18c8000 	C:\WINDOWS\System32\sechost.dll
0x00007ffb9fa60000 - 0x00007ffb9fa88000 	C:\WINDOWS\System32\bcrypt.dll
0x00007ffb9fe60000 - 0x00007ffb9ff77000 	C:\WINDOWS\System32\RPCRT4.dll
0x00007ffb9fc50000 - 0x00007ffb9fdfe000 	C:\WINDOWS\System32\USER32.dll
0x00007ffb9f4f0000 - 0x00007ffb9f516000 	C:\WINDOWS\System32\win32u.dll
0x00007ffba0180000 - 0x00007ffba01a9000 	C:\WINDOWS\System32\GDI32.dll
0x00007ffb9f1f0000 - 0x00007ffb9f308000 	C:\WINDOWS\System32\gdi32full.dll
0x00007ffb9f3d0000 - 0x00007ffb9f46a000 	C:\WINDOWS\System32\msvcp_win.dll
0x00007ffb95e80000 - 0x00007ffb95e9b000 	C:\Program Files\Java\jdk-19\bin\VCRUNTIME140.dll
0x00007ffb79ce0000 - 0x00007ffb79f73000 	C:\WINDOWS\WinSxS\amd64_microsoft.windows.common-controls_6595b64144ccf1df_6.0.22621.2506_none_270c5ae97388e100\COMCTL32.dll
0x00007ffb90410000 - 0x00007ffb9041a000 	C:\WINDOWS\SYSTEM32\VERSION.dll
0x00007ffb9fc00000 - 0x00007ffb9fc31000 	C:\WINDOWS\System32\IMM32.DLL
0x00007ffb93ef0000 - 0x00007ffb93efc000 	C:\Program Files\Java\jdk-19\bin\vcruntime140_1.dll
0x00007ffb51af0000 - 0x00007ffb51b7e000 	C:\Program Files\Java\jdk-19\bin\msvcp140.dll
0x00007ffb22770000 - 0x00007ffb23430000 	C:\Program Files\Java\jdk-19\bin\server\jvm.dll
0x00007ffb6d560000 - 0x00007ffb6d569000 	C:\WINDOWS\SYSTEM32\WSOCK32.dll
0x00007ffba1960000 - 0x00007ffba19d1000 	C:\WINDOWS\System32\WS2_32.dll
0x00007ffb95e20000 - 0x00007ffb95e54000 	C:\WINDOWS\SYSTEM32\WINMM.dll
0x00007ffb9e200000 - 0x00007ffb9e218000 	C:\WINDOWS\SYSTEM32\kernel.appcore.dll
0x00007ffb8a8d0000 - 0x00007ffb8a8da000 	C:\Program Files\Java\jdk-19\bin\jimage.dll
0x00007ffb9c9c0000 - 0x00007ffb9cbf3000 	C:\WINDOWS\SYSTEM32\DBGHELP.DLL
0x00007ffba1ae0000 - 0x00007ffba1e69000 	C:\WINDOWS\System32\combase.dll
0x00007ffba00a0000 - 0x00007ffba0177000 	C:\WINDOWS\System32\OLEAUT32.dll
0x00007ffb79c00000 - 0x00007ffb79c32000 	C:\WINDOWS\SYSTEM32\dbgcore.DLL
0x00007ffb9f470000 - 0x00007ffb9f4ea000 	C:\WINDOWS\System32\bcryptPrimitives.dll
0x00007ffb8a910000 - 0x00007ffb8a936000 	C:\Program Files\Java\jdk-19\bin\java.dll
0x00007ffb5df00000 - 0x00007ffb5dfd7000 	C:\Program Files\Java\jdk-19\bin\jsvml.dll
0x00007ffba0ed0000 - 0x00007ffba172b000 	C:\WINDOWS\System32\SHELL32.dll
0x00007ffb9d0c0000 - 0x00007ffb9d9b6000 	C:\WINDOWS\SYSTEM32\windows.storage.dll
0x00007ffb9cf80000 - 0x00007ffb9d0be000 	C:\WINDOWS\SYSTEM32\wintypes.dll
0x00007ffba19e0000 - 0x00007ffba1ad3000 	C:\WINDOWS\System32\SHCORE.dll
0x00007ffba0e70000 - 0x00007ffba0ece000 	C:\WINDOWS\System32\shlwapi.dll
0x00007ffb9f120000 - 0x00007ffb9f146000 	C:\WINDOWS\SYSTEM32\profapi.dll
0x00007ffb86ce0000 - 0x00007ffb86cf3000 	C:\Program Files\Java\jdk-19\bin\net.dll
0x00007ffb98250000 - 0x00007ffb98387000 	C:\WINDOWS\SYSTEM32\WINHTTP.dll
0x00007ffb9e690000 - 0x00007ffb9e6f9000 	C:\WINDOWS\system32\mswsock.dll
0x00007ffb86c60000 - 0x00007ffb86c76000 	C:\Program Files\Java\jdk-19\bin\nio.dll
0x00007ffb86290000 - 0x00007ffb862a8000 	C:\Program Files\Java\jdk-19\bin\zip.dll
0x00007ffb29640000 - 0x00007ffb297d1000 	C:\Program Files\Java\jdk-19\bin\awt.dll
0x00007ffb9c050000 - 0x00007ffb9c0e7000 	C:\WINDOWS\SYSTEM32\apphelp.dll
0x00007ffb9c470000 - 0x00007ffb9c49b000 	C:\WINDOWS\system32\DWMAPI.DLL
0x00007ffb9c1c0000 - 0x00007ffb9c26b000 	C:\WINDOWS\system32\uxtheme.dll
0x00007ffb28c50000 - 0x00007ffb28d50000 	C:\WINDOWS\system32\opengl32.dll
0x00007ffb87d80000 - 0x00007ffb87dad000 	C:\WINDOWS\SYSTEM32\GLU32.dll
0x00007ffb9c300000 - 0x00007ffb9c339000 	C:\WINDOWS\SYSTEM32\dxcore.dll
0x00007ffba0c60000 - 0x00007ffba0db1000 	C:\WINDOWS\System32\MSCTF.dll
0x00007ffba02e0000 - 0x00007ffba0480000 	C:\WINDOWS\System32\ole32.dll
0x00007ffb730c0000 - 0x00007ffb730ee000 	C:\Program Files\Java\jdk-19\bin\javajpeg.dll
0x00007ffb51a60000 - 0x00007ffb51ae6000 	C:\Program Files\Java\jdk-19\bin\freetype.dll
0x00007ffb29570000 - 0x00007ffb29635000 	C:\Program Files\Java\jdk-19\bin\fontmanager.dll
0x00007ffba0dc0000 - 0x00007ffba0e70000 	C:\WINDOWS\System32\clbcatq.dll
0x00007ffb9a580000 - 0x00007ffb9a730000 	C:\WINDOWS\SYSTEM32\WindowsCodecs.dll
0x00007ffb72b50000 - 0x00007ffb72bae000 	C:\WINDOWS\system32\dataexchange.dll
0x00007ffb97670000 - 0x00007ffb978f7000 	C:\WINDOWS\system32\twinapi.appcore.dll
0x00007ffb87840000 - 0x00007ffb8798a000 	C:\WINDOWS\SYSTEM32\textinputframework.dll
0x00007ffb9bd70000 - 0x00007ffb9bea4000 	C:\WINDOWS\SYSTEM32\CoreMessaging.dll
0x00007ffb98f00000 - 0x00007ffb9926c000 	C:\WINDOWS\SYSTEM32\CoreUIComponents.dll
0x00007ffb9e920000 - 0x00007ffb9e92c000 	C:\WINDOWS\SYSTEM32\CRYPTBASE.DLL

dbghelp: loaded successfully - version: 4.0.5 - missing functions: none
symbol engine: initialized successfully - sym options: 0x614 - pdb path: .;C:\Program Files\Java\jdk-19\bin;C:\WINDOWS\SYSTEM32;C:\WINDOWS\WinSxS\amd64_microsoft.windows.common-controls_6595b64144ccf1df_6.0.22621.2506_none_270c5ae97388e100;C:\Program Files\Java\jdk-19\bin\server

VM Arguments:
jvm_args: -Dfile.encoding=UTF-8 --module-path=C:\Users\Lenovo\OneDrive\Documents\NetBeansProjects\Bank management system\build\classes 
java_command: bank.management.system.Login
java_class_path (initial): C:\Users\Lenovo\Downloads\jcalendar-tz-1.3.3-4.jar;C:\Users\Lenovo\Downloads\sql;C:\Users\Lenovo\Downloads\mysql-connector-java-8.0.28.jar;C:\Users\Lenovo\OneDrive\Documents\NetBeansProjects\Bank management system\build\classes
Launcher Type: SUN_STANDARD

[Global flags]
     intx CICompilerCount                          = 4                                         {product} {ergonomic}
     uint ConcGCThreads                            = 2                                         {product} {ergonomic}
     uint G1ConcRefinementThreads                  = 8                                         {product} {ergonomic}
   size_t G1HeapRegionSize                         = 1048576                                   {product} {ergonomic}
    uintx GCDrainStackTargetSize                   = 64                                        {product} {ergonomic}
   size_t InitialHeapSize                          = 130023424                                 {product} {ergonomic}
   size_t MarkStackSize                            = 4194304                                   {product} {ergonomic}
   size_t MaxHeapSize                              = 2076180480                                {product} {ergonomic}
   size_t MaxNewSize                               = 1245708288                                {product} {ergonomic}
   size_t MinHeapDeltaBytes                        = 1048576                                   {product} {ergonomic}
   size_t MinHeapSize                              = 8388608                                   {product} {ergonomic}
    uintx NonNMethodCodeHeapSize                   = 5839372                                {pd product} {ergonomic}
    uintx NonProfiledCodeHeapSize                  = 122909434                              {pd product} {ergonomic}
    uintx ProfiledCodeHeapSize                     = 122909434                              {pd product} {ergonomic}
    uintx ReservedCodeCacheSize                    = 251658240                              {pd product} {ergonomic}
     bool SegmentedCodeCache                       = true                                      {product} {ergonomic}
   size_t SoftMaxHeapSize                          = 2076180480                             {manageable} {ergonomic}
     bool UseCompressedClassPointers               = true                           {product lp64_product} {ergonomic}
     bool UseCompressedOops                        = true                           {product lp64_product} {ergonomic}
     bool UseG1GC                                  = true                                      {product} {ergonomic}
     bool UseLargePagesIndividualAllocation        = false                                  {pd product} {ergonomic}

Logging:
Log output configuration:
 #0: stdout all=warning uptime,level,tags foldmultilines=false
 #1: stderr all=off uptime,level,tags foldmultilines=false

Environment Variables:
PATH=C:\Program Files (x86)\VMware\VMware Player\bin\;C:\Program Files\Common Files\Oracle\Java\javapath;C:\WINDOWS\system32;C:\WINDOWS;C:\WINDOWS\System32\Wbem;C:\WINDOWS\System32\WindowsPowerShell\v1.0\;C:\WINDOWS\System32\OpenSSH\;C:\MinGW\bin;C:\MinGW\bin;C:\Users\Lenovo\Downloads\mingw32\bin;C:\Program Files\MySQL\MySQL Shell 8.0\bin\;C:\Users\Lenovo\AppData\Local\Programs\Python\Python311\Scripts\;C:\Users\Lenovo\AppData\Local\Programs\Python\Python311\;C:\Users\Lenovo\AppData\Local\Microsoft\WindowsApps;C:\Program Files\JetBrains\IntelliJ IDEA Community Edition 2022.2.3\bin;C:\Users\Lenovo\AppData\Local\atom\bin;C:\Users\Lenovo\Downloads\IntelliJ IDEA Community Edition 2022.3\bin;;C:\Users\Lenovo\AppData\Local\Microsoft\WindowsApps;C:\Users\Lenovo\AppData\Local\Programs\Microsoft VS Code\bin;C:\Program Files\JetBrains\PyCharm 2023.1.4\bin;;C:\Program Files\JetBrains\PyCharm Community Edition 2023.1.4\bin;;
USERNAME=Lenovo
OS=Windows_NT
PROCESSOR_IDENTIFIER=Intel64 Family 6 Model 154 Stepping 4, GenuineIntel
TMP=C:\Users\Lenovo\AppData\Local\Temp
TEMP=C:\Users\Lenovo\AppData\Local\Temp



---------------  S Y S T E M  ---------------

OS:
 Windows 11 , 64 bit Build 22621 (10.0.22621.3085)
OS uptime: 1 days 22:58 hours
Hyper-V role detected

CPU: total 8 (initial active 8) (4 cores per cpu, 2 threads per core) family 6 model 154 stepping 4 microcode 0x41f, cx8, cmov, fxsr, ht, mmx, 3dnowpref, sse, sse2, sse3, ssse3, sse4.1, sse4.2, popcnt, lzcnt, tsc, tscinvbit, avx, avx2, aes, erms, clmul, bmi1, bmi2, adx, sha, fma, vzeroupper, clflush, clflushopt, clwb, hv, serialize, rdtscp, rdpid, fsrm

Memory: 4k page, system-wide physical 7916M (564M free)
TotalPageFile size 32492M (AvailPageFile size 0M)
current process WorkingSet (physical memory assigned to process): 81M, peak: 86M
current process commit charge ("private bytes"): 226M, peak: 232M

vm_info: Java HotSpot(TM) 64-Bit Server VM (19.0.1+10-21) for windows-amd64 JRE (19.0.1+10-21), built on 2022-09-14T12:45:06Z by "mach5one" with MS VC++ 17.1 (VS2022)

END.
