#
# There is insufficient memory for the Java Runtime Environment to continue.
# Native memory allocation (malloc) failed to allocate 901936 bytes for Chunk::new
# Possible reasons:
#   The system is out of physical RAM or swap space
#   The process is running with CompressedOops enabled, and the Java Heap may be blocking the growth of the native heap
# Possible solutions:
#   Reduce memory load on the system
#   Increase physical memory or swap space
#   Check if swap backing store is full
#   Decrease Java heap size (-Xmx/-Xms)
#   Decrease number of Java threads
#   Decrease Java thread stack sizes (-Xss)
#   Set larger code cache with -XX:ReservedCodeCacheSize=
#   JVM is running with Unscaled Compressed Oops mode in which the Java heap is
#     placed in the first 4GB address space. The Java Heap base address is the
#     maximum limit for the native heap growth. Please use -XX:HeapBaseMinAddress
#     to set the Java Heap base and to place the Java Heap above 4GB virtual address.
# This output file may be truncated or incomplete.
#
#  Out of Memory Error (arena.cpp:184), pid=19288, tid=29396
#
# JRE version: Java(TM) SE Runtime Environment (19.0.1+10) (build 19.0.1+10-21)
# Java VM: Java HotSpot(TM) 64-Bit Server VM (19.0.1+10-21, mixed mode, sharing, tiered, compressed oops, compressed class ptrs, g1 gc, windows-amd64)
# No core dump will be written. Minidumps are not enabled by default on client versions of Windows
#

---------------  S U M M A R Y ------------

Command Line: -Dfile.encoding=UTF-8 -agentlib:jdwp=transport=dt_shmem,address=javadebug --module-path=C:\Users\Lenovo\OneDrive\Documents\NetBeansProjects\Bank management system\build\classes bank.management.system.Login

Host: 12th Gen Intel(R) Core(TM) i3-1215U, 8 cores, 7G,  Windows 11 , 64 bit Build 22621 (10.0.22621.3085)
Time: Wed Feb 28 01:04:22 2024 India Standard Time elapsed time: 18761.996936 seconds (0d 5h 12m 41s)

---------------  T H R E A D  ---------------

Current thread (0x00000222bf98b0e0):  JavaThread "C2 CompilerThread0" daemon [_thread_in_native, id=29396, stack(0x000000d259400000,0x000000d259500000)]


Current CompileTask:
C2:18761997 3594       4       java.awt.EventQueue::dispatchEvent (80 bytes)

Stack: [0x000000d259400000,0x000000d259500000]
Native frames: (J=compiled Java code, j=interpreted, Vv=VM code, C=native code)
V  [jvm.dll+0x6ee8fa]
V  [jvm.dll+0x857a1e]
V  [jvm.dll+0x85940e]
V  [jvm.dll+0x859ac3]
V  [jvm.dll+0x28291f]
V  [jvm.dll+0xc9b5f]
V  [jvm.dll+0xc9ee5]
V  [jvm.dll+0x3bcb72]
V  [jvm.dll+0x386201]
V  [jvm.dll+0x38567a]
V  [jvm.dll+0x24c2c9]
V  [jvm.dll+0x24b671]
V  [jvm.dll+0x1d6d61]
V  [jvm.dll+0x25b0fa]
V  [jvm.dll+0x259588]
V  [jvm.dll+0x807928]
V  [jvm.dll+0x8015fa]
V  [jvm.dll+0x6ed5eb]
C  [ucrtbase.dll+0x29363]
C  [KERNEL32.DLL+0x1257d]
C  [ntdll.dll+0x5aa58]


---------------  P R O C E S S  ---------------

Threads class SMR info:
_java_thread_list=0x00000222c4be0470, length=22, elements={
0x00000222bf979820, 0x00000222bf97a410, 0x00000222bf97f380, 0x00000222bf982250,
0x00000222bf984230, 0x00000222bf980d10, 0x00000222bf98b0e0, 0x00000222bf993a60,
0x00000222bf983790, 0x00000222bf983ce0, 0x00000222c3de3170, 0x00000222c3de3ae0,
0x00000222c3e89640, 0x00000222bf9827a0, 0x00000222bf982cf0, 0x00000222bf983240,
0x00000222bf981260, 0x00000222c4b87230, 0x00000222c4b87cd0, 0x00000222c4b847b0,
0x00000222c4b89760, 0x00000222c4b88220
}

Java Threads: ( => current thread )
  0x00000222bf979820 JavaThread "Reference Handler" daemon [_thread_blocked, id=276, stack(0x000000d258e00000,0x000000d258f00000)]
  0x00000222bf97a410 JavaThread "Finalizer" daemon [_thread_blocked, id=7176, stack(0x000000d258f00000,0x000000d259000000)]
  0x00000222bf97f380 JavaThread "Signal Dispatcher" daemon [_thread_blocked, id=27768, stack(0x000000d259000000,0x000000d259100000)]
  0x00000222bf982250 JavaThread "Attach Listener" daemon [_thread_blocked, id=26752, stack(0x000000d259100000,0x000000d259200000)]
  0x00000222bf984230 JavaThread "Service Thread" daemon [_thread_blocked, id=32224, stack(0x000000d259200000,0x000000d259300000)]
  0x00000222bf980d10 JavaThread "Monitor Deflation Thread" daemon [_thread_blocked, id=30928, stack(0x000000d259300000,0x000000d259400000)]
=>0x00000222bf98b0e0 JavaThread "C2 CompilerThread0" daemon [_thread_in_native, id=29396, stack(0x000000d259400000,0x000000d259500000)]
  0x00000222bf993a60 JavaThread "C1 CompilerThread0" daemon [_thread_blocked, id=31856, stack(0x000000d259500000,0x000000d259600000)]
  0x00000222bf983790 JavaThread "Sweeper thread" daemon [_thread_blocked, id=31916, stack(0x000000d259600000,0x000000d259700000)]
  0x00000222bf983ce0 JavaThread "Common-Cleaner" daemon [_thread_blocked, id=27852, stack(0x000000d259700000,0x000000d259800000)]
  0x00000222c3de3170 JavaThread "JDWP Transport Listener: dt_shmem" daemon [_thread_blocked, id=32124, stack(0x000000d259800000,0x000000d259900000)]
  0x00000222c3de3ae0 JavaThread "JDWP Event Helper Thread" daemon [_thread_blocked, id=32452, stack(0x000000d259900000,0x000000d259a00000)]
  0x00000222c3e89640 JavaThread "JDWP Command Reader" daemon [_thread_in_native, id=28436, stack(0x000000d259a00000,0x000000d259b00000)]
  0x00000222bf9827a0 JavaThread "Notification Thread" daemon [_thread_blocked, id=32972, stack(0x000000d259b00000,0x000000d259c00000)]
  0x00000222bf982cf0 JavaThread "Java2D Disposer" daemon [_thread_blocked, id=4940, stack(0x000000d259d00000,0x000000d259e00000)]
  0x00000222bf983240 JavaThread "AWT-Shutdown" [_thread_blocked, id=28164, stack(0x000000d259e00000,0x000000d259f00000)]
  0x00000222bf981260 JavaThread "AWT-Windows" daemon [_thread_in_native, id=33744, stack(0x000000d259f00000,0x000000d25a000000)]
  0x00000222c4b87230 JavaThread "AWT-EventQueue-0" [_thread_blocked, id=29888, stack(0x000000d25a100000,0x000000d25a200000)]
  0x00000222c4b87cd0 JavaThread "DestroyJavaVM" [_thread_blocked, id=10660, stack(0x000000d258700000,0x000000d258800000)]
  0x00000222c4b847b0 JavaThread "org.netbeans.modules.debugger.jpda.visual AWT Access Loop" daemon [_thread_blocked, id=31788, stack(0x000000d25a500000,0x000000d25a600000)]
  0x00000222c4b89760 JavaThread "TimerQueue" daemon [_thread_blocked, id=30908, stack(0x000000d25a600000,0x000000d25a700000)]
  0x00000222c4b88220 JavaThread "mysql-cj-abandoned-connection-cleanup" daemon [_thread_blocked, id=30252, stack(0x000000d25a000000,0x000000d25a100000)]

Other Threads:
  0x00000222bf9601e0 VMThread "VM Thread" [stack: 0x000000d258d00000,0x000000d258e00000] [id=20788]
  0x00000222c3e89b90 WatcherThread "VM Periodic Task Thread" [stack: 0x000000d259c00000,0x000000d259d00000] [id=30924]
  0x000002229f3cf2e0 WorkerThread "GC Thread#0" [stack: 0x000000d258800000,0x000000d258900000] [id=34148]
  0x00000222c3d5e470 WorkerThread "GC Thread#1" [stack: 0x000000d25a700000,0x000000d25a800000] [id=15996]
  0x00000222c4e74a60 WorkerThread "GC Thread#2" [stack: 0x000000d25a800000,0x000000d25a900000] [id=19516]
  0x00000222c4f1e6c0 WorkerThread "GC Thread#3" [stack: 0x000000d25a900000,0x000000d25aa00000] [id=29680]
  0x00000222c3cc08b0 WorkerThread "GC Thread#4" [stack: 0x000000d25aa00000,0x000000d25ab00000] [id=10704]
  0x00000222c3cc0e50 WorkerThread "GC Thread#5" [stack: 0x000000d25ab00000,0x000000d25ac00000] [id=32020]
  0x00000222c3cc1990 WorkerThread "GC Thread#6" [stack: 0x000000d25ac00000,0x000000d25ad00000] [id=31704]
  0x00000222c3cc05e0 WorkerThread "GC Thread#7" [stack: 0x000000d25ad00000,0x000000d25ae00000] [id=34552]
  0x000002229f3df9c0 ConcurrentGCThread "G1 Main Marker" [stack: 0x000000d258900000,0x000000d258a00000] [id=32872]
  0x000002229f3e15a0 WorkerThread "G1 Conc#0" [stack: 0x000000d258a00000,0x000000d258b00000] [id=24272]
  0x00000222c50a0760 WorkerThread "G1 Conc#1" [stack: 0x000000d258400000,0x000000d258500000] [id=22008]
  0x000002229f42ea50 ConcurrentGCThread "G1 Refine#0" [stack: 0x000000d258b00000,0x000000d258c00000] [id=34704]
  0x00000222bf8147b0 ConcurrentGCThread "G1 Service" [stack: 0x000000d258c00000,0x000000d258d00000] [id=33684]

Threads with active compile tasks:
C2 CompilerThread0  18762043 3594       4       java.awt.EventQueue::dispatchEvent (80 bytes)

VM state: not at safepoint (normal execution)

VM Mutex/Monitor currently owned by a thread: None

Heap address: 0x0000000084400000, size: 1980 MB, Compressed Oops mode: 32-bit

CDS archive(s) mapped at: [0x0000000800000000-0x0000000800c40000-0x0000000800c40000), size 12845056, SharedBaseAddress: 0x0000000800000000, ArchiveRelocationMode: 0.
Compressed class space mapped at: 0x0000000801000000-0x0000000841000000, reserved size: 1073741824
Narrow klass base: 0x0000000800000000, Narrow klass shift: 0, Narrow klass range: 0x100000000

GC Precious Log:
 CardTable entry size: 512
 Card Set container configuration: InlinePtr #cards 5 size 8 Array Of Cards #cards 12 size 40 Howl #buckets 4 coarsen threshold 1843 Howl Bitmap #cards 512 size 80 coarsen threshold 460 Card regions per heap region 1 cards per card region 2048
 CPUs: 8 total, 8 available
 Memory: 7916M
 Large Page Support: Disabled
 NUMA Support: Disabled
 Compressed Oops: Enabled (32-bit)
 Heap Region Size: 1M
 Heap Min Capacity: 8M
 Heap Initial Capacity: 124M
 Heap Max Capacity: 1980M
 Pre-touch: Disabled
 Parallel Workers: 8
 Concurrent Workers: 2
 Concurrent Refinement Workers: 8
 Periodic GC: Disabled

Heap:
 garbage-first heap   total 58368K, used 16529K [0x0000000084400000, 0x0000000100000000)
  region size 1024K, 6 young (6144K), 4 survivors (4096K)
 Metaspace       used 21300K, committed 21568K, reserved 1114112K
  class space    used 2303K, committed 2432K, reserved 1048576K

Heap Regions: E=young(eden), S=young(survivor), O=old, HS=humongous(starts), HC=humongous(continues), CS=collection set, F=free, OA=open archive, CA=closed archive, TAMS=top-at-mark-start (previous, next)
|   0|0x0000000084400000, 0x0000000084500000, 0x0000000084500000|100%|HS|  |TAMS 0x0000000084500000, 0x0000000084400000| Complete 
|   1|0x0000000084500000, 0x0000000084600000, 0x0000000084600000|100%|HC|  |TAMS 0x0000000084600000, 0x0000000084500000| Complete 
|   2|0x0000000084600000, 0x0000000084700000, 0x0000000084700000|100%|HC|  |TAMS 0x0000000084700000, 0x0000000084600000| Complete 
|   3|0x0000000084700000, 0x0000000084800000, 0x0000000084800000|100%| O|  |TAMS 0x0000000084800000, 0x0000000084700000| Untracked 
|   4|0x0000000084800000, 0x0000000084900000, 0x0000000084900000|100%| O|  |TAMS 0x00000000848bde00, 0x0000000084800000| Untracked 
|   5|0x0000000084900000, 0x0000000084a00000, 0x0000000084a00000|100%|HS|  |TAMS 0x0000000084a00000, 0x0000000084900000| Complete 
|   6|0x0000000084a00000, 0x0000000084b00000, 0x0000000084b00000|100%|HC|  |TAMS 0x0000000084b00000, 0x0000000084a00000| Complete 
|   7|0x0000000084b00000, 0x0000000084c00000, 0x0000000084c00000|100%|HC|  |TAMS 0x0000000084c00000, 0x0000000084b00000| Complete 
|   8|0x0000000084c00000, 0x0000000084d00000, 0x0000000084d00000|100%|HC|  |TAMS 0x0000000084d00000, 0x0000000084c00000| Complete 
|   9|0x0000000084d00000, 0x0000000084e00000, 0x0000000084e00000|100%| O|  |TAMS 0x0000000084d00000, 0x0000000084d00000| Untracked 
|  10|0x0000000084e00000, 0x0000000084f00000, 0x0000000084f00000|100%| O|  |TAMS 0x0000000084e00000, 0x0000000084e00000| Untracked 
|  11|0x0000000084f00000, 0x0000000084fd0c00, 0x0000000085000000| 81%| O|  |TAMS 0x0000000084f00000, 0x0000000084f00000| Complete 
|  12|0x0000000085000000, 0x0000000085000000, 0x0000000085100000|  0%| F|  |TAMS 0x0000000085000000, 0x0000000085000000| Untracked 
|  13|0x0000000085100000, 0x0000000085100000, 0x0000000085200000|  0%| F|  |TAMS 0x0000000085100000, 0x0000000085100000| Untracked 
|  14|0x0000000085200000, 0x0000000085200000, 0x0000000085300000|  0%| F|  |TAMS 0x0000000085200000, 0x0000000085200000| Untracked 
|  15|0x0000000085300000, 0x0000000085300000, 0x0000000085400000|  0%| F|  |TAMS 0x0000000085300000, 0x0000000085300000| Untracked 
|  16|0x0000000085400000, 0x0000000085400000, 0x0000000085500000|  0%| F|  |TAMS 0x0000000085400000, 0x0000000085400000| Untracked 
|  17|0x0000000085500000, 0x0000000085500000, 0x0000000085600000|  0%| F|  |TAMS 0x0000000085500000, 0x0000000085500000| Untracked 
|  18|0x0000000085600000, 0x0000000085600000, 0x0000000085700000|  0%| F|  |TAMS 0x0000000085600000, 0x0000000085600000| Untracked 
|  19|0x0000000085700000, 0x0000000085700000, 0x0000000085800000|  0%| F|  |TAMS 0x0000000085700000, 0x0000000085700000| Untracked 
|  20|0x0000000085800000, 0x0000000085800000, 0x0000000085900000|  0%| F|  |TAMS 0x0000000085800000, 0x0000000085800000| Untracked 
|  21|0x0000000085900000, 0x0000000085900000, 0x0000000085a00000|  0%| F|  |TAMS 0x0000000085900000, 0x0000000085900000| Untracked 
|  22|0x0000000085a00000, 0x0000000085a00000, 0x0000000085b00000|  0%| F|  |TAMS 0x0000000085a00000, 0x0000000085a00000| Untracked 
|  23|0x0000000085b00000, 0x0000000085b00000, 0x0000000085c00000|  0%| F|  |TAMS 0x0000000085b00000, 0x0000000085b00000| Untracked 
|  24|0x0000000085c00000, 0x0000000085c00000, 0x0000000085d00000|  0%| F|  |TAMS 0x0000000085c00000, 0x0000000085c00000| Untracked 
|  25|0x0000000085d00000, 0x0000000085d00000, 0x0000000085e00000|  0%| F|  |TAMS 0x0000000085d00000, 0x0000000085d00000| Untracked 
|  26|0x0000000085e00000, 0x0000000085e00000, 0x0000000085f00000|  0%| F|  |TAMS 0x0000000085e00000, 0x0000000085e00000| Untracked 
|  27|0x0000000085f00000, 0x0000000085f00000, 0x0000000086000000|  0%| F|  |TAMS 0x0000000085f00000, 0x0000000085f00000| Untracked 
|  28|0x0000000086000000, 0x0000000086000000, 0x0000000086100000|  0%| F|  |TAMS 0x0000000086000000, 0x0000000086000000| Untracked 
|  29|0x0000000086100000, 0x0000000086100000, 0x0000000086200000|  0%| F|  |TAMS 0x0000000086100000, 0x0000000086100000| Untracked 
|  30|0x0000000086200000, 0x0000000086200000, 0x0000000086300000|  0%| F|  |TAMS 0x0000000086200000, 0x0000000086200000| Untracked 
|  31|0x0000000086300000, 0x0000000086300000, 0x0000000086400000|  0%| F|  |TAMS 0x0000000086300000, 0x0000000086300000| Untracked 
|  32|0x0000000086400000, 0x0000000086400000, 0x0000000086500000|  0%| F|  |TAMS 0x0000000086400000, 0x0000000086400000| Untracked 
|  33|0x0000000086500000, 0x0000000086500000, 0x0000000086600000|  0%| F|  |TAMS 0x0000000086500000, 0x0000000086500000| Untracked 
|  34|0x0000000086600000, 0x0000000086600000, 0x0000000086700000|  0%| F|  |TAMS 0x0000000086600000, 0x0000000086600000| Untracked 
|  35|0x0000000086700000, 0x0000000086700000, 0x0000000086800000|  0%| F|  |TAMS 0x0000000086700000, 0x0000000086700000| Untracked 
|  36|0x0000000086800000, 0x0000000086800000, 0x0000000086900000|  0%| F|  |TAMS 0x0000000086800000, 0x0000000086800000| Untracked 
|  37|0x0000000086900000, 0x0000000086900000, 0x0000000086a00000|  0%| F|  |TAMS 0x0000000086900000, 0x0000000086900000| Untracked 
|  38|0x0000000086a00000, 0x0000000086a00000, 0x0000000086b00000|  0%| F|  |TAMS 0x0000000086a00000, 0x0000000086a00000| Untracked 
|  39|0x0000000086b00000, 0x0000000086b00000, 0x0000000086c00000|  0%| F|  |TAMS 0x0000000086b00000, 0x0000000086b00000| Untracked 
|  40|0x0000000086c00000, 0x0000000086c00000, 0x0000000086d00000|  0%| F|  |TAMS 0x0000000086c00000, 0x0000000086c00000| Untracked 
|  41|0x0000000086d00000, 0x0000000086d00000, 0x0000000086e00000|  0%| F|  |TAMS 0x0000000086d00000, 0x0000000086d00000| Untracked 
|  42|0x0000000086e00000, 0x0000000086e00000, 0x0000000086f00000|  0%| F|  |TAMS 0x0000000086e00000, 0x0000000086e00000| Untracked 
|  43|0x0000000086f00000, 0x0000000086f00000, 0x0000000087000000|  0%| F|  |TAMS 0x0000000086f00000, 0x0000000086f00000| Untracked 
|  44|0x0000000087000000, 0x0000000087000000, 0x0000000087100000|  0%| F|  |TAMS 0x0000000087000000, 0x0000000087000000| Untracked 
|  45|0x0000000087100000, 0x0000000087100000, 0x0000000087200000|  0%| F|  |TAMS 0x0000000087100000, 0x0000000087100000| Untracked 
|  46|0x0000000087200000, 0x0000000087200000, 0x0000000087300000|  0%| F|  |TAMS 0x0000000087200000, 0x0000000087200000| Untracked 
|  47|0x0000000087300000, 0x0000000087300000, 0x0000000087400000|  0%| F|  |TAMS 0x0000000087300000, 0x0000000087300000| Untracked 
|  48|0x0000000087400000, 0x0000000087400000, 0x0000000087500000|  0%| F|  |TAMS 0x0000000087400000, 0x0000000087400000| Untracked 
|  49|0x0000000087500000, 0x0000000087500000, 0x0000000087600000|  0%| F|  |TAMS 0x0000000087500000, 0x0000000087500000| Untracked 
|  50|0x0000000087600000, 0x0000000087600000, 0x0000000087700000|  0%| F|  |TAMS 0x0000000087600000, 0x0000000087600000| Untracked 
|  51|0x0000000087700000, 0x00000000877d3fc8, 0x0000000087800000| 82%| E|  |TAMS 0x0000000087700000, 0x0000000087700000| Complete 
|  96|0x000000008a400000, 0x000000008a453ad0, 0x000000008a500000| 32%| S|CS|TAMS 0x000000008a400000, 0x000000008a400000| Complete 
|  97|0x000000008a500000, 0x000000008a600000, 0x000000008a600000|100%| S|CS|TAMS 0x000000008a500000, 0x000000008a500000| Complete 
| 101|0x000000008a900000, 0x000000008aa00000, 0x000000008aa00000|100%| S|CS|TAMS 0x000000008a900000, 0x000000008a900000| Complete 
| 102|0x000000008aa00000, 0x000000008ab00000, 0x000000008ab00000|100%| S|CS|TAMS 0x000000008aa00000, 0x000000008aa00000| Complete 
| 123|0x000000008bf00000, 0x000000008c000000, 0x000000008c000000|100%| E|CS|TAMS 0x000000008bf00000, 0x000000008bf00000| Complete 

Card table byte_map: [0x00000222b8920000,0x00000222b8d00000] _byte_map_base: 0x00000222b84fe000

Marking Bits (Prev, Next): (CMBitMap*) 0x000002229f3cf950, (CMBitMap*) 0x000002229f3cf910
 Prev Bits: [0x00000222bafd0000, 0x00000222bcec0000)
 Next Bits: [0x00000222b90e0000, 0x00000222bafd0000)

Polling page: 0x000002229f430000

Metaspace:

Usage:
  Non-class:     18.55 MB used.
      Class:      2.25 MB used.
       Both:     20.80 MB used.

Virtual space:
  Non-class space:       64.00 MB reserved,      18.69 MB ( 29%) committed,  1 nodes.
      Class space:        1.00 GB reserved,       2.38 MB ( <1%) committed,  1 nodes.
             Both:        1.06 GB reserved,      21.06 MB (  2%) committed. 

Chunk freelists:
   Non-Class:  974.00 KB
       Class:  1.66 MB
        Both:  2.61 MB

MaxMetaspaceSize: unlimited
CompressedClassSpaceSize: 1.00 GB
Initial GC threshold: 21.00 MB
Current GC threshold: 35.12 MB
CDS: on
MetaspaceReclaimPolicy: balanced
 - commit_granule_bytes: 65536.
 - commit_granule_words: 8192.
 - virtual_space_node_default_size: 8388608.
 - enlarge_chunks_in_place: 1.
 - new_chunks_are_fully_committed: 0.
 - uncommit_free_chunks: 1.
 - use_allocation_guard: 0.


Internal statistics:

num_allocs_failed_limit: 3.
num_arena_births: 244.
num_arena_deaths: 0.
num_vsnodes_births: 2.
num_vsnodes_deaths: 0.
num_space_committed: 337.
num_space_uncommitted: 0.
num_chunks_returned_to_freelist: 3.
num_chunks_taken_from_freelist: 446.
num_chunk_merges: 0.
num_chunk_splits: 283.
num_chunks_enlarged: 195.
num_inconsistent_stats: 0.

CodeHeap 'non-profiled nmethods': size=120000Kb used=1402Kb max_used=1402Kb free=118597Kb
 bounds [0x00000222b05b0000, 0x00000222b0820000, 0x00000222b7ae0000]
CodeHeap 'profiled nmethods': size=120000Kb used=7526Kb max_used=7526Kb free=112473Kb
 bounds [0x00000222a8ae0000, 0x00000222a9240000, 0x00000222b0010000]
CodeHeap 'non-nmethods': size=5760Kb used=1568Kb max_used=1611Kb free=4191Kb
 bounds [0x00000222b0010000, 0x00000222b0280000, 0x00000222b05b0000]
 total_blobs=4368 nmethods=3594 adapters=683
 compilation: enabled
              stopped_count=0, restarted_count=0
 full_count=0

Compilation events (20 events):
Event: 12660.790 Thread 0x00000222bf98b0e0 3585       4       java.lang.ref.ReferenceQueue::poll0 (65 bytes)
Event: 12660.799 Thread 0x00000222bf98b0e0 nmethod 3585 0x00000222b070a990 code [0x00000222b070ab20, 0x00000222b070ae28]
Event: 13106.477 Thread 0x00000222bf98b0e0 3586       4       java.util.concurrent.locks.ReentrantLock$NonfairSync::tryAcquire (27 bytes)
Event: 13106.487 Thread 0x00000222bf98b0e0 nmethod 3586 0x00000222b070af10 code [0x00000222b070b080, 0x00000222b070b1d8]
Event: 13371.969 Thread 0x00000222bf98b0e0 3587       4       java.util.concurrent.locks.LockSupport::setBlocker (12 bytes)
Event: 13371.975 Thread 0x00000222bf98b0e0 nmethod 3587 0x00000222b070b290 code [0x00000222b070b400, 0x00000222b070b518]
Event: 13774.902 Thread 0x00000222bf98b0e0 3588 % !   4       org.netbeans.modules.debugger.jpda.visual.remote.RemoteAWTService$AWTAccessLoop::run @ 10 (314 bytes)
Event: 13774.940 Thread 0x00000222bf98b0e0 nmethod 3588% 0x00000222b070b590 code [0x00000222b070b740, 0x00000222b070ba28]
Event: 14370.509 Thread 0x00000222bf98b0e0 3589   !   4       java.util.concurrent.locks.AbstractQueuedSynchronizer::acquire (407 bytes)
Event: 14370.561 Thread 0x00000222bf98b0e0 nmethod 3589 0x00000222b070bc90 code [0x00000222b070bea0, 0x00000222b070ce60]
Event: 14559.034 Thread 0x00000222bf98b0e0 3590       4       java.util.concurrent.locks.AbstractQueuedSynchronizer$Node::clearStatus (12 bytes)
Event: 14559.035 Thread 0x00000222bf98b0e0 nmethod 3590 0x00000222b070d590 code [0x00000222b070d700, 0x00000222b070d778]
Event: 14649.183 Thread 0x00000222bf98b0e0 3591       4       java.util.concurrent.locks.AbstractQueuedSynchronizer$ConditionObject::enableWait (84 bytes)
Event: 14649.202 Thread 0x00000222bf98b0e0 nmethod 3591 0x00000222b070d890 code [0x00000222b070da40, 0x00000222b070dfd8]
Event: 16071.551 Thread 0x00000222bf98b0e0 3592       4       java.lang.ClassLoader::getResource (41 bytes)
Event: 16071.577 Thread 0x00000222bf98b0e0 nmethod 3592 0x00000222b070e310 code [0x00000222b070e500, 0x00000222b070e750]
Event: 18758.424 Thread 0x00000222bf993a60 3593       3       java.util.concurrent.ConcurrentHashMap::remove (8 bytes)
Event: 18758.438 Thread 0x00000222bf993a60 nmethod 3593 0x00000222a9238a10 code [0x00000222a9238bc0, 0x00000222a9238d28]
Event: 18761.796 Thread 0x00000222bf98b0e0 3594       4       java.awt.EventQueue::dispatchEvent (80 bytes)
Event: 18761.956 Thread 0x00000222bf993a60 3596       3       javax.swing.plaf.basic.BasicLabelUI::propertyChange (82 bytes)

GC Heap History (4 events):
Event: 31.445 GC heap before
{Heap before GC invocations=0 (full 0):
 garbage-first heap   total 126976K, used 25600K [0x0000000084400000, 0x0000000100000000)
  region size 1024K, 23 young (23552K), 0 survivors (0K)
 Metaspace       used 10418K, committed 10688K, reserved 1114112K
  class space    used 1065K, committed 1216K, reserved 1048576K
}
Event: 31.499 GC heap after
{Heap after GC invocations=1 (full 0):
 garbage-first heap   total 126976K, used 7927K [0x0000000084400000, 0x0000000100000000)
  region size 1024K, 3 young (3072K), 3 survivors (3072K)
 Metaspace       used 10418K, committed 10688K, reserved 1114112K
  class space    used 1065K, committed 1216K, reserved 1048576K
}
Event: 1308.566 GC heap before
{Heap before GC invocations=1 (full 0):
 garbage-first heap   total 126976K, used 32503K [0x0000000084400000, 0x0000000100000000)
  region size 1024K, 24 young (24576K), 3 survivors (3072K)
 Metaspace       used 21272K, committed 21504K, reserved 1114112K
  class space    used 2299K, committed 2432K, reserved 1048576K
}
Event: 1308.579 GC heap after
{Heap after GC invocations=2 (full 0):
 garbage-first heap   total 126976K, used 15505K [0x0000000084400000, 0x0000000100000000)
  region size 1024K, 4 young (4096K), 4 survivors (4096K)
 Metaspace       used 21272K, committed 21504K, reserved 1114112K
  class space    used 2299K, committed 2432K, reserved 1048576K
}

Dll operation events (13 events):
Event: 0.016 Loaded shared library C:\Program Files\Java\jdk-19\bin\java.dll
Event: 0.024 Loaded shared library C:\Program Files\Java\jdk-19\bin\jsvml.dll
Event: 0.062 Loaded shared library C:\Program Files\Java\jdk-19\bin\net.dll
Event: 0.063 Loaded shared library C:\Program Files\Java\jdk-19\bin\nio.dll
Event: 1.916 Loaded shared library C:\Program Files\Java\jdk-19\bin\zip.dll
Event: 1.942 Loaded shared library C:\Program Files\Java\jdk-19\bin\jimage.dll
Event: 1.961 Loaded shared library C:\Program Files\Java\jdk-19\bin\awt.dll
Event: 2.166 Loaded shared library C:\Program Files\Java\jdk-19\bin\javajpeg.dll
Event: 2.250 Loaded shared library C:\Program Files\Java\jdk-19\bin\freetype.dll
Event: 2.252 Loaded shared library C:\Program Files\Java\jdk-19\bin\fontmanager.dll
Event: 31.562 Loaded shared library C:\Program Files\Java\jdk-19\bin\extnet.dll
Event: 31.890 Loaded shared library C:\Program Files\Java\jdk-19\bin\sunmscapi.dll
Event: 40.648 Loaded shared library C:\Program Files\Java\jdk-19\bin\verify.dll

Deoptimization events (20 events):
Event: 114.740 Thread 0x00000222c4b87230 DEOPT PACKING pc=0x00000222b0668420 sp=0x000000d25a1fd0e0
Event: 114.740 Thread 0x00000222c4b87230 DEOPT UNPACKING pc=0x00000222b0076da3 sp=0x000000d25a1fd0b0 mode 2
Event: 114.740 Thread 0x00000222c4b87230 Uncommon trap: trap_request=0xffffffde fr.pc=0x00000222b0668420 relative=0x0000000000000280
Event: 114.740 Thread 0x00000222c4b87230 Uncommon trap: reason=class_check action=maybe_recompile pc=0x00000222b0668420 method=sun.security.util.math.intpoly.IntegerPolynomial.multByInt([JJ)V @ 26 c2
Event: 114.740 Thread 0x00000222c4b87230 DEOPT PACKING pc=0x00000222b0668420 sp=0x000000d25a1fd0e0
Event: 114.740 Thread 0x00000222c4b87230 DEOPT UNPACKING pc=0x00000222b0076da3 sp=0x000000d25a1fd0b0 mode 2
Event: 126.858 Thread 0x00000222c4b87230 DEOPT PACKING pc=0x00000222a8f19422 sp=0x000000d25a1fd110
Event: 126.858 Thread 0x00000222c4b87230 DEOPT UNPACKING pc=0x00000222b0077543 sp=0x000000d25a1fc550 mode 0
Event: 126.861 Thread 0x00000222c4b87230 DEOPT PACKING pc=0x00000222a8f19422 sp=0x000000d25a1fcf10
Event: 126.861 Thread 0x00000222c4b87230 DEOPT UNPACKING pc=0x00000222b0077543 sp=0x000000d25a1fc350 mode 0
Event: 126.862 Thread 0x00000222c4b87230 DEOPT PACKING pc=0x00000222a8f19422 sp=0x000000d25a1fcdb0
Event: 126.862 Thread 0x00000222c4b87230 DEOPT UNPACKING pc=0x00000222b0077543 sp=0x000000d25a1fc1f0 mode 0
Event: 129.930 Thread 0x00000222c4b87230 Uncommon trap: trap_request=0xffffff45 fr.pc=0x00000222b06ba560 relative=0x0000000000001100
Event: 129.930 Thread 0x00000222c4b87230 Uncommon trap: reason=unstable_if action=reinterpret pc=0x00000222b06ba560 method=java.awt.Container.getMouseEventTargetImpl(IIZLjava/awt/Container$EventTargetFilter;ZZ)Ljava/awt/Component; @ 218 c2
Event: 129.930 Thread 0x00000222c4b87230 DEOPT PACKING pc=0x00000222b06ba560 sp=0x000000d25a1feae0
Event: 129.930 Thread 0x00000222c4b87230 DEOPT UNPACKING pc=0x00000222b0076da3 sp=0x000000d25a1feac8 mode 2
Event: 14669.759 Thread 0x00000222c4b847b0 DEOPT PACKING pc=0x00000222a92341bd sp=0x000000d25a5ff650
Event: 14669.767 Thread 0x00000222c4b847b0 DEOPT UNPACKING pc=0x00000222b0077543 sp=0x000000d25a5febd0 mode 0
Event: 18761.055 Thread 0x00000222c4b87230 DEOPT PACKING pc=0x00000222a8d1d5b4 sp=0x000000d25a1ff2d0
Event: 18761.059 Thread 0x00000222c4b87230 DEOPT UNPACKING pc=0x00000222b0077543 sp=0x000000d25a1fe788 mode 0

Classes loaded (20 events):
Event: 68.500 Loading class java/awt/geom/Arc2D done
Event: 68.500 Loading class java/awt/geom/Arc2D$Float done
Event: 68.500 Loading class java/awt/geom/ArcIterator
Event: 68.501 Loading class java/awt/geom/ArcIterator done
Event: 79.157 Loading class javax/swing/plaf/basic/BasicButtonListener$Actions
Event: 79.158 Loading class javax/swing/plaf/basic/BasicButtonListener$Actions done
Event: 100.147 Loading class java/security/DomainCombiner
Event: 100.147 Loading class java/security/DomainCombiner done
Event: 1308.581 Loading class sun/security/ssl/Alert
Event: 1308.582 Loading class sun/security/ssl/Alert done
Event: 1308.582 Loading class sun/security/ssl/Alert$AlertConsumer
Event: 1308.583 Loading class sun/security/ssl/Alert$AlertConsumer done
Event: 1308.583 Loading class sun/security/ssl/Alert$Level
Event: 1308.583 Loading class sun/security/ssl/Alert$Level done
Event: 18761.434 Loading class java/util/WeakHashMap$KeyIterator
Event: 18761.577 Loading class java/util/WeakHashMap$HashIterator
Event: 18761.649 Loading class java/util/WeakHashMap$HashIterator done
Event: 18761.649 Loading class java/util/WeakHashMap$KeyIterator done
Event: 18761.738 Loading class javax/swing/RepaintManager$DisplayChangedRunnable
Event: 18761.780 Loading class javax/swing/RepaintManager$DisplayChangedRunnable done

Classes unloaded (0 events):
No events

Classes redefined (0 events):
No events

Internal exceptions (20 events):
Event: 2.105 Thread 0x000002229f36fba0 Exception <a 'java/lang/NoSuchMethodError'{0x000000008b955a90}: 'int java.lang.invoke.Invokers$Holder.invokeExact_MT(java.lang.Object, java.lang.Object)'> (0x000000008b955a90) 
thrown [s\open\src\hotspot\share\interpreter\linkResolver.cpp, line 774]
Event: 2.168 Thread 0x00000222bf9817b0 Exception <a 'java/lang/NoSuchMethodError'{0x000000008b70deb8}: 'java.lang.Object java.lang.invoke.DirectMethodHandle$Holder.newInvokeSpecial(java.lang.Object, java.lang.Object, java.lang.Object, int, int, int, int, int)'> (0x000000008b70deb8) 
thrown [s\open\src\hotspot\share\interpreter\linkResolver.cpp, line 774]
Event: 2.223 Thread 0x00000222bf981260 Exception <a 'java/lang/NoSuchMethodError'{0x000000008bb86178}: 'void java.lang.invoke.DirectMethodHandle$Holder.invokeVirtual(java.lang.Object, java.lang.Object)'> (0x000000008bb86178) 
thrown [s\open\src\hotspot\share\interpreter\linkResolver.cpp, line 774]
Event: 2.245 Thread 0x000002229f36fba0 Exception <a 'java/lang/NoSuchMethodError'{0x000000008b6aadb8}: 'void java.lang.invoke.DirectMethodHandle$Holder.invokeStaticInit(java.lang.Object)'> (0x000000008b6aadb8) 
thrown [s\open\src\hotspot\share\interpreter\linkResolver.cpp, line 774]
Event: 2.547 Thread 0x00000222c4b87230 Exception <a 'java/io/FileNotFoundException'{0x000000008b462408}> (0x000000008b462408) 
thrown [s\open\src\hotspot\share\prims\jni.cpp, line 517]
Event: 2.549 Thread 0x00000222c4b87230 Exception <a 'java/io/FileNotFoundException'{0x000000008b468360}> (0x000000008b468360) 
thrown [s\open\src\hotspot\share\prims\jni.cpp, line 517]
Event: 2.555 Thread 0x00000222c4b87230 Exception <a 'java/io/FileNotFoundException'{0x000000008b480568}> (0x000000008b480568) 
thrown [s\open\src\hotspot\share\prims\jni.cpp, line 517]
Event: 2.556 Thread 0x00000222c4b87230 Exception <a 'java/io/FileNotFoundException'{0x000000008b486290}> (0x000000008b486290) 
thrown [s\open\src\hotspot\share\prims\jni.cpp, line 517]
Event: 31.376 Thread 0x00000222c4b87230 Implicit null exception at 0x00000222b0611aff to 0x00000222b0611bb8
Event: 31.401 Thread 0x00000222c4b87230 Exception <a 'java/lang/NoSuchMethodError'{0x000000008aa7bbb8}: 'java.lang.Object java.lang.invoke.DirectMethodHandle$Holder.invokeInterface(java.lang.Object, java.lang.Object)'> (0x000000008aa7bbb8) 
thrown [s\open\src\hotspot\share\interpreter\linkResolver.cpp, line 774]
Event: 31.422 Thread 0x00000222c4b87230 Exception <a 'java/lang/NoSuchMethodError'{0x000000008aaf6398}: 'void java.lang.invoke.DirectMethodHandle$Holder.invokeStatic(java.lang.Object, java.lang.Object, java.lang.Object)'> (0x000000008aaf6398) 
thrown [s\open\src\hotspot\share\interpreter\linkResolver.cpp, line 774]
Event: 31.423 Thread 0x00000222c4b87230 Exception <a 'java/lang/NoSuchMethodError'{0x000000008a9008e0}: 'java.lang.Object java.lang.invoke.DirectMethodHandle$Holder.invokeVirtual(java.lang.Object, java.lang.Object, java.lang.Object)'> (0x000000008a9008e0) 
thrown [s\open\src\hotspot\share\interpreter\linkResolver.cpp, line 774]
Event: 31.563 Thread 0x00000222c4b87230 Exception <a 'java/lang/NoSuchMethodError'{0x000000008bdae238}: 'void java.lang.invoke.DirectMethodHandle$Holder.invokeStatic(java.lang.Object, java.lang.Object)'> (0x000000008bdae238) 
thrown [s\open\src\hotspot\share\interpreter\linkResolver.cpp, line 774]
Event: 31.658 Thread 0x00000222c4b87230 Exception <a 'java/lang/NoSuchMethodError'{0x000000008bb45418}: 'void java.lang.invoke.DirectMethodHandle$Holder.invokeStaticInit(java.lang.Object, java.lang.Object)'> (0x000000008bb45418) 
thrown [s\open\src\hotspot\share\interpreter\linkResolver.cpp, line 774]
Event: 31.720 Thread 0x00000222c4b87230 Exception <a 'sun/nio/fs/WindowsException'{0x000000008ba71338}> (0x000000008ba71338) 
thrown [s\open\src\hotspot\share\prims\jni.cpp, line 517]
Event: 31.763 Thread 0x00000222c4b87230 Exception <a 'java/lang/NoSuchMethodError'{0x000000008b929228}: 'java.lang.Object java.lang.invoke.DirectMethodHandle$Holder.invokeStaticInit(java.lang.Object, int, int, int, int)'> (0x000000008b929228) 
thrown [s\open\src\hotspot\share\interpreter\linkResolver.cpp, line 774]
Event: 31.860 Thread 0x00000222c4b87230 Exception <a 'java/lang/NoSuchMethodError'{0x000000008b9ecef8}: 'java.lang.Object java.lang.invoke.DirectMethodHandle$Holder.invokeStaticInit(java.lang.Object, java.lang.Object, int, int, int, int)'> (0x000000008b9ecef8) 
thrown [s\open\src\hotspot\share\interpreter\linkResolver.cpp, line 774]
Event: 32.148 Thread 0x00000222c4b87230 Exception <a 'java/lang/NoSuchMethodError'{0x000000008b6952f0}: 'int java.lang.invoke.DirectMethodHandle$Holder.invokeStatic(java.lang.Object)'> (0x000000008b6952f0) 
thrown [s\open\src\hotspot\share\interpreter\linkResolver.cpp, line 774]
Event: 40.761 Thread 0x00000222c4b857a0 Implicit null exception at 0x00000222b060256c to 0x00000222b06025e8
Event: 114.766 Thread 0x00000222c4b87230 Exception <a 'java/lang/NoSuchMethodError'{0x000000008ac3a5a0}: 'java.lang.Object java.lang.invoke.Invokers$Holder.linkToTargetMethod(java.lang.Object, java.lang.Object, java.lang.Object, java.lang.Object, java.lang.Object, java.lang.Object, java.lang.Object, java.lang.Object, java.lang.Object, java.lang.Object, java.lang.Object, java.lang.Object)'> (0x000000008ac3a5a0) 
thrown [s\open\src\hotspot\share\interpreter\linkResolver.cpp, line 774]

VM Operations (20 events):
Event: 18057.171 Executing VM operation: ChangeBreakpoints
Event: 18057.172 Executing VM operation: ChangeBreakpoints done
Event: 18090.322 Executing VM operation: ChangeBreakpoints
Event: 18090.324 Executing VM operation: ChangeBreakpoints done
Event: 18090.324 Executing VM operation: ChangeBreakpoints
Event: 18090.325 Executing VM operation: ChangeBreakpoints done
Event: 18091.024 Executing VM operation: ChangeBreakpoints
Event: 18091.024 Executing VM operation: ChangeBreakpoints done
Event: 18091.024 Executing VM operation: ChangeBreakpoints
Event: 18091.025 Executing VM operation: ChangeBreakpoints done
Event: 18330.133 Executing VM operation: ChangeBreakpoints
Event: 18330.134 Executing VM operation: ChangeBreakpoints done
Event: 18330.134 Executing VM operation: ChangeBreakpoints
Event: 18330.135 Executing VM operation: ChangeBreakpoints done
Event: 18758.869 Executing VM operation: Cleanup
Event: 18758.895 Executing VM operation: Cleanup done
Event: 18760.918 Executing VM operation: Cleanup
Event: 18760.919 Executing VM operation: Cleanup done
Event: 18761.934 Executing VM operation: Cleanup
Event: 18761.951 Executing VM operation: Cleanup done

Events (20 events):
Event: 2.029 Thread 0x00000222bf983240 Thread added: 0x00000222bf983240
Event: 2.031 Thread 0x00000222bf981260 Thread added: 0x00000222bf981260
Event: 2.111 Thread 0x00000222bf9817b0 Thread added: 0x00000222bf9817b0
Event: 2.223 Thread 0x00000222c4b87230 Thread added: 0x00000222c4b87230
Event: 2.334 Thread 0x000002229f36fba0 Thread exited: 0x000002229f36fba0
Event: 2.334 Thread 0x00000222c4b87cd0 Thread added: 0x00000222c4b87cd0
Event: 2.493 Thread 0x00000222c4b847b0 Thread added: 0x00000222c4b847b0
Event: 2.783 Thread 0x00000222c4b89760 Thread added: 0x00000222c4b89760
Event: 7.191 Thread 0x00000222bf9817b0 Thread exited: 0x00000222bf9817b0
Event: 31.371 Thread 0x00000222c4b88220 Thread added: 0x00000222c4b88220
Event: 31.596 Thread 0x00000222c5c6f260 Thread added: 0x00000222c5c6f260
Event: 31.881 Thread 0x00000222c5c6f260 Thread exited: 0x00000222c5c6f260
Event: 31.970 Thread 0x00000222c5990fb0 Thread added: 0x00000222c5990fb0
Event: 32.113 Thread 0x00000222c4b88770 Thread added: 0x00000222c4b88770
Event: 36.432 Thread 0x00000222c5990fb0 Thread exited: 0x00000222c5990fb0
Event: 37.117 Thread 0x00000222c4b88770 Thread exited: 0x00000222c4b88770
Event: 40.732 Thread 0x00000222c50759f0 Thread added: 0x00000222c50759f0
Event: 40.761 Thread 0x00000222c4b857a0 Thread added: 0x00000222c4b857a0
Event: 42.395 Thread 0x00000222c50759f0 Thread exited: 0x00000222c50759f0
Event: 45.767 Thread 0x00000222c4b857a0 Thread exited: 0x00000222c4b857a0


Dynamic libraries:
0x00007ff64a040000 - 0x00007ff64a050000 	C:\Program Files\Java\jdk-19\bin\java.exe
0x00007ffba1eb0000 - 0x00007ffba20c7000 	C:\WINDOWS\SYSTEM32\ntdll.dll
0x00007ffba0690000 - 0x00007ffba0754000 	C:\WINDOWS\System32\KERNEL32.DLL
0x00007ffb9f520000 - 0x00007ffb9f8c6000 	C:\WINDOWS\System32\KERNELBASE.dll
0x00007ffb9f8d0000 - 0x00007ffb9f9e1000 	C:\WINDOWS\System32\ucrtbase.dll
0x00007ffb95e80000 - 0x00007ffb95e9b000 	C:\Program Files\Java\jdk-19\bin\VCRUNTIME140.dll
0x00007ffb87d60000 - 0x00007ffb87d78000 	C:\Program Files\Java\jdk-19\bin\jli.dll
0x00007ffb9ffe0000 - 0x00007ffba0093000 	C:\WINDOWS\System32\ADVAPI32.dll
0x00007ffba1750000 - 0x00007ffba17f7000 	C:\WINDOWS\System32\msvcrt.dll
0x00007ffba1820000 - 0x00007ffba18c8000 	C:\WINDOWS\System32\sechost.dll
0x00007ffb9fa60000 - 0x00007ffb9fa88000 	C:\WINDOWS\System32\bcrypt.dll
0x00007ffb9fe60000 - 0x00007ffb9ff77000 	C:\WINDOWS\System32\RPCRT4.dll
0x00007ffb9fc50000 - 0x00007ffb9fdfe000 	C:\WINDOWS\System32\USER32.dll
0x00007ffb9f4f0000 - 0x00007ffb9f516000 	C:\WINDOWS\System32\win32u.dll
0x00007ffba0180000 - 0x00007ffba01a9000 	C:\WINDOWS\System32\GDI32.dll
0x00007ffb9f1f0000 - 0x00007ffb9f308000 	C:\WINDOWS\System32\gdi32full.dll
0x00007ffb79ce0000 - 0x00007ffb79f73000 	C:\WINDOWS\WinSxS\amd64_microsoft.windows.common-controls_6595b64144ccf1df_6.0.22621.2506_none_270c5ae97388e100\COMCTL32.dll
0x00007ffb9f3d0000 - 0x00007ffb9f46a000 	C:\WINDOWS\System32\msvcp_win.dll
0x00007ffb90410000 - 0x00007ffb9041a000 	C:\WINDOWS\SYSTEM32\VERSION.dll
0x00007ffb9fc00000 - 0x00007ffb9fc31000 	C:\WINDOWS\System32\IMM32.DLL
0x00007ffb93ef0000 - 0x00007ffb93efc000 	C:\Program Files\Java\jdk-19\bin\vcruntime140_1.dll
0x00007ffb51af0000 - 0x00007ffb51b7e000 	C:\Program Files\Java\jdk-19\bin\msvcp140.dll
0x00007ffb22770000 - 0x00007ffb23430000 	C:\Program Files\Java\jdk-19\bin\server\jvm.dll
0x00007ffb6d560000 - 0x00007ffb6d569000 	C:\WINDOWS\SYSTEM32\WSOCK32.dll
0x00007ffb95e20000 - 0x00007ffb95e54000 	C:\WINDOWS\SYSTEM32\WINMM.dll
0x00007ffba1960000 - 0x00007ffba19d1000 	C:\WINDOWS\System32\WS2_32.dll
0x00007ffb9e200000 - 0x00007ffb9e218000 	C:\WINDOWS\SYSTEM32\kernel.appcore.dll
0x00007ffb8a8d0000 - 0x00007ffb8a8da000 	C:\Program Files\Java\jdk-19\bin\jimage.dll
0x00007ffb9c9c0000 - 0x00007ffb9cbf3000 	C:\WINDOWS\SYSTEM32\DBGHELP.DLL
0x00007ffba1ae0000 - 0x00007ffba1e69000 	C:\WINDOWS\System32\combase.dll
0x00007ffba00a0000 - 0x00007ffba0177000 	C:\WINDOWS\System32\OLEAUT32.dll
0x00007ffb79c00000 - 0x00007ffb79c32000 	C:\WINDOWS\SYSTEM32\dbgcore.DLL
0x00007ffb9f470000 - 0x00007ffb9f4ea000 	C:\WINDOWS\System32\bcryptPrimitives.dll
0x00007ffb73a50000 - 0x00007ffb73a8c000 	C:\Program Files\Java\jdk-19\bin\jdwp.dll
0x00007ffb8a910000 - 0x00007ffb8a936000 	C:\Program Files\Java\jdk-19\bin\java.dll
0x00007ffb5df00000 - 0x00007ffb5dfd7000 	C:\Program Files\Java\jdk-19\bin\jsvml.dll
0x00007ffba0ed0000 - 0x00007ffba172b000 	C:\WINDOWS\System32\SHELL32.dll
0x00007ffb9d0c0000 - 0x00007ffb9d9b6000 	C:\WINDOWS\SYSTEM32\windows.storage.dll
0x00007ffb9cf80000 - 0x00007ffb9d0be000 	C:\WINDOWS\SYSTEM32\wintypes.dll
0x00007ffba19e0000 - 0x00007ffba1ad3000 	C:\WINDOWS\System32\SHCORE.dll
0x00007ffba0e70000 - 0x00007ffba0ece000 	C:\WINDOWS\System32\shlwapi.dll
0x00007ffb9f120000 - 0x00007ffb9f146000 	C:\WINDOWS\SYSTEM32\profapi.dll
0x00007ffb86ce0000 - 0x00007ffb86cf3000 	C:\Program Files\Java\jdk-19\bin\net.dll
0x00007ffb98250000 - 0x00007ffb98387000 	C:\WINDOWS\SYSTEM32\WINHTTP.dll
0x00007ffb9e690000 - 0x00007ffb9e6f9000 	C:\WINDOWS\system32\mswsock.dll
0x00007ffb86c60000 - 0x00007ffb86c76000 	C:\Program Files\Java\jdk-19\bin\nio.dll
0x00007ffb9a290000 - 0x00007ffb9a29b000 	C:\Program Files\Java\jdk-19\bin\dt_shmem.dll
0x00007ffb86290000 - 0x00007ffb862a8000 	C:\Program Files\Java\jdk-19\bin\zip.dll
0x00007ffb29640000 - 0x00007ffb297d1000 	C:\Program Files\Java\jdk-19\bin\awt.dll
0x00007ffb9c050000 - 0x00007ffb9c0e7000 	C:\WINDOWS\SYSTEM32\apphelp.dll
0x00007ffb9c470000 - 0x00007ffb9c49b000 	C:\WINDOWS\system32\DWMAPI.DLL
0x00007ffb9c1c0000 - 0x00007ffb9c26b000 	C:\WINDOWS\system32\uxtheme.dll
0x00007ffb28c50000 - 0x00007ffb28d50000 	C:\WINDOWS\system32\opengl32.dll
0x00007ffb87d80000 - 0x00007ffb87dad000 	C:\WINDOWS\SYSTEM32\GLU32.dll
0x00007ffb9c300000 - 0x00007ffb9c339000 	C:\WINDOWS\SYSTEM32\dxcore.dll
0x00007ffba0c60000 - 0x00007ffba0db1000 	C:\WINDOWS\System32\MSCTF.dll
0x00007ffba02e0000 - 0x00007ffba0480000 	C:\WINDOWS\System32\ole32.dll
0x00007ffb730c0000 - 0x00007ffb730ee000 	C:\Program Files\Java\jdk-19\bin\javajpeg.dll
0x00007ffb51a60000 - 0x00007ffb51ae6000 	C:\Program Files\Java\jdk-19\bin\freetype.dll
0x00007ffb29570000 - 0x00007ffb29635000 	C:\Program Files\Java\jdk-19\bin\fontmanager.dll
0x00007ffba0dc0000 - 0x00007ffba0e70000 	C:\WINDOWS\System32\clbcatq.dll
0x00007ffb9a580000 - 0x00007ffb9a730000 	C:\WINDOWS\SYSTEM32\WindowsCodecs.dll
0x00007ffb72b50000 - 0x00007ffb72bae000 	C:\WINDOWS\system32\dataexchange.dll
0x00007ffb97670000 - 0x00007ffb978f7000 	C:\WINDOWS\system32\twinapi.appcore.dll
0x00007ffb87840000 - 0x00007ffb8798a000 	C:\WINDOWS\SYSTEM32\textinputframework.dll
0x00007ffb9bd70000 - 0x00007ffb9bea4000 	C:\WINDOWS\SYSTEM32\CoreMessaging.dll
0x00007ffb98f00000 - 0x00007ffb9926c000 	C:\WINDOWS\SYSTEM32\CoreUIComponents.dll
0x00007ffb9e920000 - 0x00007ffb9e92c000 	C:\WINDOWS\SYSTEM32\CRYPTBASE.DLL
0x00007ffb9dc50000 - 0x00007ffb9dd49000 	C:\WINDOWS\SYSTEM32\DNSAPI.dll
0x00007ffb9dc20000 - 0x00007ffb9dc4d000 	C:\WINDOWS\SYSTEM32\IPHLPAPI.DLL
0x00007ffba01d0000 - 0x00007ffba01d9000 	C:\WINDOWS\System32\NSI.dll
0x00007ffb97ea0000 - 0x00007ffb97eaa000 	C:\Windows\System32\rasadhlp.dll
0x00007ffb967a0000 - 0x00007ffb96823000 	C:\WINDOWS\System32\fwpuclnt.dll
0x00007ffb743c0000 - 0x00007ffb743c8000 	C:\Program Files\Java\jdk-19\bin\extnet.dll
0x00007ffb9e900000 - 0x00007ffb9e91b000 	C:\WINDOWS\SYSTEM32\CRYPTSP.dll
0x00007ffb9e160000 - 0x00007ffb9e195000 	C:\WINDOWS\system32\rsaenh.dll
0x00007ffb9e7a0000 - 0x00007ffb9e7cc000 	C:\WINDOWS\SYSTEM32\USERENV.dll
0x00007ffb97fa0000 - 0x00007ffb97fb9000 	C:\WINDOWS\SYSTEM32\dhcpcsvc6.DLL
0x00007ffb97f80000 - 0x00007ffb97f9f000 	C:\WINDOWS\SYSTEM32\dhcpcsvc.DLL
0x00007ffb9bd60000 - 0x00007ffb9bd6e000 	C:\Program Files\Java\jdk-19\bin\sunmscapi.dll
0x00007ffb9fa90000 - 0x00007ffb9fbf6000 	C:\WINDOWS\System32\CRYPT32.dll
0x00007ffb9eac0000 - 0x00007ffb9eaee000 	C:\WINDOWS\SYSTEM32\ncrypt.dll
0x00007ffb9ea80000 - 0x00007ffb9eab7000 	C:\WINDOWS\SYSTEM32\NTASN1.dll
0x00007ffb743d0000 - 0x00007ffb743e0000 	C:\Program Files\Java\jdk-19\bin\verify.dll

dbghelp: loaded successfully - version: 4.0.5 - missing functions: none
symbol engine: initialized successfully - sym options: 0x614 - pdb path: .;C:\Program Files\Java\jdk-19\bin;C:\WINDOWS\SYSTEM32;C:\WINDOWS\WinSxS\amd64_microsoft.windows.common-controls_6595b64144ccf1df_6.0.22621.2506_none_270c5ae97388e100;C:\Program Files\Java\jdk-19\bin\server

VM Arguments:
jvm_args: -Dfile.encoding=UTF-8 -agentlib:jdwp=transport=dt_shmem,address=javadebug --module-path=C:\Users\Lenovo\OneDrive\Documents\NetBeansProjects\Bank management system\build\classes 
java_command: bank.management.system.Login
java_class_path (initial): C:\Users\Lenovo\Downloads\jcalendar-tz-1.3.3-4.jar;C:\Users\Lenovo\Downloads\sql;C:\Users\Lenovo\Downloads\mysql-connector-java-8.0.28.jar;C:\Users\Lenovo\OneDrive\Documents\NetBeansProjects\Bank management system\build\classes
Launcher Type: SUN_STANDARD

[Global flags]
     intx CICompilerCount                          = 4                                         {product} {ergonomic}
     uint ConcGCThreads                            = 2                                         {product} {ergonomic}
     uint G1ConcRefinementThreads                  = 8                                         {product} {ergonomic}
   size_t G1HeapRegionSize                         = 1048576                                   {product} {ergonomic}
    uintx GCDrainStackTargetSize                   = 64                                        {product} {ergonomic}
   size_t InitialHeapSize                          = 130023424                                 {product} {ergonomic}
   size_t MarkStackSize                            = 4194304                                   {product} {ergonomic}
   size_t MaxHeapSize                              = 2076180480                                {product} {ergonomic}
   size_t MaxNewSize                               = 1245708288                                {product} {ergonomic}
   size_t MinHeapDeltaBytes                        = 1048576                                   {product} {ergonomic}
   size_t MinHeapSize                              = 8388608                                   {product} {ergonomic}
    uintx NonNMethodCodeHeapSize                   = 5839372                                {pd product} {ergonomic}
    uintx NonProfiledCodeHeapSize                  = 122909434                              {pd product} {ergonomic}
    uintx ProfiledCodeHeapSize                     = 122909434                              {pd product} {ergonomic}
    uintx ReservedCodeCacheSize                    = 251658240                              {pd product} {ergonomic}
     bool SegmentedCodeCache                       = true                                      {product} {ergonomic}
   size_t SoftMaxHeapSize                          = 2076180480                             {manageable} {ergonomic}
     bool UseCompressedClassPointers               = true                           {product lp64_product} {ergonomic}
     bool UseCompressedOops                        = true                           {product lp64_product} {ergonomic}
     bool UseG1GC                                  = true                                      {product} {ergonomic}
     bool UseLargePagesIndividualAllocation        = false                                  {pd product} {ergonomic}

Logging:
Log output configuration:
 #0: stdout all=warning uptime,level,tags foldmultilines=false
 #1: stderr all=off uptime,level,tags foldmultilines=false

Environment Variables:
PATH=C:\Program Files (x86)\VMware\VMware Player\bin\;C:\Program Files\Common Files\Oracle\Java\javapath;C:\WINDOWS\system32;C:\WINDOWS;C:\WINDOWS\System32\Wbem;C:\WINDOWS\System32\WindowsPowerShell\v1.0\;C:\WINDOWS\System32\OpenSSH\;C:\MinGW\bin;C:\MinGW\bin;C:\Users\Lenovo\Downloads\mingw32\bin;C:\Program Files\MySQL\MySQL Shell 8.0\bin\;C:\Users\Lenovo\AppData\Local\Programs\Python\Python311\Scripts\;C:\Users\Lenovo\AppData\Local\Programs\Python\Python311\;C:\Users\Lenovo\AppData\Local\Microsoft\WindowsApps;C:\Program Files\JetBrains\IntelliJ IDEA Community Edition 2022.2.3\bin;C:\Users\Lenovo\AppData\Local\atom\bin;C:\Users\Lenovo\Downloads\IntelliJ IDEA Community Edition 2022.3\bin;;C:\Users\Lenovo\AppData\Local\Microsoft\WindowsApps;C:\Users\Lenovo\AppData\Local\Programs\Microsoft VS Code\bin;C:\Program Files\JetBrains\PyCharm 2023.1.4\bin;;C:\Program Files\JetBrains\PyCharm Community Edition 2023.1.4\bin;;
USERNAME=Lenovo
OS=Windows_NT
PROCESSOR_IDENTIFIER=Intel64 Family 6 Model 154 Stepping 4, GenuineIntel
TMP=C:\Users\Lenovo\AppData\Local\Temp
TEMP=C:\Users\Lenovo\AppData\Local\Temp



---------------  S Y S T E M  ---------------

OS:
 Windows 11 , 64 bit Build 22621 (10.0.22621.3085)
OS uptime: 1 days 14:07 hours
Hyper-V role detected

CPU: total 8 (initial active 8) (4 cores per cpu, 2 threads per core) family 6 model 154 stepping 4 microcode 0x41f, cx8, cmov, fxsr, ht, mmx, 3dnowpref, sse, sse2, sse3, ssse3, sse4.1, sse4.2, popcnt, lzcnt, tsc, tscinvbit, avx, avx2, aes, erms, clmul, bmi1, bmi2, adx, sha, fma, vzeroupper, clflush, clflushopt, clwb, hv, serialize, rdtscp, rdpid, fsrm

Memory: 4k page, system-wide physical 7916M (294M free)
TotalPageFile size 32492M (AvailPageFile size 1M)
current process WorkingSet (physical memory assigned to process): 35M, peak: 145M
current process commit charge ("private bytes"): 189M, peak: 272M

vm_info: Java HotSpot(TM) 64-Bit Server VM (19.0.1+10-21) for windows-amd64 JRE (19.0.1+10-21), built on 2022-09-14T12:45:06Z by "mach5one" with MS VC++ 17.1 (VS2022)

END.
