#
# There is insufficient memory for the Java Runtime Environment to continue.
# Native memory allocation (malloc) failed to allocate 846896 bytes for Chunk::new
# Possible reasons:
#   The system is out of physical RAM or swap space
#   The process is running with CompressedOops enabled, and the Java Heap may be blocking the growth of the native heap
# Possible solutions:
#   Reduce memory load on the system
#   Increase physical memory or swap space
#   Check if swap backing store is full
#   Decrease Java heap size (-Xmx/-Xms)
#   Decrease number of Java threads
#   Decrease Java thread stack sizes (-Xss)
#   Set larger code cache with -XX:ReservedCodeCacheSize=
#   JVM is running with Unscaled Compressed Oops mode in which the Java heap is
#     placed in the first 4GB address space. The Java Heap base address is the
#     maximum limit for the native heap growth. Please use -XX:HeapBaseMinAddress
#     to set the Java Heap base and to place the Java Heap above 4GB virtual address.
# This output file may be truncated or incomplete.
#
#  Out of Memory Error (arena.cpp:184), pid=32672, tid=29804
#
# JRE version: Java(TM) SE Runtime Environment (19.0.1+10) (build 19.0.1+10-21)
# Java VM: Java HotSpot(TM) 64-Bit Server VM (19.0.1+10-21, mixed mode, sharing, tiered, compressed oops, compressed class ptrs, g1 gc, windows-amd64)
# No core dump will be written. Minidumps are not enabled by default on client versions of Windows
#

---------------  S U M M A R Y ------------

Command Line: -Dfile.encoding=UTF-8 -agentlib:jdwp=transport=dt_shmem,address=javadebug --module-path=C:\Users\Lenovo\OneDrive\Documents\NetBeansProjects\Bank management system\build\classes bank.management.system.Login

Host: 12th Gen Intel(R) Core(TM) i3-1215U, 8 cores, 7G,  Windows 11 , 64 bit Build 22621 (10.0.22621.3085)
Time: Wed Feb 28 09:03:18 2024 India Standard Time elapsed time: 0.828559 seconds (0d 0h 0m 0s)

---------------  T H R E A D  ---------------

Current thread (0x0000021a5673a280):  JavaThread "C2 CompilerThread0" daemon [_thread_in_native, id=29804, stack(0x000000f898400000,0x000000f898500000)]


Current CompileTask:
C2:    828 1202   !   4       sun.font.TrueTypeFont::getTableBuffer (215 bytes)

Stack: [0x000000f898400000,0x000000f898500000]
Native frames: (J=compiled Java code, j=interpreted, Vv=VM code, C=native code)
V  [jvm.dll+0x6ee8fa]
V  [jvm.dll+0x857a1e]
V  [jvm.dll+0x85940e]
V  [jvm.dll+0x859ac3]
V  [jvm.dll+0x28291f]
V  [jvm.dll+0xc9b5f]
V  [jvm.dll+0xc9ee5]
V  [jvm.dll+0x3bcb72]
V  [jvm.dll+0x386201]
V  [jvm.dll+0x38567a]
V  [jvm.dll+0x24c2c9]
V  [jvm.dll+0x24b671]
V  [jvm.dll+0x1d6d61]
V  [jvm.dll+0x25b0fa]
V  [jvm.dll+0x259588]
V  [jvm.dll+0x807928]
V  [jvm.dll+0x8015fa]
V  [jvm.dll+0x6ed5eb]
C  [ucrtbase.dll+0x29363]
C  [KERNEL32.DLL+0x1257d]
C  [ntdll.dll+0x5aa58]


---------------  P R O C E S S  ---------------

Threads class SMR info:
_java_thread_list=0x0000021a5b92dcb0, length=21, elements={
0x0000021a567274b0, 0x0000021a56728240, 0x0000021a5672c280, 0x0000021a5672fd70,
0x0000021a56731580, 0x0000021a56731030, 0x0000021a5673a280, 0x0000021a5673b530,
0x0000021a56731ad0, 0x0000021a56732020, 0x0000021a5aaa0780, 0x0000021a5aaa97a0,
0x0000021a5aaa9cf0, 0x0000021a56733ab0, 0x0000021a56733560, 0x0000021a56732570,
0x0000021a56732ac0, 0x0000021a56733010, 0x0000021a56734550, 0x0000021a5b943320,
0x0000021a5b945300
}

Java Threads: ( => current thread )
  0x0000021a567274b0 JavaThread "Reference Handler" daemon [_thread_blocked, id=34212, stack(0x000000f897e00000,0x000000f897f00000)]
  0x0000021a56728240 JavaThread "Finalizer" daemon [_thread_blocked, id=26752, stack(0x000000f897f00000,0x000000f898000000)]
  0x0000021a5672c280 JavaThread "Signal Dispatcher" daemon [_thread_blocked, id=34548, stack(0x000000f898000000,0x000000f898100000)]
  0x0000021a5672fd70 JavaThread "Attach Listener" daemon [_thread_blocked, id=27712, stack(0x000000f898100000,0x000000f898200000)]
  0x0000021a56731580 JavaThread "Service Thread" daemon [_thread_blocked, id=35664, stack(0x000000f898200000,0x000000f898300000)]
  0x0000021a56731030 JavaThread "Monitor Deflation Thread" daemon [_thread_blocked, id=1788, stack(0x000000f898300000,0x000000f898400000)]
=>0x0000021a5673a280 JavaThread "C2 CompilerThread0" daemon [_thread_in_native, id=29804, stack(0x000000f898400000,0x000000f898500000)]
  0x0000021a5673b530 JavaThread "C1 CompilerThread0" daemon [_thread_blocked, id=30928, stack(0x000000f898500000,0x000000f898600000)]
  0x0000021a56731ad0 JavaThread "Sweeper thread" daemon [_thread_blocked, id=21020, stack(0x000000f898600000,0x000000f898700000)]
  0x0000021a56732020 JavaThread "Common-Cleaner" daemon [_thread_blocked, id=21528, stack(0x000000f898700000,0x000000f898800000)]
  0x0000021a5aaa0780 JavaThread "JDWP Transport Listener: dt_shmem" daemon [_thread_blocked, id=9388, stack(0x000000f898800000,0x000000f898900000)]
  0x0000021a5aaa97a0 JavaThread "JDWP Event Helper Thread" daemon [_thread_blocked, id=33032, stack(0x000000f898900000,0x000000f898a00000)]
  0x0000021a5aaa9cf0 JavaThread "JDWP Command Reader" daemon [_thread_in_native, id=36112, stack(0x000000f898a00000,0x000000f898b00000)]
  0x0000021a56733ab0 JavaThread "Notification Thread" daemon [_thread_blocked, id=26208, stack(0x000000f898b00000,0x000000f898c00000)]
  0x0000021a56733560 JavaThread "Java2D Disposer" daemon [_thread_blocked, id=15880, stack(0x000000f898e00000,0x000000f898f00000)]
  0x0000021a56732570 JavaThread "AWT-Shutdown" [_thread_blocked, id=29528, stack(0x000000f898f00000,0x000000f899000000)]
  0x0000021a56732ac0 JavaThread "AWT-Windows" daemon [_thread_in_native, id=20280, stack(0x000000f899000000,0x000000f899100000)]
  0x0000021a56733010 JavaThread "Image Fetcher 0" daemon [_thread_blocked, id=23092, stack(0x000000f899100000,0x000000f899200000)]
  0x0000021a56734550 JavaThread "AWT-EventQueue-0" [_thread_in_Java, id=33052, stack(0x000000f899200000,0x000000f899300000)]
  0x0000021a5b943320 JavaThread "DestroyJavaVM" [_thread_blocked, id=30740, stack(0x000000f897700000,0x000000f897800000)]
  0x0000021a5b945300 JavaThread "org.netbeans.modules.debugger.jpda.visual AWT Access Loop" daemon [_thread_blocked, id=27716, stack(0x000000f899600000,0x000000f899700000)]

Other Threads:
  0x0000021a5670fcc0 VMThread "VM Thread" [stack: 0x000000f897d00000,0x000000f897e00000] [id=34820]
  0x0000021a5ab9e040 WatcherThread "VM Periodic Task Thread" [stack: 0x000000f898c00000,0x000000f898d00000] [id=17972]
  0x0000021a3813c520 WorkerThread "GC Thread#0" [stack: 0x000000f897800000,0x000000f897900000] [id=14824]
  0x0000021a3814cc00 ConcurrentGCThread "G1 Main Marker" [stack: 0x000000f897900000,0x000000f897a00000] [id=26840]
  0x0000021a3814e980 WorkerThread "G1 Conc#0" [stack: 0x000000f897a00000,0x000000f897b00000] [id=17736]
  0x0000021a3819e590 ConcurrentGCThread "G1 Refine#0" [stack: 0x000000f897b00000,0x000000f897c00000] [id=17788]
  0x0000021a565c32b0 ConcurrentGCThread "G1 Service" [stack: 0x000000f897c00000,0x000000f897d00000] [id=4720]

Threads with active compile tasks:
C2 CompilerThread0      852 1202   !   4       sun.font.TrueTypeFont::getTableBuffer (215 bytes)

VM state: not at safepoint (normal execution)

VM Mutex/Monitor currently owned by a thread: None

Heap address: 0x0000000084400000, size: 1980 MB, Compressed Oops mode: 32-bit

CDS archive(s) mapped at: [0x0000000800000000-0x0000000800c40000-0x0000000800c40000), size 12845056, SharedBaseAddress: 0x0000000800000000, ArchiveRelocationMode: 0.
Compressed class space mapped at: 0x0000000801000000-0x0000000841000000, reserved size: 1073741824
Narrow klass base: 0x0000000800000000, Narrow klass shift: 0, Narrow klass range: 0x100000000

GC Precious Log:
 CardTable entry size: 512
 Card Set container configuration: InlinePtr #cards 5 size 8 Array Of Cards #cards 12 size 40 Howl #buckets 4 coarsen threshold 1843 Howl Bitmap #cards 512 size 80 coarsen threshold 460 Card regions per heap region 1 cards per card region 2048
 CPUs: 8 total, 8 available
 Memory: 7916M
 Large Page Support: Disabled
 NUMA Support: Disabled
 Compressed Oops: Enabled (32-bit)
 Heap Region Size: 1M
 Heap Min Capacity: 8M
 Heap Initial Capacity: 124M
 Heap Max Capacity: 1980M
 Pre-touch: Disabled
 Parallel Workers: 8
 Concurrent Workers: 2
 Concurrent Refinement Workers: 8
 Periodic GC: Disabled

Heap:
 garbage-first heap   total 126976K, used 21504K [0x0000000084400000, 0x0000000100000000)
  region size 1024K, 20 young (20480K), 0 survivors (0K)
 Metaspace       used 8409K, committed 8640K, reserved 1114112K
  class space    used 903K, committed 1024K, reserved 1048576K

Heap Regions: E=young(eden), S=young(survivor), O=old, HS=humongous(starts), HC=humongous(continues), CS=collection set, F=free, OA=open archive, CA=closed archive, TAMS=top-at-mark-start (previous, next)
|   0|0x0000000084400000, 0x0000000084500000, 0x0000000084500000|100%|HS|  |TAMS 0x0000000084400000, 0x0000000084400000| Complete 
|   1|0x0000000084500000, 0x0000000084600000, 0x0000000084600000|100%|HC|  |TAMS 0x0000000084500000, 0x0000000084500000| Complete 
|   2|0x0000000084600000, 0x0000000084700000, 0x0000000084700000|100%|HC|  |TAMS 0x0000000084600000, 0x0000000084600000| Complete 
|   3|0x0000000084700000, 0x0000000084700000, 0x0000000084800000|  0%| F|  |TAMS 0x0000000084700000, 0x0000000084700000| Untracked 
|   4|0x0000000084800000, 0x0000000084800000, 0x0000000084900000|  0%| F|  |TAMS 0x0000000084800000, 0x0000000084800000| Untracked 
|   5|0x0000000084900000, 0x0000000084900000, 0x0000000084a00000|  0%| F|  |TAMS 0x0000000084900000, 0x0000000084900000| Untracked 
|   6|0x0000000084a00000, 0x0000000084a00000, 0x0000000084b00000|  0%| F|  |TAMS 0x0000000084a00000, 0x0000000084a00000| Untracked 
|   7|0x0000000084b00000, 0x0000000084b00000, 0x0000000084c00000|  0%| F|  |TAMS 0x0000000084b00000, 0x0000000084b00000| Untracked 
|   8|0x0000000084c00000, 0x0000000084c00000, 0x0000000084d00000|  0%| F|  |TAMS 0x0000000084c00000, 0x0000000084c00000| Untracked 
|   9|0x0000000084d00000, 0x0000000084d00000, 0x0000000084e00000|  0%| F|  |TAMS 0x0000000084d00000, 0x0000000084d00000| Untracked 
|  10|0x0000000084e00000, 0x0000000084e00000, 0x0000000084f00000|  0%| F|  |TAMS 0x0000000084e00000, 0x0000000084e00000| Untracked 
|  11|0x0000000084f00000, 0x0000000084f00000, 0x0000000085000000|  0%| F|  |TAMS 0x0000000084f00000, 0x0000000084f00000| Untracked 
|  12|0x0000000085000000, 0x0000000085000000, 0x0000000085100000|  0%| F|  |TAMS 0x0000000085000000, 0x0000000085000000| Untracked 
|  13|0x0000000085100000, 0x0000000085100000, 0x0000000085200000|  0%| F|  |TAMS 0x0000000085100000, 0x0000000085100000| Untracked 
|  14|0x0000000085200000, 0x0000000085200000, 0x0000000085300000|  0%| F|  |TAMS 0x0000000085200000, 0x0000000085200000| Untracked 
|  15|0x0000000085300000, 0x0000000085300000, 0x0000000085400000|  0%| F|  |TAMS 0x0000000085300000, 0x0000000085300000| Untracked 
|  16|0x0000000085400000, 0x0000000085400000, 0x0000000085500000|  0%| F|  |TAMS 0x0000000085400000, 0x0000000085400000| Untracked 
|  17|0x0000000085500000, 0x0000000085500000, 0x0000000085600000|  0%| F|  |TAMS 0x0000000085500000, 0x0000000085500000| Untracked 
|  18|0x0000000085600000, 0x0000000085600000, 0x0000000085700000|  0%| F|  |TAMS 0x0000000085600000, 0x0000000085600000| Untracked 
|  19|0x0000000085700000, 0x0000000085700000, 0x0000000085800000|  0%| F|  |TAMS 0x0000000085700000, 0x0000000085700000| Untracked 
|  20|0x0000000085800000, 0x0000000085800000, 0x0000000085900000|  0%| F|  |TAMS 0x0000000085800000, 0x0000000085800000| Untracked 
|  21|0x0000000085900000, 0x0000000085900000, 0x0000000085a00000|  0%| F|  |TAMS 0x0000000085900000, 0x0000000085900000| Untracked 
|  22|0x0000000085a00000, 0x0000000085a00000, 0x0000000085b00000|  0%| F|  |TAMS 0x0000000085a00000, 0x0000000085a00000| Untracked 
|  23|0x0000000085b00000, 0x0000000085b00000, 0x0000000085c00000|  0%| F|  |TAMS 0x0000000085b00000, 0x0000000085b00000| Untracked 
|  24|0x0000000085c00000, 0x0000000085c00000, 0x0000000085d00000|  0%| F|  |TAMS 0x0000000085c00000, 0x0000000085c00000| Untracked 
|  25|0x0000000085d00000, 0x0000000085d00000, 0x0000000085e00000|  0%| F|  |TAMS 0x0000000085d00000, 0x0000000085d00000| Untracked 
|  26|0x0000000085e00000, 0x0000000085e00000, 0x0000000085f00000|  0%| F|  |TAMS 0x0000000085e00000, 0x0000000085e00000| Untracked 
|  27|0x0000000085f00000, 0x0000000085f00000, 0x0000000086000000|  0%| F|  |TAMS 0x0000000085f00000, 0x0000000085f00000| Untracked 
|  28|0x0000000086000000, 0x0000000086000000, 0x0000000086100000|  0%| F|  |TAMS 0x0000000086000000, 0x0000000086000000| Untracked 
|  29|0x0000000086100000, 0x0000000086100000, 0x0000000086200000|  0%| F|  |TAMS 0x0000000086100000, 0x0000000086100000| Untracked 
|  30|0x0000000086200000, 0x0000000086200000, 0x0000000086300000|  0%| F|  |TAMS 0x0000000086200000, 0x0000000086200000| Untracked 
|  31|0x0000000086300000, 0x0000000086300000, 0x0000000086400000|  0%| F|  |TAMS 0x0000000086300000, 0x0000000086300000| Untracked 
|  32|0x0000000086400000, 0x0000000086400000, 0x0000000086500000|  0%| F|  |TAMS 0x0000000086400000, 0x0000000086400000| Untracked 
|  33|0x0000000086500000, 0x0000000086500000, 0x0000000086600000|  0%| F|  |TAMS 0x0000000086500000, 0x0000000086500000| Untracked 
|  34|0x0000000086600000, 0x0000000086600000, 0x0000000086700000|  0%| F|  |TAMS 0x0000000086600000, 0x0000000086600000| Untracked 
|  35|0x0000000086700000, 0x0000000086700000, 0x0000000086800000|  0%| F|  |TAMS 0x0000000086700000, 0x0000000086700000| Untracked 
|  36|0x0000000086800000, 0x0000000086800000, 0x0000000086900000|  0%| F|  |TAMS 0x0000000086800000, 0x0000000086800000| Untracked 
|  37|0x0000000086900000, 0x0000000086900000, 0x0000000086a00000|  0%| F|  |TAMS 0x0000000086900000, 0x0000000086900000| Untracked 
|  38|0x0000000086a00000, 0x0000000086a00000, 0x0000000086b00000|  0%| F|  |TAMS 0x0000000086a00000, 0x0000000086a00000| Untracked 
|  39|0x0000000086b00000, 0x0000000086b00000, 0x0000000086c00000|  0%| F|  |TAMS 0x0000000086b00000, 0x0000000086b00000| Untracked 
|  40|0x0000000086c00000, 0x0000000086c00000, 0x0000000086d00000|  0%| F|  |TAMS 0x0000000086c00000, 0x0000000086c00000| Untracked 
|  41|0x0000000086d00000, 0x0000000086d00000, 0x0000000086e00000|  0%| F|  |TAMS 0x0000000086d00000, 0x0000000086d00000| Untracked 
|  42|0x0000000086e00000, 0x0000000086e00000, 0x0000000086f00000|  0%| F|  |TAMS 0x0000000086e00000, 0x0000000086e00000| Untracked 
|  43|0x0000000086f00000, 0x0000000086f00000, 0x0000000087000000|  0%| F|  |TAMS 0x0000000086f00000, 0x0000000086f00000| Untracked 
|  44|0x0000000087000000, 0x0000000087000000, 0x0000000087100000|  0%| F|  |TAMS 0x0000000087000000, 0x0000000087000000| Untracked 
|  45|0x0000000087100000, 0x0000000087100000, 0x0000000087200000|  0%| F|  |TAMS 0x0000000087100000, 0x0000000087100000| Untracked 
|  46|0x0000000087200000, 0x0000000087200000, 0x0000000087300000|  0%| F|  |TAMS 0x0000000087200000, 0x0000000087200000| Untracked 
|  47|0x0000000087300000, 0x0000000087300000, 0x0000000087400000|  0%| F|  |TAMS 0x0000000087300000, 0x0000000087300000| Untracked 
|  48|0x0000000087400000, 0x0000000087400000, 0x0000000087500000|  0%| F|  |TAMS 0x0000000087400000, 0x0000000087400000| Untracked 
|  49|0x0000000087500000, 0x0000000087500000, 0x0000000087600000|  0%| F|  |TAMS 0x0000000087500000, 0x0000000087500000| Untracked 
|  50|0x0000000087600000, 0x0000000087600000, 0x0000000087700000|  0%| F|  |TAMS 0x0000000087600000, 0x0000000087600000| Untracked 
|  51|0x0000000087700000, 0x0000000087700000, 0x0000000087800000|  0%| F|  |TAMS 0x0000000087700000, 0x0000000087700000| Untracked 
|  52|0x0000000087800000, 0x0000000087800000, 0x0000000087900000|  0%| F|  |TAMS 0x0000000087800000, 0x0000000087800000| Untracked 
|  53|0x0000000087900000, 0x0000000087900000, 0x0000000087a00000|  0%| F|  |TAMS 0x0000000087900000, 0x0000000087900000| Untracked 
|  54|0x0000000087a00000, 0x0000000087a00000, 0x0000000087b00000|  0%| F|  |TAMS 0x0000000087a00000, 0x0000000087a00000| Untracked 
|  55|0x0000000087b00000, 0x0000000087b00000, 0x0000000087c00000|  0%| F|  |TAMS 0x0000000087b00000, 0x0000000087b00000| Untracked 
|  56|0x0000000087c00000, 0x0000000087c00000, 0x0000000087d00000|  0%| F|  |TAMS 0x0000000087c00000, 0x0000000087c00000| Untracked 
|  57|0x0000000087d00000, 0x0000000087d00000, 0x0000000087e00000|  0%| F|  |TAMS 0x0000000087d00000, 0x0000000087d00000| Untracked 
|  58|0x0000000087e00000, 0x0000000087e00000, 0x0000000087f00000|  0%| F|  |TAMS 0x0000000087e00000, 0x0000000087e00000| Untracked 
|  59|0x0000000087f00000, 0x0000000087f00000, 0x0000000088000000|  0%| F|  |TAMS 0x0000000087f00000, 0x0000000087f00000| Untracked 
|  60|0x0000000088000000, 0x0000000088000000, 0x0000000088100000|  0%| F|  |TAMS 0x0000000088000000, 0x0000000088000000| Untracked 
|  61|0x0000000088100000, 0x0000000088100000, 0x0000000088200000|  0%| F|  |TAMS 0x0000000088100000, 0x0000000088100000| Untracked 
|  62|0x0000000088200000, 0x0000000088200000, 0x0000000088300000|  0%| F|  |TAMS 0x0000000088200000, 0x0000000088200000| Untracked 
|  63|0x0000000088300000, 0x0000000088300000, 0x0000000088400000|  0%| F|  |TAMS 0x0000000088300000, 0x0000000088300000| Untracked 
|  64|0x0000000088400000, 0x0000000088400000, 0x0000000088500000|  0%| F|  |TAMS 0x0000000088400000, 0x0000000088400000| Untracked 
|  65|0x0000000088500000, 0x0000000088500000, 0x0000000088600000|  0%| F|  |TAMS 0x0000000088500000, 0x0000000088500000| Untracked 
|  66|0x0000000088600000, 0x0000000088600000, 0x0000000088700000|  0%| F|  |TAMS 0x0000000088600000, 0x0000000088600000| Untracked 
|  67|0x0000000088700000, 0x0000000088700000, 0x0000000088800000|  0%| F|  |TAMS 0x0000000088700000, 0x0000000088700000| Untracked 
|  68|0x0000000088800000, 0x0000000088800000, 0x0000000088900000|  0%| F|  |TAMS 0x0000000088800000, 0x0000000088800000| Untracked 
|  69|0x0000000088900000, 0x0000000088900000, 0x0000000088a00000|  0%| F|  |TAMS 0x0000000088900000, 0x0000000088900000| Untracked 
|  70|0x0000000088a00000, 0x0000000088a00000, 0x0000000088b00000|  0%| F|  |TAMS 0x0000000088a00000, 0x0000000088a00000| Untracked 
|  71|0x0000000088b00000, 0x0000000088b00000, 0x0000000088c00000|  0%| F|  |TAMS 0x0000000088b00000, 0x0000000088b00000| Untracked 
|  72|0x0000000088c00000, 0x0000000088c00000, 0x0000000088d00000|  0%| F|  |TAMS 0x0000000088c00000, 0x0000000088c00000| Untracked 
|  73|0x0000000088d00000, 0x0000000088d00000, 0x0000000088e00000|  0%| F|  |TAMS 0x0000000088d00000, 0x0000000088d00000| Untracked 
|  74|0x0000000088e00000, 0x0000000088e00000, 0x0000000088f00000|  0%| F|  |TAMS 0x0000000088e00000, 0x0000000088e00000| Untracked 
|  75|0x0000000088f00000, 0x0000000088f00000, 0x0000000089000000|  0%| F|  |TAMS 0x0000000088f00000, 0x0000000088f00000| Untracked 
|  76|0x0000000089000000, 0x0000000089000000, 0x0000000089100000|  0%| F|  |TAMS 0x0000000089000000, 0x0000000089000000| Untracked 
|  77|0x0000000089100000, 0x0000000089100000, 0x0000000089200000|  0%| F|  |TAMS 0x0000000089100000, 0x0000000089100000| Untracked 
|  78|0x0000000089200000, 0x0000000089200000, 0x0000000089300000|  0%| F|  |TAMS 0x0000000089200000, 0x0000000089200000| Untracked 
|  79|0x0000000089300000, 0x0000000089300000, 0x0000000089400000|  0%| F|  |TAMS 0x0000000089300000, 0x0000000089300000| Untracked 
|  80|0x0000000089400000, 0x0000000089400000, 0x0000000089500000|  0%| F|  |TAMS 0x0000000089400000, 0x0000000089400000| Untracked 
|  81|0x0000000089500000, 0x0000000089500000, 0x0000000089600000|  0%| F|  |TAMS 0x0000000089500000, 0x0000000089500000| Untracked 
|  82|0x0000000089600000, 0x0000000089600000, 0x0000000089700000|  0%| F|  |TAMS 0x0000000089600000, 0x0000000089600000| Untracked 
|  83|0x0000000089700000, 0x0000000089700000, 0x0000000089800000|  0%| F|  |TAMS 0x0000000089700000, 0x0000000089700000| Untracked 
|  84|0x0000000089800000, 0x0000000089800000, 0x0000000089900000|  0%| F|  |TAMS 0x0000000089800000, 0x0000000089800000| Untracked 
|  85|0x0000000089900000, 0x0000000089900000, 0x0000000089a00000|  0%| F|  |TAMS 0x0000000089900000, 0x0000000089900000| Untracked 
|  86|0x0000000089a00000, 0x0000000089a00000, 0x0000000089b00000|  0%| F|  |TAMS 0x0000000089a00000, 0x0000000089a00000| Untracked 
|  87|0x0000000089b00000, 0x0000000089b00000, 0x0000000089c00000|  0%| F|  |TAMS 0x0000000089b00000, 0x0000000089b00000| Untracked 
|  88|0x0000000089c00000, 0x0000000089c00000, 0x0000000089d00000|  0%| F|  |TAMS 0x0000000089c00000, 0x0000000089c00000| Untracked 
|  89|0x0000000089d00000, 0x0000000089d00000, 0x0000000089e00000|  0%| F|  |TAMS 0x0000000089d00000, 0x0000000089d00000| Untracked 
|  90|0x0000000089e00000, 0x0000000089e00000, 0x0000000089f00000|  0%| F|  |TAMS 0x0000000089e00000, 0x0000000089e00000| Untracked 
|  91|0x0000000089f00000, 0x0000000089f00000, 0x000000008a000000|  0%| F|  |TAMS 0x0000000089f00000, 0x0000000089f00000| Untracked 
|  92|0x000000008a000000, 0x000000008a000000, 0x000000008a100000|  0%| F|  |TAMS 0x000000008a000000, 0x000000008a000000| Untracked 
|  93|0x000000008a100000, 0x000000008a100000, 0x000000008a200000|  0%| F|  |TAMS 0x000000008a100000, 0x000000008a100000| Untracked 
|  94|0x000000008a200000, 0x000000008a200000, 0x000000008a300000|  0%| F|  |TAMS 0x000000008a200000, 0x000000008a200000| Untracked 
|  95|0x000000008a300000, 0x000000008a300000, 0x000000008a400000|  0%| F|  |TAMS 0x000000008a300000, 0x000000008a300000| Untracked 
|  96|0x000000008a400000, 0x000000008a400000, 0x000000008a500000|  0%| F|  |TAMS 0x000000008a400000, 0x000000008a400000| Untracked 
|  97|0x000000008a500000, 0x000000008a500000, 0x000000008a600000|  0%| F|  |TAMS 0x000000008a500000, 0x000000008a500000| Untracked 
|  98|0x000000008a600000, 0x000000008a600000, 0x000000008a700000|  0%| F|  |TAMS 0x000000008a600000, 0x000000008a600000| Untracked 
|  99|0x000000008a700000, 0x000000008a700000, 0x000000008a800000|  0%| F|  |TAMS 0x000000008a700000, 0x000000008a700000| Untracked 
| 100|0x000000008a800000, 0x000000008a800000, 0x000000008a900000|  0%| F|  |TAMS 0x000000008a800000, 0x000000008a800000| Untracked 
| 101|0x000000008a900000, 0x000000008a900000, 0x000000008aa00000|  0%| F|  |TAMS 0x000000008a900000, 0x000000008a900000| Untracked 
| 102|0x000000008aa00000, 0x000000008aa00000, 0x000000008ab00000|  0%| F|  |TAMS 0x000000008aa00000, 0x000000008aa00000| Untracked 
| 103|0x000000008ab00000, 0x000000008ab00000, 0x000000008ac00000|  0%| F|  |TAMS 0x000000008ab00000, 0x000000008ab00000| Untracked 
| 104|0x000000008ac00000, 0x000000008acee9a8, 0x000000008ad00000| 93%| E|  |TAMS 0x000000008ac00000, 0x000000008ac00000| Complete 
| 105|0x000000008ad00000, 0x000000008ae00000, 0x000000008ae00000|100%| E|CS|TAMS 0x000000008ad00000, 0x000000008ad00000| Complete 
| 106|0x000000008ae00000, 0x000000008af00000, 0x000000008af00000|100%| E|CS|TAMS 0x000000008ae00000, 0x000000008ae00000| Complete 
| 107|0x000000008af00000, 0x000000008b000000, 0x000000008b000000|100%| E|CS|TAMS 0x000000008af00000, 0x000000008af00000| Complete 
| 108|0x000000008b000000, 0x000000008b100000, 0x000000008b100000|100%| E|CS|TAMS 0x000000008b000000, 0x000000008b000000| Complete 
| 109|0x000000008b100000, 0x000000008b200000, 0x000000008b200000|100%| E|CS|TAMS 0x000000008b100000, 0x000000008b100000| Complete 
| 110|0x000000008b200000, 0x000000008b300000, 0x000000008b300000|100%| E|CS|TAMS 0x000000008b200000, 0x000000008b200000| Complete 
| 111|0x000000008b300000, 0x000000008b400000, 0x000000008b400000|100%| E|CS|TAMS 0x000000008b300000, 0x000000008b300000| Complete 
| 112|0x000000008b400000, 0x000000008b500000, 0x000000008b500000|100%| E|CS|TAMS 0x000000008b400000, 0x000000008b400000| Complete 
| 113|0x000000008b500000, 0x000000008b600000, 0x000000008b600000|100%| E|CS|TAMS 0x000000008b500000, 0x000000008b500000| Complete 
| 114|0x000000008b600000, 0x000000008b700000, 0x000000008b700000|100%| E|CS|TAMS 0x000000008b600000, 0x000000008b600000| Complete 
| 115|0x000000008b700000, 0x000000008b800000, 0x000000008b800000|100%| E|CS|TAMS 0x000000008b700000, 0x000000008b700000| Complete 
| 116|0x000000008b800000, 0x000000008b900000, 0x000000008b900000|100%| E|CS|TAMS 0x000000008b800000, 0x000000008b800000| Complete 
| 117|0x000000008b900000, 0x000000008ba00000, 0x000000008ba00000|100%| E|CS|TAMS 0x000000008b900000, 0x000000008b900000| Complete 
| 118|0x000000008ba00000, 0x000000008bb00000, 0x000000008bb00000|100%| E|CS|TAMS 0x000000008ba00000, 0x000000008ba00000| Complete 
| 119|0x000000008bb00000, 0x000000008bc00000, 0x000000008bc00000|100%| E|CS|TAMS 0x000000008bb00000, 0x000000008bb00000| Complete 
| 120|0x000000008bc00000, 0x000000008bd00000, 0x000000008bd00000|100%| E|CS|TAMS 0x000000008bc00000, 0x000000008bc00000| Complete 
| 121|0x000000008bd00000, 0x000000008be00000, 0x000000008be00000|100%| E|  |TAMS 0x000000008bd00000, 0x000000008bd00000| Complete 
| 122|0x000000008be00000, 0x000000008bf00000, 0x000000008bf00000|100%| E|CS|TAMS 0x000000008be00000, 0x000000008be00000| Complete 
| 123|0x000000008bf00000, 0x000000008c000000, 0x000000008c000000|100%| E|CS|TAMS 0x000000008bf00000, 0x000000008bf00000| Complete 

Card table byte_map: [0x0000021a4f760000,0x0000021a4fb40000] _byte_map_base: 0x0000021a4f33e000

Marking Bits (Prev, Next): (CMBitMap*) 0x0000021a3813cb50, (CMBitMap*) 0x0000021a3813cb90
 Prev Bits: [0x0000021a4ff20000, 0x0000021a51e10000)
 Next Bits: [0x0000021a51e10000, 0x0000021a53d00000)

Polling page: 0x0000021a378a0000

Metaspace:

Usage:
  Non-class:      7.40 MB used.
      Class:    908.84 KB used.
       Both:      8.29 MB used.

Virtual space:
  Non-class space:       64.00 MB reserved,       7.50 MB ( 12%) committed,  1 nodes.
      Class space:        1.00 GB reserved,       1.00 MB ( <1%) committed,  1 nodes.
             Both:        1.06 GB reserved,       8.50 MB ( <1%) committed. 

Chunk freelists:
   Non-Class:  450.00 KB
       Class:  3.03 MB
        Both:  3.47 MB

MaxMetaspaceSize: unlimited
CompressedClassSpaceSize: 1.00 GB
Initial GC threshold: 21.00 MB
Current GC threshold: 21.00 MB
CDS: on
MetaspaceReclaimPolicy: balanced
 - commit_granule_bytes: 65536.
 - commit_granule_words: 8192.
 - virtual_space_node_default_size: 8388608.
 - enlarge_chunks_in_place: 1.
 - new_chunks_are_fully_committed: 0.
 - uncommit_free_chunks: 1.
 - use_allocation_guard: 0.


Internal statistics:

num_allocs_failed_limit: 0.
num_arena_births: 154.
num_arena_deaths: 0.
num_vsnodes_births: 2.
num_vsnodes_deaths: 0.
num_space_committed: 136.
num_space_uncommitted: 0.
num_chunks_returned_to_freelist: 0.
num_chunks_taken_from_freelist: 176.
num_chunk_merges: 0.
num_chunk_splits: 116.
num_chunks_enlarged: 75.
num_inconsistent_stats: 0.

CodeHeap 'non-profiled nmethods': size=120000Kb used=343Kb max_used=343Kb free=119656Kb
 bounds [0x0000021a47b10000, 0x0000021a47d80000, 0x0000021a4f040000]
CodeHeap 'profiled nmethods': size=120000Kb used=2081Kb max_used=2081Kb free=117918Kb
 bounds [0x0000021a40040000, 0x0000021a402b0000, 0x0000021a47570000]
CodeHeap 'non-nmethods': size=5760Kb used=1442Kb max_used=1459Kb free=4317Kb
 bounds [0x0000021a47570000, 0x0000021a477e0000, 0x0000021a47b10000]
 total_blobs=1845 nmethods=1221 adapters=535
 compilation: enabled
              stopped_count=0, restarted_count=0
 full_count=0

Compilation events (20 events):
Event: 0.802 Thread 0x0000021a5673b530 1205   !   3       sun.font.TrueTypeFont::getAllFullNames (30 bytes)
Event: 0.803 Thread 0x0000021a5673b530 nmethod 1205 0x0000021a4023f710 code [0x0000021a4023f940, 0x0000021a40240248]
Event: 0.803 Thread 0x0000021a5673b530 1206   !   3       sun.font.TrueTypeFont::getAllFamilyNames (30 bytes)
Event: 0.803 Thread 0x0000021a5673b530 nmethod 1206 0x0000021a40240510 code [0x0000021a40240740, 0x0000021a40241048]
Event: 0.804 Thread 0x0000021a5673b530 1207  s    3       sun.font.FontFamily::addLocaleNames (45 bytes)
Event: 0.804 Thread 0x0000021a5673b530 nmethod 1207 0x0000021a40241310 code [0x0000021a40241540, 0x0000021a40241dc8]
Event: 0.810 Thread 0x0000021a5673b530 1208   !   3       sun.nio.cs.UnicodeDecoder::decodeLoop (304 bytes)
Event: 0.811 Thread 0x0000021a5673b530 nmethod 1208 0x0000021a40242090 code [0x0000021a40242420, 0x0000021a40243eb8]
Event: 0.814 Thread 0x0000021a5673b530 1212       3       java.util.EventObject::<init> (24 bytes)
Event: 0.814 Thread 0x0000021a5673b530 nmethod 1212 0x0000021a40244690 code [0x0000021a40244860, 0x0000021a40244b48]
Event: 0.822 Thread 0x0000021a5673b530 1213       3       java.lang.Double::isNaN (12 bytes)
Event: 0.822 Thread 0x0000021a5673b530 nmethod 1213 0x0000021a40244c90 code [0x0000021a40244e20, 0x0000021a40244f98]
Event: 0.823 Thread 0x0000021a5673b530 1214  s    3       sun.font.TrueTypeFont::open (6 bytes)
Event: 0.823 Thread 0x0000021a5673b530 nmethod 1214 0x0000021a40245010 code [0x0000021a402451c0, 0x0000021a402453c8]
Event: 0.824 Thread 0x0000021a5673b530 1215       3       java.lang.Double::doubleToLongBits (16 bytes)
Event: 0.825 Thread 0x0000021a5673b530 nmethod 1215 0x0000021a40245490 code [0x0000021a40245640, 0x0000021a40245898]
Event: 0.825 Thread 0x0000021a5673b530 1216       1       javax.swing.text.GapVector::getGapStart (5 bytes)
Event: 0.825 Thread 0x0000021a5673b530 nmethod 1216 0x0000021a47b64b10 code [0x0000021a47b64ca0, 0x0000021a47b64d58]
Event: 0.825 Thread 0x0000021a5673b530 1217       1       javax.swing.text.GapVector::getGapEnd (5 bytes)
Event: 0.825 Thread 0x0000021a5673b530 nmethod 1217 0x0000021a47b64e10 code [0x0000021a47b64fa0, 0x0000021a47b65058]

GC Heap History (0 events):
No events

Dll operation events (10 events):
Event: 0.013 Loaded shared library C:\Program Files\Java\jdk-19\bin\java.dll
Event: 0.024 Loaded shared library C:\Program Files\Java\jdk-19\bin\jsvml.dll
Event: 0.065 Loaded shared library C:\Program Files\Java\jdk-19\bin\net.dll
Event: 0.068 Loaded shared library C:\Program Files\Java\jdk-19\bin\nio.dll
Event: 0.132 Loaded shared library C:\Program Files\Java\jdk-19\bin\zip.dll
Event: 0.148 Loaded shared library C:\Program Files\Java\jdk-19\bin\jimage.dll
Event: 0.168 Loaded shared library C:\Program Files\Java\jdk-19\bin\awt.dll
Event: 0.388 Loaded shared library C:\Program Files\Java\jdk-19\bin\javajpeg.dll
Event: 0.462 Loaded shared library C:\Program Files\Java\jdk-19\bin\freetype.dll
Event: 0.463 Loaded shared library C:\Program Files\Java\jdk-19\bin\fontmanager.dll

Deoptimization events (20 events):
Event: 0.440 Thread 0x0000021a56732ac0 Uncommon trap: trap_request=0xffffff45 fr.pc=0x0000021a47b45ed8 relative=0x0000000000000138
Event: 0.440 Thread 0x0000021a56732ac0 Uncommon trap: reason=unstable_if action=reinterpret pc=0x0000021a47b45ed8 method=java.util.concurrent.locks.ReentrantLock$NonfairSync.initialTryLock()Z @ 10 c2
Event: 0.440 Thread 0x0000021a56732ac0 DEOPT PACKING pc=0x0000021a47b45ed8 sp=0x000000f8990fd460
Event: 0.440 Thread 0x0000021a56732ac0 DEOPT UNPACKING pc=0x0000021a475d6da3 sp=0x000000f8990fd408 mode 2
Event: 0.472 Thread 0x0000021a380dca80 Uncommon trap: trap_request=0xffffff45 fr.pc=0x0000021a47b3f9b0 relative=0x0000000000000210
Event: 0.472 Thread 0x0000021a380dca80 Uncommon trap: reason=unstable_if action=reinterpret pc=0x0000021a47b3f9b0 method=java.lang.StringUTF16.compress([CI[BII)I @ 20 c2
Event: 0.472 Thread 0x0000021a380dca80 DEOPT PACKING pc=0x0000021a47b3f9b0 sp=0x000000f8977fd9f0
Event: 0.472 Thread 0x0000021a380dca80 DEOPT UNPACKING pc=0x0000021a475d6da3 sp=0x000000f8977fd970 mode 2
Event: 0.634 Thread 0x0000021a56734550 Uncommon trap: trap_request=0xffffff45 fr.pc=0x0000021a47b54bbc relative=0x00000000000004fc
Event: 0.634 Thread 0x0000021a56734550 Uncommon trap: reason=unstable_if action=reinterpret pc=0x0000021a47b54bbc method=java.lang.StringLatin1.toLowerCase(Ljava/lang/String;[BLjava/util/Locale;)Ljava/lang/String; @ 43 c2
Event: 0.634 Thread 0x0000021a56734550 DEOPT PACKING pc=0x0000021a47b54bbc sp=0x000000f8992fd2c0
Event: 0.634 Thread 0x0000021a56734550 DEOPT UNPACKING pc=0x0000021a475d6da3 sp=0x000000f8992fd240 mode 2
Event: 0.762 Thread 0x0000021a56734550 Uncommon trap: trap_request=0xffffff45 fr.pc=0x0000021a47b1a2b4 relative=0x0000000000000094
Event: 0.762 Thread 0x0000021a56734550 Uncommon trap: reason=unstable_if action=reinterpret pc=0x0000021a47b1a2b4 method=java.lang.String.isLatin1()Z @ 10 c2
Event: 0.762 Thread 0x0000021a56734550 DEOPT PACKING pc=0x0000021a47b1a2b4 sp=0x000000f8992fd0b0
Event: 0.762 Thread 0x0000021a56734550 DEOPT UNPACKING pc=0x0000021a475d6da3 sp=0x000000f8992fcfe0 mode 2
Event: 0.809 Thread 0x0000021a56734550 Uncommon trap: trap_request=0xffffff45 fr.pc=0x0000021a47b6304c relative=0x000000000000040c
Event: 0.809 Thread 0x0000021a56734550 Uncommon trap: reason=unstable_if action=reinterpret pc=0x0000021a47b6304c method=java.lang.Character.isSurrogate(C)Z @ 3 c2
Event: 0.809 Thread 0x0000021a56734550 DEOPT PACKING pc=0x0000021a47b6304c sp=0x000000f8992fccc0
Event: 0.809 Thread 0x0000021a56734550 DEOPT UNPACKING pc=0x0000021a475d6da3 sp=0x000000f8992fcbe8 mode 2

Classes loaded (20 events):
Event: 0.616 Loading class java/applet/Applet
Event: 0.616 Loading class java/awt/Panel
Event: 0.617 Loading class java/awt/Panel done
Event: 0.617 Loading class java/applet/Applet done
Event: 0.617 Loading class sun/font/SunFontManager$FamilyDescription
Event: 0.617 Loading class sun/font/SunFontManager$FamilyDescription done
Event: 0.631 Loading class java/security/PrivilegedActionException
Event: 0.631 Loading class java/security/PrivilegedActionException done
Event: 0.631 Loading class java/awt/FontFormatException
Event: 0.631 Loading class java/awt/FontFormatException done
Event: 0.634 Loading class sun/font/SunFontManager$3
Event: 0.634 Loading class sun/font/SunFontManager$3 done
Event: 0.647 Loading class sun/font/SunFontManager$8
Event: 0.648 Loading class sun/font/SunFontManager$8 done
Event: 0.654 Loading class sun/font/SunFontManager$9
Event: 0.654 Loading class sun/font/SunFontManager$9 done
Event: 0.768 Loading class java/lang/foreign/MemorySegment
Event: 0.768 Loading class java/lang/foreign/Addressable
Event: 0.769 Loading class java/lang/foreign/Addressable done
Event: 0.769 Loading class java/lang/foreign/MemorySegment done

Classes unloaded (0 events):
No events

Classes redefined (0 events):
No events

Internal exceptions (20 events):
Event: 0.070 Thread 0x0000021a380dca80 Exception <a 'sun/nio/fs/WindowsException'{0x000000008be48b38}> (0x000000008be48b38) 
thrown [s\open\src\hotspot\share\prims\jni.cpp, line 517]
Event: 0.070 Thread 0x0000021a380dca80 Exception <a 'sun/nio/fs/WindowsException'{0x000000008be496b0}> (0x000000008be496b0) 
thrown [s\open\src\hotspot\share\prims\jni.cpp, line 517]
Event: 0.071 Thread 0x0000021a380dca80 Exception <a 'sun/nio/fs/WindowsException'{0x000000008be4a230}> (0x000000008be4a230) 
thrown [s\open\src\hotspot\share\prims\jni.cpp, line 517]
Event: 0.157 Thread 0x0000021a380dca80 Exception <a 'java/lang/ClassNotFoundException'{0x000000008bdf68f8}: sun/awt/resources/spi/awtProvider> (0x000000008bdf68f8) 
thrown [s\open\src\hotspot\share\classfile\systemDictionary.cpp, line 255]
Event: 0.187 Thread 0x0000021a380dca80 Exception <a 'java/io/FileNotFoundException'{0x000000008bc67688}> (0x000000008bc67688) 
thrown [s\open\src\hotspot\share\prims\jni.cpp, line 517]
Event: 0.193 Thread 0x0000021a380dca80 Exception <a 'java/io/FileNotFoundException'{0x000000008bc93e00}> (0x000000008bc93e00) 
thrown [s\open\src\hotspot\share\prims\jni.cpp, line 517]
Event: 0.241 Thread 0x0000021a380dca80 Exception <a 'java/lang/NoSuchMethodError'{0x000000008bcd8838}: 'java.lang.Object java.lang.invoke.DirectMethodHandle$Holder.invokeStaticInit(java.lang.Object)'> (0x000000008bcd8838) 
thrown [s\open\src\hotspot\share\interpreter\linkResolver.cpp, line 774]
Event: 0.284 Thread 0x0000021a380dca80 Exception <a 'java/lang/NoSuchMethodError'{0x000000008ba19978}: 'void java.lang.invoke.DirectMethodHandle$Holder.invokeSpecial(java.lang.Object, java.lang.Object, java.lang.Object)'> (0x000000008ba19978) 
thrown [s\open\src\hotspot\share\interpreter\linkResolver.cpp, line 774]
Event: 0.291 Thread 0x0000021a380dca80 Exception <a 'java/lang/NoSuchMethodError'{0x000000008ba44488}: 'java.lang.Object java.lang.invoke.DirectMethodHandle$Holder.newInvokeSpecial(java.lang.Object, java.lang.Object, java.lang.Object, java.lang.Object, java.lang.Object)'> (0x000000008ba44488) 
thrown [s\open\src\hotspot\share\interpreter\linkResolver.cpp, line 774]
Event: 0.297 Thread 0x0000021a380dca80 Exception <a 'java/lang/NoSuchMethodError'{0x000000008ba75b70}: 'java.lang.Object java.lang.invoke.DirectMethodHandle$Holder.invokeStatic(java.lang.Object, int, java.lang.Object)'> (0x000000008ba75b70) 
thrown [s\open\src\hotspot\share\interpreter\linkResolver.cpp, line 774]
Event: 0.318 Thread 0x0000021a380dca80 Exception <a 'java/lang/ClassNotFoundException'{0x000000008b931e50}: com/sun/swing/internal/plaf/metal/resources/spi/metalProvider> (0x000000008b931e50) 
thrown [s\open\src\hotspot\share\classfile\systemDictionary.cpp, line 255]
Event: 0.319 Thread 0x0000021a380dca80 Exception <a 'java/lang/ClassNotFoundException'{0x000000008b935e20}: com/sun/swing/internal/plaf/basic/resources/spi/basicProvider> (0x000000008b935e20) 
thrown [s\open\src\hotspot\share\classfile\systemDictionary.cpp, line 255]
Event: 0.327 Thread 0x0000021a380dca80 Exception <a 'java/lang/NoSuchMethodError'{0x000000008b955a90}: 'int java.lang.invoke.Invokers$Holder.invokeExact_MT(java.lang.Object, java.lang.Object)'> (0x000000008b955a90) 
thrown [s\open\src\hotspot\share\interpreter\linkResolver.cpp, line 774]
Event: 0.390 Thread 0x0000021a56733010 Exception <a 'java/lang/NoSuchMethodError'{0x000000008b70dff0}: 'java.lang.Object java.lang.invoke.DirectMethodHandle$Holder.newInvokeSpecial(java.lang.Object, java.lang.Object, java.lang.Object, int, int, int, int, int)'> (0x000000008b70dff0) 
thrown [s\open\src\hotspot\share\interpreter\linkResolver.cpp, line 774]
Event: 0.442 Thread 0x0000021a56732ac0 Exception <a 'java/lang/NoSuchMethodError'{0x000000008bb86178}: 'void java.lang.invoke.DirectMethodHandle$Holder.invokeVirtual(java.lang.Object, java.lang.Object)'> (0x000000008bb86178) 
thrown [s\open\src\hotspot\share\interpreter\linkResolver.cpp, line 774]
Event: 0.458 Thread 0x0000021a380dca80 Exception <a 'java/lang/NoSuchMethodError'{0x000000008b6aadb8}: 'void java.lang.invoke.DirectMethodHandle$Holder.invokeStaticInit(java.lang.Object)'> (0x000000008b6aadb8) 
thrown [s\open\src\hotspot\share\interpreter\linkResolver.cpp, line 774]
Event: 0.631 Thread 0x0000021a56734550 Exception <a 'java/io/FileNotFoundException'{0x000000008b462408}> (0x000000008b462408) 
thrown [s\open\src\hotspot\share\prims\jni.cpp, line 517]
Event: 0.633 Thread 0x0000021a56734550 Exception <a 'java/io/FileNotFoundException'{0x000000008b468360}> (0x000000008b468360) 
thrown [s\open\src\hotspot\share\prims\jni.cpp, line 517]
Event: 0.636 Thread 0x0000021a56734550 Exception <a 'java/io/FileNotFoundException'{0x000000008b480568}> (0x000000008b480568) 
thrown [s\open\src\hotspot\share\prims\jni.cpp, line 517]
Event: 0.638 Thread 0x0000021a56734550 Exception <a 'java/io/FileNotFoundException'{0x000000008b486290}> (0x000000008b486290) 
thrown [s\open\src\hotspot\share\prims\jni.cpp, line 517]

VM Operations (18 events):
Event: 0.072 Executing VM operation: HandshakeAllThreads
Event: 0.072 Executing VM operation: HandshakeAllThreads done
Event: 0.092 Executing VM operation: ChangeBreakpoints
Event: 0.092 Executing VM operation: ChangeBreakpoints done
Event: 0.202 Executing VM operation: HandshakeAllThreads
Event: 0.202 Executing VM operation: HandshakeAllThreads done
Event: 0.208 Executing VM operation: ChangeBreakpoints
Event: 0.208 Executing VM operation: ChangeBreakpoints done
Event: 0.209 Executing VM operation: ChangeBreakpoints
Event: 0.209 Executing VM operation: ChangeBreakpoints done
Event: 0.369 Executing VM operation: HandshakeAllThreads
Event: 0.369 Executing VM operation: HandshakeAllThreads done
Event: 0.422 Executing VM operation: HandshakeAllThreads
Event: 0.422 Executing VM operation: HandshakeAllThreads done
Event: 0.445 Executing VM operation: ChangeBreakpoints
Event: 0.445 Executing VM operation: ChangeBreakpoints done
Event: 0.445 Executing VM operation: ChangeBreakpoints
Event: 0.445 Executing VM operation: ChangeBreakpoints done

Events (20 events):
Event: 0.036 Thread 0x0000021a5672c280 Thread added: 0x0000021a5672c280
Event: 0.037 Thread 0x0000021a5672fd70 Thread added: 0x0000021a5672fd70
Event: 0.037 Thread 0x0000021a56731580 Thread added: 0x0000021a56731580
Event: 0.037 Thread 0x0000021a56731030 Thread added: 0x0000021a56731030
Event: 0.037 Thread 0x0000021a5673a280 Thread added: 0x0000021a5673a280
Event: 0.037 Thread 0x0000021a5673b530 Thread added: 0x0000021a5673b530
Event: 0.037 Thread 0x0000021a56731ad0 Thread added: 0x0000021a56731ad0
Event: 0.057 Thread 0x0000021a56732020 Thread added: 0x0000021a56732020
Event: 0.091 Thread 0x0000021a5aaa0780 Thread added: 0x0000021a5aaa0780
Event: 0.091 Thread 0x0000021a5aaa97a0 Thread added: 0x0000021a5aaa97a0
Event: 0.092 Thread 0x0000021a5aaa9cf0 Thread added: 0x0000021a5aaa9cf0
Event: 0.127 Thread 0x0000021a56733ab0 Thread added: 0x0000021a56733ab0
Event: 0.243 Thread 0x0000021a56733560 Thread added: 0x0000021a56733560
Event: 0.245 Thread 0x0000021a56732570 Thread added: 0x0000021a56732570
Event: 0.248 Thread 0x0000021a56732ac0 Thread added: 0x0000021a56732ac0
Event: 0.332 Thread 0x0000021a56733010 Thread added: 0x0000021a56733010
Event: 0.441 Thread 0x0000021a56734550 Thread added: 0x0000021a56734550
Event: 0.546 Thread 0x0000021a380dca80 Thread exited: 0x0000021a380dca80
Event: 0.546 Thread 0x0000021a5b943320 Thread added: 0x0000021a5b943320
Event: 0.578 Thread 0x0000021a5b945300 Thread added: 0x0000021a5b945300


Dynamic libraries:
0x00007ff64a040000 - 0x00007ff64a050000 	C:\Program Files\Java\jdk-19\bin\java.exe
0x00007ffba1eb0000 - 0x00007ffba20c7000 	C:\WINDOWS\SYSTEM32\ntdll.dll
0x00007ffba0690000 - 0x00007ffba0754000 	C:\WINDOWS\System32\KERNEL32.DLL
0x00007ffb9f520000 - 0x00007ffb9f8c6000 	C:\WINDOWS\System32\KERNELBASE.dll
0x00007ffb9f8d0000 - 0x00007ffb9f9e1000 	C:\WINDOWS\System32\ucrtbase.dll
0x00007ffb87d60000 - 0x00007ffb87d78000 	C:\Program Files\Java\jdk-19\bin\jli.dll
0x00007ffb9ffe0000 - 0x00007ffba0093000 	C:\WINDOWS\System32\ADVAPI32.dll
0x00007ffba1750000 - 0x00007ffba17f7000 	C:\WINDOWS\System32\msvcrt.dll
0x00007ffba1820000 - 0x00007ffba18c8000 	C:\WINDOWS\System32\sechost.dll
0x00007ffb9fa60000 - 0x00007ffb9fa88000 	C:\WINDOWS\System32\bcrypt.dll
0x00007ffb9fe60000 - 0x00007ffb9ff77000 	C:\WINDOWS\System32\RPCRT4.dll
0x00007ffb9fc50000 - 0x00007ffb9fdfe000 	C:\WINDOWS\System32\USER32.dll
0x00007ffb9f4f0000 - 0x00007ffb9f516000 	C:\WINDOWS\System32\win32u.dll
0x00007ffba0180000 - 0x00007ffba01a9000 	C:\WINDOWS\System32\GDI32.dll
0x00007ffb9f1f0000 - 0x00007ffb9f308000 	C:\WINDOWS\System32\gdi32full.dll
0x00007ffb9f3d0000 - 0x00007ffb9f46a000 	C:\WINDOWS\System32\msvcp_win.dll
0x00007ffb95e80000 - 0x00007ffb95e9b000 	C:\Program Files\Java\jdk-19\bin\VCRUNTIME140.dll
0x00007ffb79ce0000 - 0x00007ffb79f73000 	C:\WINDOWS\WinSxS\amd64_microsoft.windows.common-controls_6595b64144ccf1df_6.0.22621.2506_none_270c5ae97388e100\COMCTL32.dll
0x00007ffb90410000 - 0x00007ffb9041a000 	C:\WINDOWS\SYSTEM32\VERSION.dll
0x00007ffb9fc00000 - 0x00007ffb9fc31000 	C:\WINDOWS\System32\IMM32.DLL
0x00007ffb93ef0000 - 0x00007ffb93efc000 	C:\Program Files\Java\jdk-19\bin\vcruntime140_1.dll
0x00007ffb51af0000 - 0x00007ffb51b7e000 	C:\Program Files\Java\jdk-19\bin\msvcp140.dll
0x00007ffb22770000 - 0x00007ffb23430000 	C:\Program Files\Java\jdk-19\bin\server\jvm.dll
0x00007ffb6d560000 - 0x00007ffb6d569000 	C:\WINDOWS\SYSTEM32\WSOCK32.dll
0x00007ffba1960000 - 0x00007ffba19d1000 	C:\WINDOWS\System32\WS2_32.dll
0x00007ffb95e20000 - 0x00007ffb95e54000 	C:\WINDOWS\SYSTEM32\WINMM.dll
0x00007ffb9e200000 - 0x00007ffb9e218000 	C:\WINDOWS\SYSTEM32\kernel.appcore.dll
0x00007ffb8a8d0000 - 0x00007ffb8a8da000 	C:\Program Files\Java\jdk-19\bin\jimage.dll
0x00007ffb9c9c0000 - 0x00007ffb9cbf3000 	C:\WINDOWS\SYSTEM32\DBGHELP.DLL
0x00007ffba1ae0000 - 0x00007ffba1e69000 	C:\WINDOWS\System32\combase.dll
0x00007ffba00a0000 - 0x00007ffba0177000 	C:\WINDOWS\System32\OLEAUT32.dll
0x00007ffb79c00000 - 0x00007ffb79c32000 	C:\WINDOWS\SYSTEM32\dbgcore.DLL
0x00007ffb9f470000 - 0x00007ffb9f4ea000 	C:\WINDOWS\System32\bcryptPrimitives.dll
0x00007ffb73a50000 - 0x00007ffb73a8c000 	C:\Program Files\Java\jdk-19\bin\jdwp.dll
0x00007ffb8a910000 - 0x00007ffb8a936000 	C:\Program Files\Java\jdk-19\bin\java.dll
0x00007ffb5df00000 - 0x00007ffb5dfd7000 	C:\Program Files\Java\jdk-19\bin\jsvml.dll
0x00007ffba0ed0000 - 0x00007ffba172b000 	C:\WINDOWS\System32\SHELL32.dll
0x00007ffb9d0c0000 - 0x00007ffb9d9b6000 	C:\WINDOWS\SYSTEM32\windows.storage.dll
0x00007ffb9cf80000 - 0x00007ffb9d0be000 	C:\WINDOWS\SYSTEM32\wintypes.dll
0x00007ffba19e0000 - 0x00007ffba1ad3000 	C:\WINDOWS\System32\SHCORE.dll
0x00007ffba0e70000 - 0x00007ffba0ece000 	C:\WINDOWS\System32\shlwapi.dll
0x00007ffb9f120000 - 0x00007ffb9f146000 	C:\WINDOWS\SYSTEM32\profapi.dll
0x00007ffb86ce0000 - 0x00007ffb86cf3000 	C:\Program Files\Java\jdk-19\bin\net.dll
0x00007ffb98250000 - 0x00007ffb98387000 	C:\WINDOWS\SYSTEM32\WINHTTP.dll
0x00007ffb9e690000 - 0x00007ffb9e6f9000 	C:\WINDOWS\system32\mswsock.dll
0x00007ffb86c60000 - 0x00007ffb86c76000 	C:\Program Files\Java\jdk-19\bin\nio.dll
0x00007ffb9a290000 - 0x00007ffb9a29b000 	C:\Program Files\Java\jdk-19\bin\dt_shmem.dll
0x00007ffb86290000 - 0x00007ffb862a8000 	C:\Program Files\Java\jdk-19\bin\zip.dll
0x00007ffb29640000 - 0x00007ffb297d1000 	C:\Program Files\Java\jdk-19\bin\awt.dll
0x00007ffb9c050000 - 0x00007ffb9c0e7000 	C:\WINDOWS\SYSTEM32\apphelp.dll
0x00007ffb9c470000 - 0x00007ffb9c49b000 	C:\WINDOWS\system32\DWMAPI.DLL
0x00007ffb9c1c0000 - 0x00007ffb9c26b000 	C:\WINDOWS\system32\uxtheme.dll
0x00007ffb28c50000 - 0x00007ffb28d50000 	C:\WINDOWS\system32\opengl32.dll
0x00007ffb87d80000 - 0x00007ffb87dad000 	C:\WINDOWS\SYSTEM32\GLU32.dll
0x00007ffb9c300000 - 0x00007ffb9c339000 	C:\WINDOWS\SYSTEM32\dxcore.dll
0x00007ffba0c60000 - 0x00007ffba0db1000 	C:\WINDOWS\System32\MSCTF.dll
0x00007ffba02e0000 - 0x00007ffba0480000 	C:\WINDOWS\System32\ole32.dll
0x00007ffb730c0000 - 0x00007ffb730ee000 	C:\Program Files\Java\jdk-19\bin\javajpeg.dll
0x00007ffb51a60000 - 0x00007ffb51ae6000 	C:\Program Files\Java\jdk-19\bin\freetype.dll
0x00007ffb29570000 - 0x00007ffb29635000 	C:\Program Files\Java\jdk-19\bin\fontmanager.dll
0x00007ffba0dc0000 - 0x00007ffba0e70000 	C:\WINDOWS\System32\clbcatq.dll
0x00007ffb9a580000 - 0x00007ffb9a730000 	C:\WINDOWS\SYSTEM32\WindowsCodecs.dll
0x00007ffb72b50000 - 0x00007ffb72bae000 	C:\WINDOWS\system32\dataexchange.dll
0x00007ffb97670000 - 0x00007ffb978f7000 	C:\WINDOWS\system32\twinapi.appcore.dll
0x00007ffb87840000 - 0x00007ffb8798a000 	C:\WINDOWS\SYSTEM32\textinputframework.dll
0x00007ffb9bd70000 - 0x00007ffb9bea4000 	C:\WINDOWS\SYSTEM32\CoreMessaging.dll
0x00007ffb98f00000 - 0x00007ffb9926c000 	C:\WINDOWS\SYSTEM32\CoreUIComponents.dll
0x00007ffb9e920000 - 0x00007ffb9e92c000 	C:\WINDOWS\SYSTEM32\CRYPTBASE.DLL

dbghelp: loaded successfully - version: 4.0.5 - missing functions: none
symbol engine: initialized successfully - sym options: 0x614 - pdb path: .;C:\Program Files\Java\jdk-19\bin;C:\WINDOWS\SYSTEM32;C:\WINDOWS\WinSxS\amd64_microsoft.windows.common-controls_6595b64144ccf1df_6.0.22621.2506_none_270c5ae97388e100;C:\Program Files\Java\jdk-19\bin\server

VM Arguments:
jvm_args: -Dfile.encoding=UTF-8 -agentlib:jdwp=transport=dt_shmem,address=javadebug --module-path=C:\Users\Lenovo\OneDrive\Documents\NetBeansProjects\Bank management system\build\classes 
java_command: bank.management.system.Login
java_class_path (initial): C:\Users\Lenovo\Downloads\jcalendar-tz-1.3.3-4.jar;C:\Users\Lenovo\Downloads\sql;C:\Users\Lenovo\Downloads\mysql-connector-java-8.0.28.jar;C:\Users\Lenovo\OneDrive\Documents\NetBeansProjects\Bank management system\build\classes
Launcher Type: SUN_STANDARD

[Global flags]
     intx CICompilerCount                          = 4                                         {product} {ergonomic}
     uint ConcGCThreads                            = 2                                         {product} {ergonomic}
     uint G1ConcRefinementThreads                  = 8                                         {product} {ergonomic}
   size_t G1HeapRegionSize                         = 1048576                                   {product} {ergonomic}
    uintx GCDrainStackTargetSize                   = 64                                        {product} {ergonomic}
   size_t InitialHeapSize                          = 130023424                                 {product} {ergonomic}
   size_t MarkStackSize                            = 4194304                                   {product} {ergonomic}
   size_t MaxHeapSize                              = 2076180480                                {product} {ergonomic}
   size_t MaxNewSize                               = 1245708288                                {product} {ergonomic}
   size_t MinHeapDeltaBytes                        = 1048576                                   {product} {ergonomic}
   size_t MinHeapSize                              = 8388608                                   {product} {ergonomic}
    uintx NonNMethodCodeHeapSize                   = 5839372                                {pd product} {ergonomic}
    uintx NonProfiledCodeHeapSize                  = 122909434                              {pd product} {ergonomic}
    uintx ProfiledCodeHeapSize                     = 122909434                              {pd product} {ergonomic}
    uintx ReservedCodeCacheSize                    = 251658240                              {pd product} {ergonomic}
     bool SegmentedCodeCache                       = true                                      {product} {ergonomic}
   size_t SoftMaxHeapSize                          = 2076180480                             {manageable} {ergonomic}
     bool UseCompressedClassPointers               = true                           {product lp64_product} {ergonomic}
     bool UseCompressedOops                        = true                           {product lp64_product} {ergonomic}
     bool UseG1GC                                  = true                                      {product} {ergonomic}
     bool UseLargePagesIndividualAllocation        = false                                  {pd product} {ergonomic}

Logging:
Log output configuration:
 #0: stdout all=warning uptime,level,tags foldmultilines=false
 #1: stderr all=off uptime,level,tags foldmultilines=false

Environment Variables:
PATH=C:\Program Files (x86)\VMware\VMware Player\bin\;C:\Program Files\Common Files\Oracle\Java\javapath;C:\WINDOWS\system32;C:\WINDOWS;C:\WINDOWS\System32\Wbem;C:\WINDOWS\System32\WindowsPowerShell\v1.0\;C:\WINDOWS\System32\OpenSSH\;C:\MinGW\bin;C:\MinGW\bin;C:\Users\Lenovo\Downloads\mingw32\bin;C:\Program Files\MySQL\MySQL Shell 8.0\bin\;C:\Users\Lenovo\AppData\Local\Programs\Python\Python311\Scripts\;C:\Users\Lenovo\AppData\Local\Programs\Python\Python311\;C:\Users\Lenovo\AppData\Local\Microsoft\WindowsApps;C:\Program Files\JetBrains\IntelliJ IDEA Community Edition 2022.2.3\bin;C:\Users\Lenovo\AppData\Local\atom\bin;C:\Users\Lenovo\Downloads\IntelliJ IDEA Community Edition 2022.3\bin;;C:\Users\Lenovo\AppData\Local\Microsoft\WindowsApps;C:\Users\Lenovo\AppData\Local\Programs\Microsoft VS Code\bin;C:\Program Files\JetBrains\PyCharm 2023.1.4\bin;;C:\Program Files\JetBrains\PyCharm Community Edition 2023.1.4\bin;;
USERNAME=Lenovo
OS=Windows_NT
PROCESSOR_IDENTIFIER=Intel64 Family 6 Model 154 Stepping 4, GenuineIntel
TMP=C:\Users\Lenovo\AppData\Local\Temp
TEMP=C:\Users\Lenovo\AppData\Local\Temp



---------------  S Y S T E M  ---------------

OS:
 Windows 11 , 64 bit Build 22621 (10.0.22621.3085)
OS uptime: 1 days 22:06 hours
Hyper-V role detected

CPU: total 8 (initial active 8) (4 cores per cpu, 2 threads per core) family 6 model 154 stepping 4 microcode 0x41f, cx8, cmov, fxsr, ht, mmx, 3dnowpref, sse, sse2, sse3, ssse3, sse4.1, sse4.2, popcnt, lzcnt, tsc, tscinvbit, avx, avx2, aes, erms, clmul, bmi1, bmi2, adx, sha, fma, vzeroupper, clflush, clflushopt, clwb, hv, serialize, rdtscp, rdpid, fsrm

Memory: 4k page, system-wide physical 7916M (205M free)
TotalPageFile size 32492M (AvailPageFile size 5M)
current process WorkingSet (physical memory assigned to process): 82M, peak: 82M
current process commit charge ("private bytes"): 227M, peak: 229M

vm_info: Java HotSpot(TM) 64-Bit Server VM (19.0.1+10-21) for windows-amd64 JRE (19.0.1+10-21), built on 2022-09-14T12:45:06Z by "mach5one" with MS VC++ 17.1 (VS2022)

END.
