#
# There is insufficient memory for the Java Runtime Environment to continue.
# Native memory allocation (malloc) failed to allocate 1048576 bytes for AllocateHeap
# Possible reasons:
#   The system is out of physical RAM or swap space
#   The process is running with CompressedOops enabled, and the Java Heap may be blocking the growth of the native heap
# Possible solutions:
#   Reduce memory load on the system
#   Increase physical memory or swap space
#   Check if swap backing store is full
#   Decrease Java heap size (-Xmx/-Xms)
#   Decrease number of Java threads
#   Decrease Java thread stack sizes (-Xss)
#   Set larger code cache with -XX:ReservedCodeCacheSize=
#   JVM is running with Unscaled Compressed Oops mode in which the Java heap is
#     placed in the first 4GB address space. The Java Heap base address is the
#     maximum limit for the native heap growth. Please use -XX:HeapBaseMinAddress
#     to set the Java Heap base and to place the Java Heap above 4GB virtual address.
# This output file may be truncated or incomplete.
#
#  Out of Memory Error (allocation.cpp:44), pid=17848, tid=26720
#
# JRE version:  (19.0.1+10) (build )
# Java VM: Java HotSpot(TM) 64-Bit Server VM (19.0.1+10-21, mixed mode, sharing, tiered, compressed oops, compressed class ptrs, g1 gc, windows-amd64)
# No core dump will be written. Minidumps are not enabled by default on client versions of Windows
#

---------------  S U M M A R Y ------------

Command Line: -Dfile.encoding=UTF-8 -agentlib:jdwp=transport=dt_shmem,address=javadebug3978 --module-path=C:\Users\Lenovo\OneDrive\Documents\NetBeansProjects\Bank management system\build\classes bank.management.system.Deposit

Host: 12th Gen Intel(R) Core(TM) i3-1215U, 8 cores, 7G,  Windows 11 , 64 bit Build 22621 (10.0.22621.3085)
Time: Wed Feb 28 01:03:23 2024 India Standard Time elapsed time: 0.014196 seconds (0d 0h 0m 0s)

---------------  T H R E A D  ---------------

Current thread (0x000001ba1abccf50):  JavaThread "Unknown thread" [_thread_in_vm, id=26720, stack(0x00000005c9f00000,0x00000005ca000000)]

Stack: [0x00000005c9f00000,0x00000005ca000000]
Native frames: (J=compiled Java code, j=interpreted, Vv=VM code, C=native code)
V  [jvm.dll+0x6ee8fa]
V  [jvm.dll+0x857a1e]
V  [jvm.dll+0x85940e]
V  [jvm.dll+0x859ac3]
V  [jvm.dll+0x28291f]
V  [jvm.dll+0xc40eb]
V  [jvm.dll+0x32a2d9]
V  [jvm.dll+0x821aeb]
V  [jvm.dll+0x3c27c1]
V  [jvm.dll+0x8022f1]
V  [jvm.dll+0x44b30f]
V  [jvm.dll+0x44cc91]
C  [jli.dll+0x5287]
C  [ucrtbase.dll+0x29363]
C  [KERNEL32.DLL+0x1257d]
C  [ntdll.dll+0x5aa58]


---------------  P R O C E S S  ---------------

Threads class SMR info:
_java_thread_list=0x00007ffb232ed048, length=0, elements={
}

Java Threads: ( => current thread )

Other Threads:

=>0x000001ba1abccf50 (exited) JavaThread "Unknown thread" [_thread_in_vm, id=26720, stack(0x00000005c9f00000,0x00000005ca000000)]

Threads with active compile tasks:

VM state: not at safepoint (not fully initialized)

VM Mutex/Monitor currently owned by a thread: None

Heap address: 0x0000000000000000, size: 0 MB, Compressed Oops mode: 32-bit

CDS archive(s) mapped at: [0x0000000000000000-0x0000000000000000-0x0000000000000000), size 0, SharedBaseAddress: 0x0000000800000000, ArchiveRelocationMode: 0.
Narrow klass base: 0x0000000000000000, Narrow klass shift: 0, Narrow klass range: 0x0

GC Precious Log:
 CardTable entry size: 512
 Card Set container configuration: InlinePtr #cards 5 size 8 Array Of Cards #cards 12 size 40 Howl #buckets 4 coarsen threshold 1843 Howl Bitmap #cards 512 size 80 coarsen threshold 460 Card regions per heap region 1 cards per card region 2048

GC Heap History (0 events):
No events

Dll operation events (1 events):
Event: 0.010 Loaded shared library C:\Program Files\Java\jdk-19\bin\java.dll

Deoptimization events (0 events):
No events

Classes loaded (0 events):
No events

Classes unloaded (0 events):
No events

Classes redefined (0 events):
No events

Internal exceptions (0 events):
No events

VM Operations (0 events):
No events

Events (0 events):
No events


Dynamic libraries:
0x00007ff64a040000 - 0x00007ff64a050000 	C:\Program Files\Java\jdk-19\bin\java.exe
0x00007ffba1eb0000 - 0x00007ffba20c7000 	C:\WINDOWS\SYSTEM32\ntdll.dll
0x00007ffba0690000 - 0x00007ffba0754000 	C:\WINDOWS\System32\KERNEL32.DLL
0x00007ffb9f520000 - 0x00007ffb9f8c6000 	C:\WINDOWS\System32\KERNELBASE.dll
0x00007ffb9f8d0000 - 0x00007ffb9f9e1000 	C:\WINDOWS\System32\ucrtbase.dll
0x00007ffb87d60000 - 0x00007ffb87d78000 	C:\Program Files\Java\jdk-19\bin\jli.dll
0x00007ffb9ffe0000 - 0x00007ffba0093000 	C:\WINDOWS\System32\ADVAPI32.dll
0x00007ffba1750000 - 0x00007ffba17f7000 	C:\WINDOWS\System32\msvcrt.dll
0x00007ffb95e80000 - 0x00007ffb95e9b000 	C:\Program Files\Java\jdk-19\bin\VCRUNTIME140.dll
0x00007ffba1820000 - 0x00007ffba18c8000 	C:\WINDOWS\System32\sechost.dll
0x00007ffb9fa60000 - 0x00007ffb9fa88000 	C:\WINDOWS\System32\bcrypt.dll
0x00007ffb9fe60000 - 0x00007ffb9ff77000 	C:\WINDOWS\System32\RPCRT4.dll
0x00007ffb9fc50000 - 0x00007ffb9fdfe000 	C:\WINDOWS\System32\USER32.dll
0x00007ffb9f4f0000 - 0x00007ffb9f516000 	C:\WINDOWS\System32\win32u.dll
0x00007ffba0180000 - 0x00007ffba01a9000 	C:\WINDOWS\System32\GDI32.dll
0x00007ffb9f1f0000 - 0x00007ffb9f308000 	C:\WINDOWS\System32\gdi32full.dll
0x00007ffb79ce0000 - 0x00007ffb79f73000 	C:\WINDOWS\WinSxS\amd64_microsoft.windows.common-controls_6595b64144ccf1df_6.0.22621.2506_none_270c5ae97388e100\COMCTL32.dll
0x00007ffb9f3d0000 - 0x00007ffb9f46a000 	C:\WINDOWS\System32\msvcp_win.dll
0x00007ffb90410000 - 0x00007ffb9041a000 	C:\WINDOWS\SYSTEM32\VERSION.dll
0x00007ffb9fc00000 - 0x00007ffb9fc31000 	C:\WINDOWS\System32\IMM32.DLL
0x00007ffb93ef0000 - 0x00007ffb93efc000 	C:\Program Files\Java\jdk-19\bin\vcruntime140_1.dll
0x00007ffb51af0000 - 0x00007ffb51b7e000 	C:\Program Files\Java\jdk-19\bin\msvcp140.dll
0x00007ffb22770000 - 0x00007ffb23430000 	C:\Program Files\Java\jdk-19\bin\server\jvm.dll
0x00007ffb6d560000 - 0x00007ffb6d569000 	C:\WINDOWS\SYSTEM32\WSOCK32.dll
0x00007ffba1960000 - 0x00007ffba19d1000 	C:\WINDOWS\System32\WS2_32.dll
0x00007ffb95e20000 - 0x00007ffb95e54000 	C:\WINDOWS\SYSTEM32\WINMM.dll
0x00007ffb9e200000 - 0x00007ffb9e218000 	C:\WINDOWS\SYSTEM32\kernel.appcore.dll
0x00007ffb8a8d0000 - 0x00007ffb8a8da000 	C:\Program Files\Java\jdk-19\bin\jimage.dll
0x00007ffb9c9c0000 - 0x00007ffb9cbf3000 	C:\WINDOWS\SYSTEM32\DBGHELP.DLL
0x00007ffba1ae0000 - 0x00007ffba1e69000 	C:\WINDOWS\System32\combase.dll
0x00007ffba00a0000 - 0x00007ffba0177000 	C:\WINDOWS\System32\OLEAUT32.dll
0x00007ffb79c00000 - 0x00007ffb79c32000 	C:\WINDOWS\SYSTEM32\dbgcore.DLL
0x00007ffb9f470000 - 0x00007ffb9f4ea000 	C:\WINDOWS\System32\bcryptPrimitives.dll
0x00007ffb73a50000 - 0x00007ffb73a8c000 	C:\Program Files\Java\jdk-19\bin\jdwp.dll
0x00007ffb8a910000 - 0x00007ffb8a936000 	C:\Program Files\Java\jdk-19\bin\java.dll

dbghelp: loaded successfully - version: 4.0.5 - missing functions: none
symbol engine: initialized successfully - sym options: 0x614 - pdb path: .;C:\Program Files\Java\jdk-19\bin;C:\WINDOWS\SYSTEM32;C:\WINDOWS\WinSxS\amd64_microsoft.windows.common-controls_6595b64144ccf1df_6.0.22621.2506_none_270c5ae97388e100;C:\Program Files\Java\jdk-19\bin\server

VM Arguments:
jvm_args: -Dfile.encoding=UTF-8 -agentlib:jdwp=transport=dt_shmem,address=javadebug3978 --module-path=C:\Users\Lenovo\OneDrive\Documents\NetBeansProjects\Bank management system\build\classes 
java_command: bank.management.system.Deposit
java_class_path (initial): C:\Users\Lenovo\Downloads\jcalendar-tz-1.3.3-4.jar;C:\Users\Lenovo\Downloads\sql;C:\Users\Lenovo\Downloads\mysql-connector-java-8.0.28.jar;C:\Users\Lenovo\OneDrive\Documents\NetBeansProjects\Bank management system\build\classes
Launcher Type: SUN_STANDARD

[Global flags]
     intx CICompilerCount                          = 4                                         {product} {ergonomic}
     uint ConcGCThreads                            = 2                                         {product} {ergonomic}
     uint G1ConcRefinementThreads                  = 8                                         {product} {ergonomic}
   size_t G1HeapRegionSize                         = 1048576                                   {product} {ergonomic}
    uintx GCDrainStackTargetSize                   = 64                                        {product} {ergonomic}
   size_t InitialHeapSize                          = 130023424                                 {product} {ergonomic}
   size_t MarkStackSize                            = 4194304                                   {product} {ergonomic}
   size_t MaxHeapSize                              = 2076180480                                {product} {ergonomic}
   size_t MinHeapDeltaBytes                        = 1048576                                   {product} {ergonomic}
   size_t MinHeapSize                              = 8388608                                   {product} {ergonomic}
    uintx NonNMethodCodeHeapSize                   = 5839372                                {pd product} {ergonomic}
    uintx NonProfiledCodeHeapSize                  = 122909434                              {pd product} {ergonomic}
    uintx ProfiledCodeHeapSize                     = 122909434                              {pd product} {ergonomic}
    uintx ReservedCodeCacheSize                    = 251658240                              {pd product} {ergonomic}
     bool SegmentedCodeCache                       = true                                      {product} {ergonomic}
   size_t SoftMaxHeapSize                          = 2076180480                             {manageable} {ergonomic}
     bool UseCompressedClassPointers               = true                           {product lp64_product} {ergonomic}
     bool UseCompressedOops                        = true                           {product lp64_product} {ergonomic}
     bool UseG1GC                                  = true                                      {product} {ergonomic}
     bool UseLargePagesIndividualAllocation        = false                                  {pd product} {ergonomic}

Logging:
Log output configuration:
 #0: stdout all=warning uptime,level,tags foldmultilines=false
 #1: stderr all=off uptime,level,tags foldmultilines=false

Environment Variables:
PATH=C:\Program Files (x86)\VMware\VMware Player\bin\;C:\Program Files\Common Files\Oracle\Java\javapath;C:\WINDOWS\system32;C:\WINDOWS;C:\WINDOWS\System32\Wbem;C:\WINDOWS\System32\WindowsPowerShell\v1.0\;C:\WINDOWS\System32\OpenSSH\;C:\MinGW\bin;C:\MinGW\bin;C:\Users\Lenovo\Downloads\mingw32\bin;C:\Program Files\MySQL\MySQL Shell 8.0\bin\;C:\Users\Lenovo\AppData\Local\Programs\Python\Python311\Scripts\;C:\Users\Lenovo\AppData\Local\Programs\Python\Python311\;C:\Users\Lenovo\AppData\Local\Microsoft\WindowsApps;C:\Program Files\JetBrains\IntelliJ IDEA Community Edition 2022.2.3\bin;C:\Users\Lenovo\AppData\Local\atom\bin;C:\Users\Lenovo\Downloads\IntelliJ IDEA Community Edition 2022.3\bin;;C:\Users\Lenovo\AppData\Local\Microsoft\WindowsApps;C:\Users\Lenovo\AppData\Local\Programs\Microsoft VS Code\bin;C:\Program Files\JetBrains\PyCharm 2023.1.4\bin;;C:\Program Files\JetBrains\PyCharm Community Edition 2023.1.4\bin;;
USERNAME=Lenovo
OS=Windows_NT
PROCESSOR_IDENTIFIER=Intel64 Family 6 Model 154 Stepping 4, GenuineIntel
TMP=C:\Users\Lenovo\AppData\Local\Temp
TEMP=C:\Users\Lenovo\AppData\Local\Temp



---------------  S Y S T E M  ---------------

OS:
 Windows 11 , 64 bit Build 22621 (10.0.22621.3085)
OS uptime: 1 days 14:06 hours
Hyper-V role detected

CPU: total 8 (initial active 8) (4 cores per cpu, 2 threads per core) family 6 model 154 stepping 4 microcode 0x41f, cx8, cmov, fxsr, ht, mmx, 3dnowpref, sse, sse2, sse3, ssse3, sse4.1, sse4.2, popcnt, lzcnt, tsc, tscinvbit, avx, avx2, aes, erms, clmul, bmi1, bmi2, adx, sha, fma, vzeroupper, clflush, clflushopt, clwb, hv, serialize, rdtscp, rdpid, fsrm

Memory: 4k page, system-wide physical 7916M (379M free)
TotalPageFile size 32492M (AvailPageFile size 0M)
current process WorkingSet (physical memory assigned to process): 11M, peak: 11M
current process commit charge ("private bytes"): 15M, peak: 16M

vm_info: Java HotSpot(TM) 64-Bit Server VM (19.0.1+10-21) for windows-amd64 JRE (19.0.1+10-21), built on 2022-09-14T12:45:06Z by "mach5one" with MS VC++ 17.1 (VS2022)

END.
